# JRE version: Java(TM) SE Runtime Environment (8.0_05-b13) (build 1.8.0_05-b13)
# Java VM: Java HotSpot(TM) 64-Bit Server VM (25.5-b02 mixed mode windows-amd64 compressed oops)
Heap:
 PSYoungGen      total 198656K, used 70239K [0x00000000f0000000, 0x0000000100000000, 0x0000000100000000)
  eden space 145408K, 16% used [0x00000000f0000000,0x00000000f1731520,0x00000000f8e00000)
  from space 53248K, 87% used [0x00000000fcc00000,0x00000000ff966a28,0x0000000100000000)
  to   space 58368K, 0% used [0x00000000f8e00000,0x00000000f8e00000,0x00000000fc700000)
 ParOldGen       total 91648K, used 85245K [0x00000000d0000000, 0x00000000d5980000, 0x00000000f0000000)
  object space 91648K, 93% used [0x00000000d0000000,0x00000000d533f5a8,0x00000000d5980000)
 Metaspace       used 69936K, capacity 72004K, committed 72292K, reserved 1114112K
  class space    used 7440K, capacity 7971K, committed 8036K, reserved 1048576K
GC Heap History (10 events):
Event: 23.242 GC heap before
{Heap before GC invocations=66 (full 6):
 PSYoungGen      total 222208K, used 221893K [0x00000000f0000000, 0x0000000100000000, 0x0000000100000000)
  eden space 192512K, 100% used [0x00000000f0000000,0x00000000fbc00000,0x00000000fbc00000)
  from space 29696K, 98% used [0x00000000fbc00000,0x00000000fd8b14a8,0x00000000fd900000)
  to   space 37888K, 0% used [0x00000000fdb00000,0x00000000fdb00000,0x0000000100000000)
 ParOldGen       total 91648K, used 76213K [0x00000000d0000000, 0x00000000d5980000, 0x00000000f0000000)
  object space 91648K, 83% used [0x00000000d0000000,0x00000000d4a6d568,0x00000000d5980000)
 Metaspace       used 65181K, capacity 67064K, committed 67300K, reserved 1110016K
  class space    used 6819K, capacity 7348K, committed 7396K, reserved 1048576K
Event: 23.274 GC heap after
Heap after GC invocations=66 (full 6):
 PSYoungGen      total 217088K, used 33278K [0x00000000f0000000, 0x0000000100000000, 0x0000000100000000)
  eden space 179200K, 0% used [0x00000000f0000000,0x00000000f0000000,0x00000000faf00000)
  from space 37888K, 87% used [0x00000000fdb00000,0x00000000ffb7fae0,0x0000000100000000)
  to   space 41472K, 0% used [0x00000000faf00000,0x00000000faf00000,0x00000000fd780000)
 ParOldGen       total 91648K, used 78029K [0x00000000d0000000, 0x00000000d5980000, 0x00000000f0000000)
  object space 91648K, 85% used [0x00000000d0000000,0x00000000d4c33568,0x00000000d5980000)
 Metaspace       used 65181K, capacity 67064K, committed 67300K, reserved 1110016K
  class space    used 6819K, capacity 7348K, committed 7396K, reserved 1048576K
}
Event: 23.858 GC heap before
{Heap before GC invocations=67 (full 6):
 PSYoungGen      total 217088K, used 212478K [0x00000000f0000000, 0x0000000100000000, 0x0000000100000000)
  eden space 179200K, 100% used [0x00000000f0000000,0x00000000faf00000,0x00000000faf00000)
  from space 37888K, 87% used [0x00000000fdb00000,0x00000000ffb7fae0,0x0000000100000000)
  to   space 41472K, 0% used [0x00000000faf00000,0x00000000faf00000,0x00000000fd780000)
 ParOldGen       total 91648K, used 78029K [0x00000000d0000000, 0x00000000d5980000, 0x00000000f0000000)
  object space 91648K, 85% used [0x00000000d0000000,0x00000000d4c33568,0x00000000d5980000)
 Metaspace       used 66078K, capacity 67966K, committed 68196K, reserved 1110016K
  class space    used 6944K, capacity 7477K, committed 7524K, reserved 1048576K
Event: 23.905 GC heap after
Heap after GC invocations=67 (full 6):
 PSYoungGen      total 212480K, used 32781K [0x00000000f0000000, 0x0000000100000000, 0x0000000100000000)
  eden space 179200K, 0% used [0x00000000f0000000,0x00000000f0000000,0x00000000faf00000)
  from space 33280K, 98% used [0x00000000faf00000,0x00000000fcf03490,0x00000000fcf80000)
  to   space 44032K, 0% used [0x00000000fd500000,0x00000000fd500000,0x0000000100000000)
 ParOldGen       total 91648K, used 80109K [0x00000000d0000000, 0x00000000d5980000, 0x00000000f0000000)
  object space 91648K, 87% used [0x00000000d0000000,0x00000000d4e3b568,0x00000000d5980000)
 Metaspace       used 66078K, capacity 67966K, committed 68196K, reserved 1110016K
  class space    used 6944K, capacity 7477K, committed 7524K, reserved 1048576K
}
Event: 25.241 GC heap before
{Heap before GC invocations=68 (full 6):
 PSYoungGen      total 212480K, used 210709K [0x00000000f0000000, 0x0000000100000000, 0x0000000100000000)
  eden space 179200K, 99% used [0x00000000f0000000,0x00000000fadc1fd8,0x00000000faf00000)
  from space 33280K, 98% used [0x00000000faf00000,0x00000000fcf03490,0x00000000fcf80000)
  to   space 44032K, 0% used [0x00000000fd500000,0x00000000fd500000,0x0000000100000000)
 ParOldGen       total 91648K, used 80109K [0x00000000d0000000, 0x00000000d5980000, 0x00000000f0000000)
  object space 91648K, 87% used [0x00000000d0000000,0x00000000d4e3b568,0x00000000d5980000)
 Metaspace       used 68226K, capacity 70116K, committed 70500K, reserved 1112064K
  class space    used 7186K, capacity 7702K, committed 7780K, reserved 1048576K
Event: 25.280 GC heap after
Heap after GC invocations=68 (full 6):
 PSYoungGen      total 207872K, used 41261K [0x00000000f0000000, 0x0000000100000000, 0x0000000100000000)
  eden space 163840K, 0% used [0x00000000f0000000,0x00000000f0000000,0x00000000fa000000)
  from space 44032K, 93% used [0x00000000fd500000,0x00000000ffd4b440,0x0000000100000000)
  to   space 49152K, 0% used [0x00000000fa000000,0x00000000fa000000,0x00000000fd000000)
 ParOldGen       total 91648K, used 82645K [0x00000000d0000000, 0x00000000d5980000, 0x00000000f0000000)
  object space 91648K, 90% used [0x00000000d0000000,0x00000000d50b5568,0x00000000d5980000)
 Metaspace       used 68226K, capacity 70116K, committed 70500K, reserved 1112064K
  class space    used 7186K, capacity 7702K, committed 7780K, reserved 1048576K
}
Event: 25.751 GC heap before
{Heap before GC invocations=69 (full 6):
 PSYoungGen      total 207872K, used 205101K [0x00000000f0000000, 0x0000000100000000, 0x0000000100000000)
  eden space 163840K, 100% used [0x00000000f0000000,0x00000000fa000000,0x00000000fa000000)
  from space 44032K, 93% used [0x00000000fd500000,0x00000000ffd4b440,0x0000000100000000)
  to   space 49152K, 0% used [0x00000000fa000000,0x00000000fa000000,0x00000000fd000000)
 ParOldGen       total 91648K, used 82645K [0x00000000d0000000, 0x00000000d5980000, 0x00000000f0000000)
  object space 91648K, 90% used [0x00000000d0000000,0x00000000d50b5568,0x00000000d5980000)
 Metaspace       used 68813K, capacity 70664K, committed 71012K, reserved 1112064K
  class space    used 7261K, capacity 7772K, committed 7780K, reserved 1048576K
Event: 25.793 GC heap after
Heap after GC invocations=69 (full 6):
 PSYoungGen      total 205312K, used 41294K [0x00000000f0000000, 0x0000000100000000, 0x0000000100000000)
  eden space 163840K, 0% used [0x00000000f0000000,0x00000000f0000000,0x00000000fa000000)
  from space 41472K, 99% used [0x00000000fa000000,0x00000000fc853918,0x00000000fc880000)
  to   space 53248K, 0% used [0x00000000fcc00000,0x00000000fcc00000,0x0000000100000000)
 ParOldGen       total 91648K, used 84373K [0x00000000d0000000, 0x00000000d5980000, 0x00000000f0000000)
  object space 91648K, 92% used [0x00000000d0000000,0x00000000d52655a8,0x00000000d5980000)
 Metaspace       used 68813K, capacity 70664K, committed 71012K, reserved 1112064K
  class space    used 7261K, capacity 7772K, committed 7780K, reserved 1048576K
}
Event: 26.421 GC heap before
{Heap before GC invocations=70 (full 6):
 PSYoungGen      total 205312K, used 205134K [0x00000000f0000000, 0x0000000100000000, 0x0000000100000000)
  eden space 163840K, 100% used [0x00000000f0000000,0x00000000fa000000,0x00000000fa000000)
  from space 41472K, 99% used [0x00000000fa000000,0x00000000fc853918,0x00000000fc880000)
  to   space 53248K, 0% used [0x00000000fcc00000,0x00000000fcc00000,0x0000000100000000)
 ParOldGen       total 91648K, used 84373K [0x00000000d0000000, 0x00000000d5980000, 0x00000000f0000000)
  object space 91648K, 92% used [0x00000000d0000000,0x00000000d52655a8,0x00000000d5980000)
 Metaspace       used 69739K, capacity 71804K, committed 72036K, reserved 1114112K
  class space    used 7420K, capacity 7967K, committed 8036K, reserved 1048576K
Event: 26.483 GC heap after
Heap after GC invocations=70 (full 6):
 PSYoungGen      total 198656K, used 46490K [0x00000000f0000000, 0x0000000100000000, 0x0000000100000000)
  eden space 145408K, 0% used [0x00000000f0000000,0x00000000f0000000,0x00000000f8e00000)
  from space 53248K, 87% used [0x00000000fcc00000,0x00000000ff966a28,0x0000000100000000)
  to   space 58368K, 0% used [0x00000000f8e00000,0x00000000f8e00000,0x00000000fc700000)
 ParOldGen       total 91648K, used 85245K [0x00000000d0000000, 0x00000000d5980000, 0x00000000f0000000)
  object space 91648K, 93% used [0x00000000d0000000,0x00000000d533f5a8,0x00000000d5980000)
 Metaspace       used 69739K, capacity 71804K, committed 72036K, reserved 1114112K
  class space    used 7420K, capacity 7967K, committed 8036K, reserved 1048576K
}

