# JRE version: Java(TM) SE Runtime Environment (8.0_05-b13) (build 1.8.0_05-b13)
# Java VM: Java HotSpot(TM) 64-Bit Server VM (25.5-b02 mixed mode windows-amd64 compressed oops)
Heap:
 PSYoungGen      total 195072K, used 63266K [0x00000000f0000000, 0x0000000100000000, 0x0000000100000000)
  eden space 151552K, 13% used [0x00000000f0000000,0x00000000f136f680,0x00000000f9400000)
  from space 43520K, 99% used [0x00000000f9400000,0x00000000fbe59350,0x00000000fbe80000)
  to   space 58880K, 0% used [0x00000000fc680000,0x00000000fc680000,0x0000000100000000)
 ParOldGen       total 101888K, used 89919K [0x00000000d0000000, 0x00000000d6380000, 0x00000000f0000000)
  object space 101888K, 88% used [0x00000000d0000000,0x00000000d57cfe70,0x00000000d6380000)
 Metaspace       used 70564K, capacity 72738K, committed 72832K, reserved 1114112K
  class space    used 7487K, capacity 8046K, committed 8064K, reserved 1048576K
GC Heap History (10 events):
Event: 23.946 GC heap before
{Heap before GC invocations=60 (full 4):
 PSYoungGen      total 221184K, used 220778K [0x00000000f0000000, 0x0000000100000000, 0x0000000100000000)
  eden space 184320K, 100% used [0x00000000f0000000,0x00000000fb400000,0x00000000fb400000)
  from space 36864K, 98% used [0x00000000fb400000,0x00000000fd79a978,0x00000000fd800000)
  to   space 40960K, 0% used [0x00000000fd800000,0x00000000fd800000,0x0000000100000000)
 ParOldGen       total 88576K, used 77268K [0x00000000d0000000, 0x00000000d5680000, 0x00000000f0000000)
  object space 88576K, 87% used [0x00000000d0000000,0x00000000d4b75138,0x00000000d5680000)
 Metaspace       used 66568K, capacity 68386K, committed 68736K, reserved 1110016K
  class space    used 6960K, capacity 7452K, committed 7552K, reserved 1048576K
Event: 23.997 GC heap after
Heap after GC invocations=60 (full 4):
 PSYoungGen      total 210944K, used 35975K [0x00000000f0000000, 0x0000000100000000, 0x0000000100000000)
  eden space 169984K, 0% used [0x00000000f0000000,0x00000000f0000000,0x00000000fa600000)
  from space 40960K, 87% used [0x00000000fd800000,0x00000000ffb21ff0,0x0000000100000000)
  to   space 46080K, 0% used [0x00000000fa600000,0x00000000fa600000,0x00000000fd300000)
 ParOldGen       total 88576K, used 79523K [0x00000000d0000000, 0x00000000d5680000, 0x00000000f0000000)
  object space 88576K, 89% used [0x00000000d0000000,0x00000000d4da8f98,0x00000000d5680000)
 Metaspace       used 66568K, capacity 68386K, committed 68736K, reserved 1110016K
  class space    used 6960K, capacity 7452K, committed 7552K, reserved 1048576K
}
Event: 25.071 GC heap before
{Heap before GC invocations=61 (full 4):
 PSYoungGen      total 210944K, used 205959K [0x00000000f0000000, 0x0000000100000000, 0x0000000100000000)
  eden space 169984K, 100% used [0x00000000f0000000,0x00000000fa600000,0x00000000fa600000)
  from space 40960K, 87% used [0x00000000fd800000,0x00000000ffb21ff0,0x0000000100000000)
  to   space 46080K, 0% used [0x00000000fa600000,0x00000000fa600000,0x00000000fd300000)
 ParOldGen       total 88576K, used 79523K [0x00000000d0000000, 0x00000000d5680000, 0x00000000f0000000)
  object space 88576K, 89% used [0x00000000d0000000,0x00000000d4da8f98,0x00000000d5680000)
 Metaspace       used 68721K, capacity 70568K, committed 71040K, reserved 1112064K
  class space    used 7216K, capacity 7709K, committed 7808K, reserved 1048576K
Event: 25.124 GC heap after
Heap after GC invocations=61 (full 4):
 PSYoungGen      total 215552K, used 45096K [0x00000000f0000000, 0x0000000100000000, 0x0000000100000000)
  eden space 169984K, 0% used [0x00000000f0000000,0x00000000f0000000,0x00000000fa600000)
  from space 45568K, 98% used [0x00000000fa600000,0x00000000fd20a0d8,0x00000000fd280000)
  to   space 46592K, 0% used [0x00000000fd280000,0x00000000fd280000,0x0000000100000000)
 ParOldGen       total 88576K, used 80907K [0x00000000d0000000, 0x00000000d5680000, 0x00000000f0000000)
  object space 88576K, 91% used [0x00000000d0000000,0x00000000d4f02ce0,0x00000000d5680000)
 Metaspace       used 68721K, capacity 70568K, committed 71040K, reserved 1112064K
  class space    used 7216K, capacity 7709K, committed 7808K, reserved 1048576K
}
Event: 25.656 GC heap before
{Heap before GC invocations=62 (full 4):
 PSYoungGen      total 215552K, used 215080K [0x00000000f0000000, 0x0000000100000000, 0x0000000100000000)
  eden space 169984K, 100% used [0x00000000f0000000,0x00000000fa600000,0x00000000fa600000)
  from space 45568K, 98% used [0x00000000fa600000,0x00000000fd20a0d8,0x00000000fd280000)
  to   space 46592K, 0% used [0x00000000fd280000,0x00000000fd280000,0x0000000100000000)
 ParOldGen       total 88576K, used 80907K [0x00000000d0000000, 0x00000000d5680000, 0x00000000f0000000)
  object space 88576K, 91% used [0x00000000d0000000,0x00000000d4f02ce0,0x00000000d5680000)
 Metaspace       used 69268K, capacity 71156K, committed 71680K, reserved 1114112K
  class space    used 7288K, capacity 7815K, committed 7936K, reserved 1048576K
Event: 25.719 GC heap after
Heap after GC invocations=62 (full 4):
 PSYoungGen      total 198144K, used 42340K [0x00000000f0000000, 0x0000000100000000, 0x0000000100000000)
  eden space 151552K, 0% used [0x00000000f0000000,0x00000000f0000000,0x00000000f9400000)
  from space 46592K, 90% used [0x00000000fd280000,0x00000000ffbd91a0,0x0000000100000000)
  to   space 55296K, 0% used [0x00000000f9400000,0x00000000f9400000,0x00000000fca00000)
 ParOldGen       total 88576K, used 85749K [0x00000000d0000000, 0x00000000d5680000, 0x00000000f0000000)
  object space 88576K, 96% used [0x00000000d0000000,0x00000000d53bd6d0,0x00000000d5680000)
 Metaspace       used 69268K, capacity 71156K, committed 71680K, reserved 1114112K
  class space    used 7288K, capacity 7815K, committed 7936K, reserved 1048576K
}
Event: 25.719 GC heap before
{Heap before GC invocations=63 (full 5):
 PSYoungGen      total 198144K, used 42340K [0x00000000f0000000, 0x0000000100000000, 0x0000000100000000)
  eden space 151552K, 0% used [0x00000000f0000000,0x00000000f0000000,0x00000000f9400000)
  from space 46592K, 90% used [0x00000000fd280000,0x00000000ffbd91a0,0x0000000100000000)
  to   space 55296K, 0% used [0x00000000f9400000,0x00000000f9400000,0x00000000fca00000)
 ParOldGen       total 88576K, used 85749K [0x00000000d0000000, 0x00000000d5680000, 0x00000000f0000000)
  object space 88576K, 96% used [0x00000000d0000000,0x00000000d53bd6d0,0x00000000d5680000)
 Metaspace       used 69268K, capacity 71156K, committed 71680K, reserved 1114112K
  class space    used 7288K, capacity 7815K, committed 7936K, reserved 1048576K
Event: 26.416 GC heap after
Heap after GC invocations=63 (full 5):
 PSYoungGen      total 198144K, used 38862K [0x00000000f0000000, 0x0000000100000000, 0x0000000100000000)
  eden space 151552K, 0% used [0x00000000f0000000,0x00000000f0000000,0x00000000f9400000)
  from space 46592K, 83% used [0x00000000fd280000,0x00000000ff873b08,0x0000000100000000)
  to   space 55296K, 0% used [0x00000000f9400000,0x00000000f9400000,0x00000000fca00000)
 ParOldGen       total 101888K, used 88439K [0x00000000d0000000, 0x00000000d6380000, 0x00000000f0000000)
  object space 101888K, 86% used [0x00000000d0000000,0x00000000d565de70,0x00000000d6380000)
 Metaspace       used 69264K, capacity 71150K, committed 71680K, reserved 1114112K
  class space    used 7287K, capacity 7814K, committed 7936K, reserved 1048576K
}
Event: 27.021 GC heap before
{Heap before GC invocations=64 (full 5):
 PSYoungGen      total 198144K, used 190414K [0x00000000f0000000, 0x0000000100000000, 0x0000000100000000)
  eden space 151552K, 100% used [0x00000000f0000000,0x00000000f9400000,0x00000000f9400000)
  from space 46592K, 83% used [0x00000000fd280000,0x00000000ff873b08,0x0000000100000000)
  to   space 55296K, 0% used [0x00000000f9400000,0x00000000f9400000,0x00000000fca00000)
 ParOldGen       total 101888K, used 88439K [0x00000000d0000000, 0x00000000d6380000, 0x00000000f0000000)
  object space 101888K, 86% used [0x00000000d0000000,0x00000000d565de70,0x00000000d6380000)
 Metaspace       used 70292K, capacity 72282K, committed 72576K, reserved 1114112K
  class space    used 7451K, capacity 7965K, committed 8064K, reserved 1048576K
Event: 27.087 GC heap after
Heap after GC invocations=64 (full 5):
 PSYoungGen      total 195072K, used 43364K [0x00000000f0000000, 0x0000000100000000, 0x0000000100000000)
  eden space 151552K, 0% used [0x00000000f0000000,0x00000000f0000000,0x00000000f9400000)
  from space 43520K, 99% used [0x00000000f9400000,0x00000000fbe59350,0x00000000fbe80000)
  to   space 58880K, 0% used [0x00000000fc680000,0x00000000fc680000,0x0000000100000000)
 ParOldGen       total 101888K, used 89919K [0x00000000d0000000, 0x00000000d6380000, 0x00000000f0000000)
  object space 101888K, 88% used [0x00000000d0000000,0x00000000d57cfe70,0x00000000d6380000)
 Metaspace       used 70292K, capacity 72282K, committed 72576K, reserved 1114112K
  class space    used 7451K, capacity 7965K, committed 8064K, reserved 1048576K
}

