# JRE version: Java(TM) SE Runtime Environment (8.0_05-b13) (build 1.8.0_05-b13)
# Java VM: Java HotSpot(TM) 64-Bit Server VM (25.5-b02 mixed mode windows-amd64 compressed oops)
Heap:
 PSYoungGen      total 211456K, used 105069K [0x00000000f0000000, 0x0000000100000000, 0x0000000100000000)
  eden space 161792K, 43% used [0x00000000f0000000,0x00000000f440f5c0,0x00000000f9e00000)
  from space 49664K, 71% used [0x00000000fcf80000,0x00000000ff20c138,0x0000000100000000)
  to   space 50176K, 0% used [0x00000000f9e00000,0x00000000f9e00000,0x00000000fcf00000)
 ParOldGen       total 107520K, used 92170K [0x00000000d0000000, 0x00000000d6900000, 0x00000000f0000000)
  object space 107520K, 85% used [0x00000000d0000000,0x00000000d5a02a88,0x00000000d6900000)
 Metaspace       used 69935K, capacity 72008K, committed 72248K, reserved 1114112K
  class space    used 7444K, capacity 7993K, committed 8064K, reserved 1048576K
GC Heap History (10 events):
Event: 44.443 GC heap before
{Heap before GC invocations=71 (full 6):
 PSYoungGen      total 214016K, used 198794K [0x00000000f0000000, 0x0000000100000000, 0x0000000100000000)
  eden space 173056K, 96% used [0x00000000f0000000,0x00000000fa35fde8,0x00000000fa900000)
  from space 40960K, 76% used [0x00000000fd800000,0x00000000ff6c2d40,0x0000000100000000)
  to   space 44544K, 0% used [0x00000000fa900000,0x00000000fa900000,0x00000000fd480000)
 ParOldGen       total 91136K, used 77601K [0x00000000d0000000, 0x00000000d5900000, 0x00000000f0000000)
  object space 91136K, 85% used [0x00000000d0000000,0x00000000d4bc8598,0x00000000d5900000)
 Metaspace       used 65913K, capacity 67786K, committed 68152K, reserved 1110016K
  class space    used 6936K, capacity 7443K, committed 7552K, reserved 1048576K
Event: 44.479 GC heap after
Heap after GC invocations=71 (full 6):
 PSYoungGen      total 206336K, used 33243K [0x00000000f0000000, 0x0000000100000000, 0x0000000100000000)
  eden space 173056K, 0% used [0x00000000f0000000,0x00000000f0000000,0x00000000fa900000)
  from space 33280K, 99% used [0x00000000fa900000,0x00000000fc976fc0,0x00000000fc980000)
  to   space 45568K, 0% used [0x00000000fd380000,0x00000000fd380000,0x0000000100000000)
 ParOldGen       total 91136K, used 79169K [0x00000000d0000000, 0x00000000d5900000, 0x00000000f0000000)
  object space 91136K, 86% used [0x00000000d0000000,0x00000000d4d50598,0x00000000d5900000)
 Metaspace       used 65913K, capacity 67786K, committed 68152K, reserved 1110016K
  class space    used 6936K, capacity 7443K, committed 7552K, reserved 1048576K
}
Event: 45.712 GC heap before
{Heap before GC invocations=72 (full 6):
 PSYoungGen      total 206336K, used 206299K [0x00000000f0000000, 0x0000000100000000, 0x0000000100000000)
  eden space 173056K, 100% used [0x00000000f0000000,0x00000000fa900000,0x00000000fa900000)
  from space 33280K, 99% used [0x00000000fa900000,0x00000000fc976fc0,0x00000000fc980000)
  to   space 45568K, 0% used [0x00000000fd380000,0x00000000fd380000,0x0000000100000000)
 ParOldGen       total 91136K, used 79169K [0x00000000d0000000, 0x00000000d5900000, 0x00000000f0000000)
  object space 91136K, 86% used [0x00000000d0000000,0x00000000d4d50598,0x00000000d5900000)
 Metaspace       used 67034K, capacity 68880K, committed 69176K, reserved 1112064K
  class space    used 7009K, capacity 7508K, committed 7552K, reserved 1048576K
Event: 45.748 GC heap after
Heap after GC invocations=72 (full 6):
 PSYoungGen      total 212480K, used 37043K [0x00000000f0000000, 0x0000000100000000, 0x0000000100000000)
  eden space 166912K, 0% used [0x00000000f0000000,0x00000000f0000000,0x00000000fa300000)
  from space 45568K, 81% used [0x00000000fd380000,0x00000000ff7acc98,0x0000000100000000)
  to   space 47616K, 0% used [0x00000000fa300000,0x00000000fa300000,0x00000000fd180000)
 ParOldGen       total 91136K, used 80863K [0x00000000d0000000, 0x00000000d5900000, 0x00000000f0000000)
  object space 91136K, 88% used [0x00000000d0000000,0x00000000d4ef7ec8,0x00000000d5900000)
 Metaspace       used 67034K, capacity 68880K, committed 69176K, reserved 1112064K
  class space    used 7009K, capacity 7508K, committed 7552K, reserved 1048576K
}
Event: 46.597 GC heap before
{Heap before GC invocations=73 (full 6):
 PSYoungGen      total 212480K, used 195099K [0x00000000f0000000, 0x0000000100000000, 0x0000000100000000)
  eden space 166912K, 94% used [0x00000000f0000000,0x00000000f9a5a250,0x00000000fa300000)
  from space 45568K, 81% used [0x00000000fd380000,0x00000000ff7acc98,0x0000000100000000)
  to   space 47616K, 0% used [0x00000000fa300000,0x00000000fa300000,0x00000000fd180000)
 ParOldGen       total 91136K, used 80863K [0x00000000d0000000, 0x00000000d5900000, 0x00000000f0000000)
  object space 91136K, 88% used [0x00000000d0000000,0x00000000d4ef7ec8,0x00000000d5900000)
 Metaspace       used 68561K, capacity 70486K, committed 70712K, reserved 1112064K
  class space    used 7242K, capacity 7765K, committed 7808K, reserved 1048576K
Event: 46.627 GC heap after
Heap after GC invocations=73 (full 6):
 PSYoungGen      total 203776K, used 36828K [0x00000000f0000000, 0x0000000100000000, 0x0000000100000000)
  eden space 166912K, 0% used [0x00000000f0000000,0x00000000f0000000,0x00000000fa300000)
  from space 36864K, 99% used [0x00000000fa300000,0x00000000fc6f7158,0x00000000fc700000)
  to   space 49664K, 0% used [0x00000000fcf80000,0x00000000fcf80000,0x0000000100000000)
 ParOldGen       total 91136K, used 86833K [0x00000000d0000000, 0x00000000d5900000, 0x00000000f0000000)
  object space 91136K, 95% used [0x00000000d0000000,0x00000000d54cc418,0x00000000d5900000)
 Metaspace       used 68561K, capacity 70486K, committed 70712K, reserved 1112064K
  class space    used 7242K, capacity 7765K, committed 7808K, reserved 1048576K
}
Event: 46.627 GC heap before
{Heap before GC invocations=74 (full 7):
 PSYoungGen      total 203776K, used 36828K [0x00000000f0000000, 0x0000000100000000, 0x0000000100000000)
  eden space 166912K, 0% used [0x00000000f0000000,0x00000000f0000000,0x00000000fa300000)
  from space 36864K, 99% used [0x00000000fa300000,0x00000000fc6f7158,0x00000000fc700000)
  to   space 49664K, 0% used [0x00000000fcf80000,0x00000000fcf80000,0x0000000100000000)
 ParOldGen       total 91136K, used 86833K [0x00000000d0000000, 0x00000000d5900000, 0x00000000f0000000)
  object space 91136K, 95% used [0x00000000d0000000,0x00000000d54cc418,0x00000000d5900000)
 Metaspace       used 68561K, capacity 70486K, committed 70712K, reserved 1112064K
  class space    used 7242K, capacity 7765K, committed 7808K, reserved 1048576K
Event: 47.082 GC heap after
Heap after GC invocations=74 (full 7):
 PSYoungGen      total 203776K, used 32427K [0x00000000f0000000, 0x0000000100000000, 0x0000000100000000)
  eden space 166912K, 0% used [0x00000000f0000000,0x00000000f0000000,0x00000000fa300000)
  from space 36864K, 87% used [0x00000000fa300000,0x00000000fc2aac80,0x00000000fc700000)
  to   space 49664K, 0% used [0x00000000fcf80000,0x00000000fcf80000,0x0000000100000000)
 ParOldGen       total 107520K, used 90690K [0x00000000d0000000, 0x00000000d6900000, 0x00000000f0000000)
  object space 107520K, 84% used [0x00000000d0000000,0x00000000d5890a88,0x00000000d6900000)
 Metaspace       used 68557K, capacity 70480K, committed 70712K, reserved 1112064K
  class space    used 7241K, capacity 7764K, committed 7808K, reserved 1048576K
}
Event: 48.022 GC heap before
{Heap before GC invocations=75 (full 7):
 PSYoungGen      total 203776K, used 190801K [0x00000000f0000000, 0x0000000100000000, 0x0000000100000000)
  eden space 166912K, 94% used [0x00000000f0000000,0x00000000f9aa9840,0x00000000fa300000)
  from space 36864K, 87% used [0x00000000fa300000,0x00000000fc2aac80,0x00000000fc700000)
  to   space 49664K, 0% used [0x00000000fcf80000,0x00000000fcf80000,0x0000000100000000)
 ParOldGen       total 107520K, used 90690K [0x00000000d0000000, 0x00000000d6900000, 0x00000000f0000000)
  object space 107520K, 84% used [0x00000000d0000000,0x00000000d5890a88,0x00000000d6900000)
 Metaspace       used 69370K, capacity 71354K, committed 71608K, reserved 1114112K
  class space    used 7367K, capacity 7887K, committed 7936K, reserved 1048576K
Event: 48.069 GC heap after
Heap after GC invocations=75 (full 7):
 PSYoungGen      total 211456K, used 35376K [0x00000000f0000000, 0x0000000100000000, 0x0000000100000000)
  eden space 161792K, 0% used [0x00000000f0000000,0x00000000f0000000,0x00000000f9e00000)
  from space 49664K, 71% used [0x00000000fcf80000,0x00000000ff20c138,0x0000000100000000)
  to   space 50176K, 0% used [0x00000000f9e00000,0x00000000f9e00000,0x00000000fcf00000)
 ParOldGen       total 107520K, used 92170K [0x00000000d0000000, 0x00000000d6900000, 0x00000000f0000000)
  object space 107520K, 85% used [0x00000000d0000000,0x00000000d5a02a88,0x00000000d6900000)
 Metaspace       used 69370K, capacity 71354K, committed 71608K, reserved 1114112K
  class space    used 7367K, capacity 7887K, committed 7936K, reserved 1048576K
}

