# JRE version: Java(TM) SE Runtime Environment (8.0_05-b13) (build 1.8.0_05-b13)
# Java VM: Java HotSpot(TM) 64-Bit Server VM (25.5-b02 mixed mode windows-amd64 compressed oops)
Heap:
 PSYoungGen      total 205824K, used 123065K [0x00000000f0000000, 0x0000000100000000, 0x0000000100000000)
  eden space 162816K, 49% used [0x00000000f0000000,0x00000000f4e42368,0x00000000f9f00000)
  from space 43008K, 99% used [0x00000000f9f00000,0x00000000fc8ec1a8,0x00000000fc900000)
  to   space 54272K, 0% used [0x00000000fcb00000,0x00000000fcb00000,0x0000000100000000)
 ParOldGen       total 93696K, used 86039K [0x00000000d0000000, 0x00000000d5b80000, 0x00000000f0000000)
  object space 93696K, 91% used [0x00000000d0000000,0x00000000d5405fb0,0x00000000d5b80000)
 Metaspace       used 69978K, capacity 72036K, committed 72188K, reserved 1114112K
  class space    used 7403K, capacity 7932K, committed 7932K, reserved 1048576K
GC Heap History (10 events):
Event: 24.361 GC heap before
{Heap before GC invocations=63 (full 6):
 PSYoungGen      total 227840K, used 218452K [0x00000000f0000000, 0x0000000100000000, 0x0000000100000000)
  eden space 197632K, 98% used [0x00000000f0000000,0x00000000fbd26528,0x00000000fc100000)
  from space 30208K, 81% used [0x00000000fe280000,0x00000000ffaaebe8,0x0000000100000000)
  to   space 32256K, 0% used [0x00000000fc100000,0x00000000fc100000,0x00000000fe080000)
 ParOldGen       total 93696K, used 77145K [0x00000000d0000000, 0x00000000d5b80000, 0x00000000f0000000)
  object space 93696K, 82% used [0x00000000d0000000,0x00000000d4b567d8,0x00000000d5b80000)
 Metaspace       used 64853K, capacity 66806K, committed 66940K, reserved 1110016K
  class space    used 6750K, capacity 7279K, committed 7292K, reserved 1048576K
Event: 24.406 GC heap after
Heap after GC invocations=63 (full 6):
 PSYoungGen      total 228352K, used 30700K [0x00000000f0000000, 0x0000000100000000, 0x0000000100000000)
  eden space 197632K, 0% used [0x00000000f0000000,0x00000000f0000000,0x00000000fc100000)
  from space 30720K, 99% used [0x00000000fc100000,0x00000000fdefb388,0x00000000fdf00000)
  to   space 33792K, 0% used [0x00000000fdf00000,0x00000000fdf00000,0x0000000100000000)
 ParOldGen       total 93696K, used 77145K [0x00000000d0000000, 0x00000000d5b80000, 0x00000000f0000000)
  object space 93696K, 82% used [0x00000000d0000000,0x00000000d4b567d8,0x00000000d5b80000)
 Metaspace       used 64853K, capacity 66806K, committed 66940K, reserved 1110016K
  class space    used 6750K, capacity 7279K, committed 7292K, reserved 1048576K
}
Event: 25.497 GC heap before
{Heap before GC invocations=64 (full 6):
 PSYoungGen      total 228352K, used 227948K [0x00000000f0000000, 0x0000000100000000, 0x0000000100000000)
  eden space 197632K, 99% used [0x00000000f0000000,0x00000000fc09fe60,0x00000000fc100000)
  from space 30720K, 99% used [0x00000000fc100000,0x00000000fdefb388,0x00000000fdf00000)
  to   space 33792K, 0% used [0x00000000fdf00000,0x00000000fdf00000,0x0000000100000000)
 ParOldGen       total 93696K, used 77145K [0x00000000d0000000, 0x00000000d5b80000, 0x00000000f0000000)
  object space 93696K, 82% used [0x00000000d0000000,0x00000000d4b567d8,0x00000000d5b80000)
 Metaspace       used 65784K, capacity 67728K, committed 67836K, reserved 1110016K
  class space    used 6877K, capacity 7415K, committed 7420K, reserved 1048576K
Event: 25.550 GC heap after
Heap after GC invocations=64 (full 6):
 PSYoungGen      total 214016K, used 33784K [0x00000000f0000000, 0x0000000100000000, 0x0000000100000000)
  eden space 180224K, 0% used [0x00000000f0000000,0x00000000f0000000,0x00000000fb000000)
  from space 33792K, 99% used [0x00000000fdf00000,0x00000000ffffe278,0x0000000100000000)
  to   space 40960K, 0% used [0x00000000fb000000,0x00000000fb000000,0x00000000fd800000)
 ParOldGen       total 93696K, used 79822K [0x00000000d0000000, 0x00000000d5b80000, 0x00000000f0000000)
  object space 93696K, 85% used [0x00000000d0000000,0x00000000d4df39f0,0x00000000d5b80000)
 Metaspace       used 65784K, capacity 67728K, committed 67836K, reserved 1110016K
  class space    used 6877K, capacity 7415K, committed 7420K, reserved 1048576K
}
Event: 26.531 GC heap before
{Heap before GC invocations=65 (full 6):
 PSYoungGen      total 214016K, used 214008K [0x00000000f0000000, 0x0000000100000000, 0x0000000100000000)
  eden space 180224K, 100% used [0x00000000f0000000,0x00000000fb000000,0x00000000fb000000)
  from space 33792K, 99% used [0x00000000fdf00000,0x00000000ffffe278,0x0000000100000000)
  to   space 40960K, 0% used [0x00000000fb000000,0x00000000fb000000,0x00000000fd800000)
 ParOldGen       total 93696K, used 79822K [0x00000000d0000000, 0x00000000d5b80000, 0x00000000f0000000)
  object space 93696K, 85% used [0x00000000d0000000,0x00000000d4df39f0,0x00000000d5b80000)
 Metaspace       used 67143K, capacity 69110K, committed 69244K, reserved 1112064K
  class space    used 6995K, capacity 7512K, committed 7548K, reserved 1048576K
Event: 26.586 GC heap after
Heap after GC invocations=65 (full 6):
 PSYoungGen      total 214016K, used 33295K [0x00000000f0000000, 0x0000000100000000, 0x0000000100000000)
  eden space 180224K, 0% used [0x00000000f0000000,0x00000000f0000000,0x00000000fb000000)
  from space 33792K, 98% used [0x00000000fb000000,0x00000000fd083da8,0x00000000fd100000)
  to   space 44032K, 0% used [0x00000000fd500000,0x00000000fd500000,0x0000000100000000)
 ParOldGen       total 93696K, used 84207K [0x00000000d0000000, 0x00000000d5b80000, 0x00000000f0000000)
  object space 93696K, 89% used [0x00000000d0000000,0x00000000d523bf70,0x00000000d5b80000)
 Metaspace       used 67143K, capacity 69110K, committed 69244K, reserved 1112064K
  class space    used 6995K, capacity 7512K, committed 7548K, reserved 1048576K
}
Event: 27.529 GC heap before
{Heap before GC invocations=66 (full 6):
 PSYoungGen      total 214016K, used 208253K [0x00000000f0000000, 0x0000000100000000, 0x0000000100000000)
  eden space 180224K, 97% used [0x00000000f0000000,0x00000000faadb950,0x00000000fb000000)
  from space 33792K, 98% used [0x00000000fb000000,0x00000000fd083da8,0x00000000fd100000)
  to   space 44032K, 0% used [0x00000000fd500000,0x00000000fd500000,0x0000000100000000)
 ParOldGen       total 93696K, used 84207K [0x00000000d0000000, 0x00000000d5b80000, 0x00000000f0000000)
  object space 93696K, 89% used [0x00000000d0000000,0x00000000d523bf70,0x00000000d5b80000)
 Metaspace       used 69022K, capacity 71036K, committed 71292K, reserved 1112064K
  class space    used 7247K, capacity 7769K, committed 7804K, reserved 1048576K
Event: 27.579 GC heap after
Heap after GC invocations=66 (full 6):
 PSYoungGen      total 206848K, used 42609K [0x00000000f0000000, 0x0000000100000000, 0x0000000100000000)
  eden space 162816K, 0% used [0x00000000f0000000,0x00000000f0000000,0x00000000f9f00000)
  from space 44032K, 96% used [0x00000000fd500000,0x00000000ffe9c658,0x0000000100000000)
  to   space 49664K, 0% used [0x00000000f9f00000,0x00000000f9f00000,0x00000000fcf80000)
 ParOldGen       total 93696K, used 84215K [0x00000000d0000000, 0x00000000d5b80000, 0x00000000f0000000)
  object space 93696K, 89% used [0x00000000d0000000,0x00000000d523df70,0x00000000d5b80000)
 Metaspace       used 69022K, capacity 71036K, committed 71292K, reserved 1112064K
  class space    used 7247K, capacity 7769K, committed 7804K, reserved 1048576K
}
Event: 28.206 GC heap before
{Heap before GC invocations=67 (full 6):
 PSYoungGen      total 206848K, used 198277K [0x00000000f0000000, 0x0000000100000000, 0x0000000100000000)
  eden space 162816K, 95% used [0x00000000f0000000,0x00000000f9804e98,0x00000000f9f00000)
  from space 44032K, 96% used [0x00000000fd500000,0x00000000ffe9c658,0x0000000100000000)
  to   space 49664K, 0% used [0x00000000f9f00000,0x00000000f9f00000,0x00000000fcf80000)
 ParOldGen       total 93696K, used 84215K [0x00000000d0000000, 0x00000000d5b80000, 0x00000000f0000000)
  object space 93696K, 89% used [0x00000000d0000000,0x00000000d523df70,0x00000000d5b80000)
 Metaspace       used 69480K, capacity 71528K, committed 71932K, reserved 1114112K
  class space    used 7310K, capacity 7843K, committed 7932K, reserved 1048576K
Event: 28.269 GC heap after
Heap after GC invocations=67 (full 6):
 PSYoungGen      total 205824K, used 42928K [0x00000000f0000000, 0x0000000100000000, 0x0000000100000000)
  eden space 162816K, 0% used [0x00000000f0000000,0x00000000f0000000,0x00000000f9f00000)
  from space 43008K, 99% used [0x00000000f9f00000,0x00000000fc8ec1a8,0x00000000fc900000)
  to   space 54272K, 0% used [0x00000000fcb00000,0x00000000fcb00000,0x0000000100000000)
 ParOldGen       total 93696K, used 86039K [0x00000000d0000000, 0x00000000d5b80000, 0x00000000f0000000)
  object space 93696K, 91% used [0x00000000d0000000,0x00000000d5405fb0,0x00000000d5b80000)
 Metaspace       used 69480K, capacity 71528K, committed 71932K, reserved 1114112K
  class space    used 7310K, capacity 7843K, committed 7932K, reserved 1048576K
}

