# JRE version: Java(TM) SE Runtime Environment (8.0_05-b13) (build 1.8.0_05-b13)
# Java VM: Java HotSpot(TM) 64-Bit Server VM (25.5-b02 mixed mode windows-amd64 compressed oops)
Heap:
 PSYoungGen      total 211456K, used 95707K [0x00000000f0000000, 0x0000000100000000, 0x0000000100000000)
  eden space 167936K, 31% used [0x00000000f0000000,0x00000000f32feb90,0x00000000fa400000)
  from space 43520K, 99% used [0x00000000fa400000,0x00000000fce78198,0x00000000fce80000)
  to   space 50688K, 0% used [0x00000000fce80000,0x00000000fce80000,0x0000000100000000)
 ParOldGen       total 101888K, used 88054K [0x00000000d0000000, 0x00000000d6380000, 0x00000000f0000000)
  object space 101888K, 86% used [0x00000000d0000000,0x00000000d55fd828,0x00000000d6380000)
 Metaspace       used 69913K, capacity 71880K, committed 72192K, reserved 1114112K
  class space    used 7351K, capacity 7895K, committed 7936K, reserved 1048576K
GC Heap History (10 events):
Event: 29.294 GC heap before
{Heap before GC invocations=54 (full 5):
 PSYoungGen      total 229888K, used 215694K [0x00000000f0000000, 0x00000000fff00000, 0x0000000100000000)
  eden space 199168K, 100% used [0x00000000f0000000,0x00000000fc280000,0x00000000fc280000)
  from space 30720K, 53% used [0x00000000fe080000,0x00000000ff0a39c0,0x00000000ffe80000)
  to   space 30720K, 0% used [0x00000000fc280000,0x00000000fc280000,0x00000000fe080000)
 ParOldGen       total 101888K, used 87114K [0x00000000d0000000, 0x00000000d6380000, 0x00000000f0000000)
  object space 101888K, 85% used [0x00000000d0000000,0x00000000d5512b38,0x00000000d6380000)
 Metaspace       used 64712K, capacity 66530K, committed 66944K, reserved 1110016K
  class space    used 6689K, capacity 7219K, committed 7296K, reserved 1048576K
Event: 29.326 GC heap after
Heap after GC invocations=54 (full 5):
 PSYoungGen      total 221696K, used 22261K [0x00000000f0000000, 0x0000000100000000, 0x0000000100000000)
  eden space 199168K, 0% used [0x00000000f0000000,0x00000000f0000000,0x00000000fc280000)
  from space 22528K, 98% used [0x00000000fc280000,0x00000000fd83d478,0x00000000fd880000)
  to   space 32768K, 0% used [0x00000000fe000000,0x00000000fe000000,0x0000000100000000)
 ParOldGen       total 101888K, used 87114K [0x00000000d0000000, 0x00000000d6380000, 0x00000000f0000000)
  object space 101888K, 85% used [0x00000000d0000000,0x00000000d5512b38,0x00000000d6380000)
 Metaspace       used 64712K, capacity 66530K, committed 66944K, reserved 1110016K
  class space    used 6689K, capacity 7219K, committed 7296K, reserved 1048576K
}
Event: 30.351 GC heap before
{Heap before GC invocations=55 (full 5):
 PSYoungGen      total 221696K, used 221429K [0x00000000f0000000, 0x0000000100000000, 0x0000000100000000)
  eden space 199168K, 100% used [0x00000000f0000000,0x00000000fc280000,0x00000000fc280000)
  from space 22528K, 98% used [0x00000000fc280000,0x00000000fd83d478,0x00000000fd880000)
  to   space 32768K, 0% used [0x00000000fe000000,0x00000000fe000000,0x0000000100000000)
 ParOldGen       total 101888K, used 87114K [0x00000000d0000000, 0x00000000d6380000, 0x00000000f0000000)
  object space 101888K, 85% used [0x00000000d0000000,0x00000000d5512b38,0x00000000d6380000)
 Metaspace       used 65751K, capacity 67580K, committed 68096K, reserved 1110016K
  class space    used 6834K, capacity 7355K, committed 7424K, reserved 1048576K
Event: 30.378 GC heap after
Heap after GC invocations=55 (full 5):
 PSYoungGen      total 221184K, used 28516K [0x00000000f0000000, 0x0000000100000000, 0x0000000100000000)
  eden space 188416K, 0% used [0x00000000f0000000,0x00000000f0000000,0x00000000fb800000)
  from space 32768K, 87% used [0x00000000fe000000,0x00000000ffbd9040,0x0000000100000000)
  to   space 36864K, 0% used [0x00000000fb800000,0x00000000fb800000,0x00000000fdc00000)
 ParOldGen       total 101888K, used 87122K [0x00000000d0000000, 0x00000000d6380000, 0x00000000f0000000)
  object space 101888K, 85% used [0x00000000d0000000,0x00000000d5514b38,0x00000000d6380000)
 Metaspace       used 65751K, capacity 67580K, committed 68096K, reserved 1110016K
  class space    used 6834K, capacity 7355K, committed 7424K, reserved 1048576K
}
Event: 31.361 GC heap before
{Heap before GC invocations=56 (full 5):
 PSYoungGen      total 221184K, used 216932K [0x00000000f0000000, 0x0000000100000000, 0x0000000100000000)
  eden space 188416K, 100% used [0x00000000f0000000,0x00000000fb800000,0x00000000fb800000)
  from space 32768K, 87% used [0x00000000fe000000,0x00000000ffbd9040,0x0000000100000000)
  to   space 36864K, 0% used [0x00000000fb800000,0x00000000fb800000,0x00000000fdc00000)
 ParOldGen       total 101888K, used 87122K [0x00000000d0000000, 0x00000000d6380000, 0x00000000f0000000)
  object space 101888K, 85% used [0x00000000d0000000,0x00000000d5514b38,0x00000000d6380000)
 Metaspace       used 66603K, capacity 68450K, committed 68992K, reserved 1110016K
  class space    used 6945K, capacity 7452K, committed 7552K, reserved 1048576K
Event: 31.391 GC heap after
Heap after GC invocations=56 (full 5):
 PSYoungGen      total 218624K, used 29777K [0x00000000f0000000, 0x0000000100000000, 0x0000000100000000)
  eden space 188416K, 0% used [0x00000000f0000000,0x00000000f0000000,0x00000000fb800000)
  from space 30208K, 98% used [0x00000000fb800000,0x00000000fd514470,0x00000000fd580000)
  to   space 40448K, 0% used [0x00000000fd880000,0x00000000fd880000,0x0000000100000000)
 ParOldGen       total 101888K, used 87130K [0x00000000d0000000, 0x00000000d6380000, 0x00000000f0000000)
  object space 101888K, 85% used [0x00000000d0000000,0x00000000d5516b38,0x00000000d6380000)
 Metaspace       used 66603K, capacity 68450K, committed 68992K, reserved 1110016K
  class space    used 6945K, capacity 7452K, committed 7552K, reserved 1048576K
}
Event: 32.854 GC heap before
{Heap before GC invocations=57 (full 5):
 PSYoungGen      total 218624K, used 213932K [0x00000000f0000000, 0x0000000100000000, 0x0000000100000000)
  eden space 188416K, 97% used [0x00000000f0000000,0x00000000fb3d6db8,0x00000000fb800000)
  from space 30208K, 98% used [0x00000000fb800000,0x00000000fd514470,0x00000000fd580000)
  to   space 40448K, 0% used [0x00000000fd880000,0x00000000fd880000,0x0000000100000000)
 ParOldGen       total 101888K, used 87130K [0x00000000d0000000, 0x00000000d6380000, 0x00000000f0000000)
  object space 101888K, 85% used [0x00000000d0000000,0x00000000d5516b38,0x00000000d6380000)
 Metaspace       used 69045K, capacity 70888K, committed 71296K, reserved 1112064K
  class space    used 7217K, capacity 7709K, committed 7808K, reserved 1048576K
Event: 32.889 GC heap after
Heap after GC invocations=57 (full 5):
 PSYoungGen      total 208384K, used 40416K [0x00000000f0000000, 0x0000000100000000, 0x0000000100000000)
  eden space 167936K, 0% used [0x00000000f0000000,0x00000000f0000000,0x00000000fa400000)
  from space 40448K, 99% used [0x00000000fd880000,0x00000000ffff81b8,0x0000000100000000)
  to   space 47104K, 0% used [0x00000000fa400000,0x00000000fa400000,0x00000000fd200000)
 ParOldGen       total 101888K, used 88046K [0x00000000d0000000, 0x00000000d6380000, 0x00000000f0000000)
  object space 101888K, 86% used [0x00000000d0000000,0x00000000d55fb828,0x00000000d6380000)
 Metaspace       used 69045K, capacity 70888K, committed 71296K, reserved 1112064K
  class space    used 7217K, capacity 7709K, committed 7808K, reserved 1048576K
}
Event: 33.462 GC heap before
{Heap before GC invocations=58 (full 5):
 PSYoungGen      total 208384K, used 208352K [0x00000000f0000000, 0x0000000100000000, 0x0000000100000000)
  eden space 167936K, 100% used [0x00000000f0000000,0x00000000fa400000,0x00000000fa400000)
  from space 40448K, 99% used [0x00000000fd880000,0x00000000ffff81b8,0x0000000100000000)
  to   space 47104K, 0% used [0x00000000fa400000,0x00000000fa400000,0x00000000fd200000)
 ParOldGen       total 101888K, used 88046K [0x00000000d0000000, 0x00000000d6380000, 0x00000000f0000000)
  object space 101888K, 86% used [0x00000000d0000000,0x00000000d55fb828,0x00000000d6380000)
 Metaspace       used 69595K, capacity 71444K, committed 71808K, reserved 1114112K
  class space    used 7285K, capacity 7783K, committed 7808K, reserved 1048576K
Event: 33.490 GC heap after
Heap after GC invocations=58 (full 5):
 PSYoungGen      total 211456K, used 43488K [0x00000000f0000000, 0x0000000100000000, 0x0000000100000000)
  eden space 167936K, 0% used [0x00000000f0000000,0x00000000f0000000,0x00000000fa400000)
  from space 43520K, 99% used [0x00000000fa400000,0x00000000fce78198,0x00000000fce80000)
  to   space 50688K, 0% used [0x00000000fce80000,0x00000000fce80000,0x0000000100000000)
 ParOldGen       total 101888K, used 88054K [0x00000000d0000000, 0x00000000d6380000, 0x00000000f0000000)
  object space 101888K, 86% used [0x00000000d0000000,0x00000000d55fd828,0x00000000d6380000)
 Metaspace       used 69595K, capacity 71444K, committed 71808K, reserved 1114112K
  class space    used 7285K, capacity 7783K, committed 7808K, reserved 1048576K
}

