# JRE version: Java(TM) SE Runtime Environment (8.0_05-b13) (build 1.8.0_05-b13)
# Java VM: Java HotSpot(TM) 64-Bit Server VM (25.5-b02 mixed mode windows-amd64 compressed oops)
Heap:
 PSYoungGen      total 212480K, used 207401K [0x00000000f0000000, 0x0000000100000000, 0x0000000100000000)
  eden space 178176K, 97% used [0x00000000f0000000,0x00000000fa91d030,0x00000000fae00000)
  from space 34304K, 99% used [0x00000000fae00000,0x00000000fcf6d4a8,0x00000000fcf80000)
  to   space 45056K, 0% used [0x00000000fd400000,0x00000000fd400000,0x0000000100000000)
 ParOldGen       total 109056K, used 91380K [0x00000000d0000000, 0x00000000d6a80000, 0x00000000f0000000)
  object space 109056K, 83% used [0x00000000d0000000,0x00000000d593d1d0,0x00000000d6a80000)
 Metaspace       used 69992K, capacity 72014K, committed 72172K, reserved 1114112K
  class space    used 7406K, capacity 7931K, committed 7936K, reserved 1048576K
GC Heap History (10 events):
Event: 38.090 GC heap before
{Heap before GC invocations=66 (full 6):
 PSYoungGen      total 229888K, used 229765K [0x00000000f0000000, 0x0000000100000000, 0x0000000100000000)
  eden space 200704K, 100% used [0x00000000f0000000,0x00000000fc400000,0x00000000fc400000)
  from space 29184K, 99% used [0x00000000fc400000,0x00000000fe0615f8,0x00000000fe080000)
  to   space 32256K, 0% used [0x00000000fe080000,0x00000000fe080000,0x0000000100000000)
 ParOldGen       total 91648K, used 75554K [0x00000000d0000000, 0x00000000d5980000, 0x00000000f0000000)
  object space 91648K, 82% used [0x00000000d0000000,0x00000000d49c8be0,0x00000000d5980000)
 Metaspace       used 65159K, capacity 67164K, committed 67308K, reserved 1110016K
  class space    used 6791K, capacity 7316K, committed 7424K, reserved 1048576K
Event: 38.129 GC heap after
Heap after GC invocations=66 (full 6):
 PSYoungGen      total 215552K, used 32225K [0x00000000f0000000, 0x0000000100000000, 0x0000000100000000)
  eden space 183296K, 0% used [0x00000000f0000000,0x00000000f0000000,0x00000000fb300000)
  from space 32256K, 99% used [0x00000000fe080000,0x00000000ffff85b0,0x0000000100000000)
  to   space 39424K, 0% used [0x00000000fb300000,0x00000000fb300000,0x00000000fd980000)
 ParOldGen       total 91648K, used 79063K [0x00000000d0000000, 0x00000000d5980000, 0x00000000f0000000)
  object space 91648K, 86% used [0x00000000d0000000,0x00000000d4d35e18,0x00000000d5980000)
 Metaspace       used 65159K, capacity 67164K, committed 67308K, reserved 1110016K
  class space    used 6791K, capacity 7316K, committed 7424K, reserved 1048576K
}
Event: 39.162 GC heap before
{Heap before GC invocations=67 (full 6):
 PSYoungGen      total 215552K, used 215521K [0x00000000f0000000, 0x0000000100000000, 0x0000000100000000)
  eden space 183296K, 100% used [0x00000000f0000000,0x00000000fb300000,0x00000000fb300000)
  from space 32256K, 99% used [0x00000000fe080000,0x00000000ffff85b0,0x0000000100000000)
  to   space 39424K, 0% used [0x00000000fb300000,0x00000000fb300000,0x00000000fd980000)
 ParOldGen       total 91648K, used 79063K [0x00000000d0000000, 0x00000000d5980000, 0x00000000f0000000)
  object space 91648K, 86% used [0x00000000d0000000,0x00000000d4d35e18,0x00000000d5980000)
 Metaspace       used 66169K, capacity 68136K, committed 68460K, reserved 1110016K
  class space    used 6926K, capacity 7447K, committed 7552K, reserved 1048576K
Event: 39.194 GC heap after
Heap after GC invocations=67 (full 6):
 PSYoungGen      total 211456K, used 28147K [0x00000000f0000000, 0x0000000100000000, 0x0000000100000000)
  eden space 183296K, 0% used [0x00000000f0000000,0x00000000f0000000,0x00000000fb300000)
  from space 28160K, 99% used [0x00000000fb300000,0x00000000fce7ce38,0x00000000fce80000)
  to   space 40960K, 0% used [0x00000000fd800000,0x00000000fd800000,0x0000000100000000)
 ParOldGen       total 91648K, used 87727K [0x00000000d0000000, 0x00000000d5980000, 0x00000000f0000000)
  object space 91648K, 95% used [0x00000000d0000000,0x00000000d55abc00,0x00000000d5980000)
 Metaspace       used 66169K, capacity 68136K, committed 68460K, reserved 1110016K
  class space    used 6926K, capacity 7447K, committed 7552K, reserved 1048576K
}
Event: 39.194 GC heap before
{Heap before GC invocations=68 (full 7):
 PSYoungGen      total 211456K, used 28147K [0x00000000f0000000, 0x0000000100000000, 0x0000000100000000)
  eden space 183296K, 0% used [0x00000000f0000000,0x00000000f0000000,0x00000000fb300000)
  from space 28160K, 99% used [0x00000000fb300000,0x00000000fce7ce38,0x00000000fce80000)
  to   space 40960K, 0% used [0x00000000fd800000,0x00000000fd800000,0x0000000100000000)
 ParOldGen       total 91648K, used 87727K [0x00000000d0000000, 0x00000000d5980000, 0x00000000f0000000)
  object space 91648K, 95% used [0x00000000d0000000,0x00000000d55abc00,0x00000000d5980000)
 Metaspace       used 66169K, capacity 68136K, committed 68460K, reserved 1110016K
  class space    used 6926K, capacity 7447K, committed 7552K, reserved 1048576K
Event: 39.972 GC heap after
Heap after GC invocations=68 (full 7):
 PSYoungGen      total 211456K, used 21823K [0x00000000f0000000, 0x0000000100000000, 0x0000000100000000)
  eden space 183296K, 0% used [0x00000000f0000000,0x00000000f0000000,0x00000000fb300000)
  from space 28160K, 77% used [0x00000000fb300000,0x00000000fc84fee8,0x00000000fce80000)
  to   space 40960K, 0% used [0x00000000fd800000,0x00000000fd800000,0x0000000100000000)
 ParOldGen       total 109056K, used 91364K [0x00000000d0000000, 0x00000000d6a80000, 0x00000000f0000000)
  object space 109056K, 83% used [0x00000000d0000000,0x00000000d59391d0,0x00000000d6a80000)
 Metaspace       used 66169K, capacity 68136K, committed 68460K, reserved 1110016K
  class space    used 6926K, capacity 7447K, committed 7552K, reserved 1048576K
}
Event: 41.463 GC heap before
{Heap before GC invocations=69 (full 7):
 PSYoungGen      total 211456K, used 205119K [0x00000000f0000000, 0x0000000100000000, 0x0000000100000000)
  eden space 183296K, 100% used [0x00000000f0000000,0x00000000fb300000,0x00000000fb300000)
  from space 28160K, 77% used [0x00000000fb300000,0x00000000fc84fee8,0x00000000fce80000)
  to   space 40960K, 0% used [0x00000000fd800000,0x00000000fd800000,0x0000000100000000)
 ParOldGen       total 109056K, used 91364K [0x00000000d0000000, 0x00000000d6a80000, 0x00000000f0000000)
  object space 109056K, 83% used [0x00000000d0000000,0x00000000d59391d0,0x00000000d6a80000)
 Metaspace       used 67494K, capacity 69454K, committed 69740K, reserved 1112064K
  class space    used 7024K, capacity 7544K, committed 7552K, reserved 1048576K
Event: 41.507 GC heap after
Heap after GC invocations=69 (full 7):
 PSYoungGen      total 219136K, used 28092K [0x00000000f0000000, 0x0000000100000000, 0x0000000100000000)
  eden space 178176K, 0% used [0x00000000f0000000,0x00000000f0000000,0x00000000fae00000)
  from space 40960K, 68% used [0x00000000fd800000,0x00000000ff36f230,0x0000000100000000)
  to   space 41984K, 0% used [0x00000000fae00000,0x00000000fae00000,0x00000000fd700000)
 ParOldGen       total 109056K, used 91372K [0x00000000d0000000, 0x00000000d6a80000, 0x00000000f0000000)
  object space 109056K, 83% used [0x00000000d0000000,0x00000000d593b1d0,0x00000000d6a80000)
 Metaspace       used 67494K, capacity 69454K, committed 69740K, reserved 1112064K
  class space    used 7024K, capacity 7544K, committed 7552K, reserved 1048576K
}
Event: 42.425 GC heap before
{Heap before GC invocations=70 (full 7):
 PSYoungGen      total 219136K, used 206268K [0x00000000f0000000, 0x0000000100000000, 0x0000000100000000)
  eden space 178176K, 100% used [0x00000000f0000000,0x00000000fae00000,0x00000000fae00000)
  from space 40960K, 68% used [0x00000000fd800000,0x00000000ff36f230,0x0000000100000000)
  to   space 41984K, 0% used [0x00000000fae00000,0x00000000fae00000,0x00000000fd700000)
 ParOldGen       total 109056K, used 91372K [0x00000000d0000000, 0x00000000d6a80000, 0x00000000f0000000)
  object space 109056K, 83% used [0x00000000d0000000,0x00000000d593b1d0,0x00000000d6a80000)
 Metaspace       used 69079K, capacity 71028K, committed 71276K, reserved 1112064K
  class space    used 7262K, capacity 7769K, committed 7808K, reserved 1048576K
Event: 42.446 GC heap after
Heap after GC invocations=70 (full 7):
 PSYoungGen      total 212480K, used 34229K [0x00000000f0000000, 0x0000000100000000, 0x0000000100000000)
  eden space 178176K, 0% used [0x00000000f0000000,0x00000000f0000000,0x00000000fae00000)
  from space 34304K, 99% used [0x00000000fae00000,0x00000000fcf6d4a8,0x00000000fcf80000)
  to   space 45056K, 0% used [0x00000000fd400000,0x00000000fd400000,0x0000000100000000)
 ParOldGen       total 109056K, used 91380K [0x00000000d0000000, 0x00000000d6a80000, 0x00000000f0000000)
  object space 109056K, 83% used [0x00000000d0000000,0x00000000d593d1d0,0x00000000d6a80000)
 Metaspace       used 69079K, capacity 71028K, committed 71276K, reserved 1112064K
  class space    used 7262K, capacity 7769K, committed 7808K, reserved 1048576K
}

