# JRE version: Java(TM) SE Runtime Environment (8.0_05-b13) (build 1.8.0_05-b13)
# Java VM: Java HotSpot(TM) 64-Bit Server VM (25.5-b02 mixed mode windows-amd64 compressed oops)
Heap:
 PSYoungGen      total 206336K, used 79929K [0x00000000f0000000, 0x0000000100000000, 0x0000000100000000)
  eden space 155648K, 25% used [0x00000000f0000000,0x00000000f270f278,0x00000000f9800000)
  from space 50688K, 78% used [0x00000000fce80000,0x00000000ff57f468,0x0000000100000000)
  to   space 53248K, 0% used [0x00000000f9800000,0x00000000f9800000,0x00000000fcc00000)
 ParOldGen       total 102400K, used 89457K [0x00000000d0000000, 0x00000000d6400000, 0x00000000f0000000)
  object space 102400K, 87% used [0x00000000d0000000,0x00000000d575c6f8,0x00000000d6400000)
 Metaspace       used 70039K, capacity 72064K, committed 72320K, reserved 1114112K
  class space    used 7414K, capacity 7965K, committed 8064K, reserved 1048576K
GC Heap History (10 events):
Event: 27.550 GC heap before
{Heap before GC invocations=73 (full 6):
 PSYoungGen      total 217088K, used 208216K [0x00000000f0000000, 0x0000000100000000, 0x0000000100000000)
  eden space 176128K, 100% used [0x00000000f0000000,0x00000000fac00000,0x00000000fac00000)
  from space 40960K, 78% used [0x00000000fd800000,0x00000000ff756118,0x0000000100000000)
  to   space 43008K, 0% used [0x00000000fac00000,0x00000000fac00000,0x00000000fd600000)
 ParOldGen       total 86528K, used 77932K [0x00000000d0000000, 0x00000000d5480000, 0x00000000f0000000)
  object space 86528K, 90% used [0x00000000d0000000,0x00000000d4c1b058,0x00000000d5480000)
 Metaspace       used 66218K, capacity 68140K, committed 68480K, reserved 1110016K
  class space    used 6927K, capacity 7447K, committed 7552K, reserved 1048576K
Event: 27.582 GC heap after
Heap after GC invocations=73 (full 6):
 PSYoungGen      total 211968K, used 35680K [0x00000000f0000000, 0x0000000100000000, 0x0000000100000000)
  eden space 176128K, 0% used [0x00000000f0000000,0x00000000f0000000,0x00000000fac00000)
  from space 35840K, 99% used [0x00000000fac00000,0x00000000fced8190,0x00000000fcf00000)
  to   space 46080K, 0% used [0x00000000fd300000,0x00000000fd300000,0x0000000100000000)
 ParOldGen       total 86528K, used 78065K [0x00000000d0000000, 0x00000000d5480000, 0x00000000f0000000)
  object space 86528K, 90% used [0x00000000d0000000,0x00000000d4c3c628,0x00000000d5480000)
 Metaspace       used 66218K, capacity 68140K, committed 68480K, reserved 1110016K
  class space    used 6927K, capacity 7447K, committed 7552K, reserved 1048576K
}
Event: 28.792 GC heap before
{Heap before GC invocations=74 (full 6):
 PSYoungGen      total 211968K, used 211808K [0x00000000f0000000, 0x0000000100000000, 0x0000000100000000)
  eden space 176128K, 100% used [0x00000000f0000000,0x00000000fac00000,0x00000000fac00000)
  from space 35840K, 99% used [0x00000000fac00000,0x00000000fced8190,0x00000000fcf00000)
  to   space 46080K, 0% used [0x00000000fd300000,0x00000000fd300000,0x0000000100000000)
 ParOldGen       total 86528K, used 78065K [0x00000000d0000000, 0x00000000d5480000, 0x00000000f0000000)
  object space 86528K, 90% used [0x00000000d0000000,0x00000000d4c3c628,0x00000000d5480000)
 Metaspace       used 67474K, capacity 69458K, committed 69760K, reserved 1112064K
  class space    used 7018K, capacity 7544K, committed 7552K, reserved 1048576K
Event: 28.826 GC heap after
Heap after GC invocations=74 (full 6):
 PSYoungGen      total 211968K, used 34838K [0x00000000f0000000, 0x0000000100000000, 0x0000000100000000)
  eden space 165888K, 0% used [0x00000000f0000000,0x00000000f0000000,0x00000000fa200000)
  from space 46080K, 75% used [0x00000000fd300000,0x00000000ff505bc8,0x0000000100000000)
  to   space 48128K, 0% used [0x00000000fa200000,0x00000000fa200000,0x00000000fd100000)
 ParOldGen       total 86528K, used 84280K [0x00000000d0000000, 0x00000000d5480000, 0x00000000f0000000)
  object space 86528K, 97% used [0x00000000d0000000,0x00000000d524e158,0x00000000d5480000)
 Metaspace       used 67474K, capacity 69458K, committed 69760K, reserved 1112064K
  class space    used 7018K, capacity 7544K, committed 7552K, reserved 1048576K
}
Event: 28.826 GC heap before
{Heap before GC invocations=75 (full 7):
 PSYoungGen      total 211968K, used 34838K [0x00000000f0000000, 0x0000000100000000, 0x0000000100000000)
  eden space 165888K, 0% used [0x00000000f0000000,0x00000000f0000000,0x00000000fa200000)
  from space 46080K, 75% used [0x00000000fd300000,0x00000000ff505bc8,0x0000000100000000)
  to   space 48128K, 0% used [0x00000000fa200000,0x00000000fa200000,0x00000000fd100000)
 ParOldGen       total 86528K, used 84280K [0x00000000d0000000, 0x00000000d5480000, 0x00000000f0000000)
  object space 86528K, 97% used [0x00000000d0000000,0x00000000d524e158,0x00000000d5480000)
 Metaspace       used 67474K, capacity 69458K, committed 69760K, reserved 1112064K
  class space    used 7018K, capacity 7544K, committed 7552K, reserved 1048576K
Event: 29.542 GC heap after
Heap after GC invocations=75 (full 7):
 PSYoungGen      total 211968K, used 31997K [0x00000000f0000000, 0x0000000100000000, 0x0000000100000000)
  eden space 165888K, 0% used [0x00000000f0000000,0x00000000f0000000,0x00000000fa200000)
  from space 46080K, 69% used [0x00000000fd300000,0x00000000ff23f630,0x0000000100000000)
  to   space 48128K, 0% used [0x00000000fa200000,0x00000000fa200000,0x00000000fd100000)
 ParOldGen       total 102400K, used 86469K [0x00000000d0000000, 0x00000000d6400000, 0x00000000f0000000)
  object space 102400K, 84% used [0x00000000d0000000,0x00000000d5471548,0x00000000d6400000)
 Metaspace       used 67470K, capacity 69452K, committed 69760K, reserved 1112064K
  class space    used 7017K, capacity 7543K, committed 7552K, reserved 1048576K
}
Event: 30.264 GC heap before
{Heap before GC invocations=76 (full 7):
 PSYoungGen      total 211968K, used 197885K [0x00000000f0000000, 0x0000000100000000, 0x0000000100000000)
  eden space 165888K, 100% used [0x00000000f0000000,0x00000000fa200000,0x00000000fa200000)
  from space 46080K, 69% used [0x00000000fd300000,0x00000000ff23f630,0x0000000100000000)
  to   space 48128K, 0% used [0x00000000fa200000,0x00000000fa200000,0x00000000fd100000)
 ParOldGen       total 102400K, used 86469K [0x00000000d0000000, 0x00000000d6400000, 0x00000000f0000000)
  object space 102400K, 84% used [0x00000000d0000000,0x00000000d5471548,0x00000000d6400000)
 Metaspace       used 69083K, capacity 71026K, committed 71296K, reserved 1112064K
  class space    used 7259K, capacity 7768K, committed 7808K, reserved 1048576K
Event: 30.319 GC heap after
Heap after GC invocations=76 (full 7):
 PSYoungGen      total 203776K, used 37817K [0x00000000f0000000, 0x0000000100000000, 0x0000000100000000)
  eden space 165888K, 0% used [0x00000000f0000000,0x00000000f0000000,0x00000000fa200000)
  from space 37888K, 99% used [0x00000000fa200000,0x00000000fc6ee630,0x00000000fc700000)
  to   space 50688K, 0% used [0x00000000fce80000,0x00000000fce80000,0x0000000100000000)
 ParOldGen       total 102400K, used 87517K [0x00000000d0000000, 0x00000000d6400000, 0x00000000f0000000)
  object space 102400K, 85% used [0x00000000d0000000,0x00000000d5577548,0x00000000d6400000)
 Metaspace       used 69083K, capacity 71026K, committed 71296K, reserved 1112064K
  class space    used 7259K, capacity 7768K, committed 7808K, reserved 1048576K
}
Event: 31.133 GC heap before
{Heap before GC invocations=77 (full 7):
 PSYoungGen      total 203776K, used 203705K [0x00000000f0000000, 0x0000000100000000, 0x0000000100000000)
  eden space 165888K, 100% used [0x00000000f0000000,0x00000000fa200000,0x00000000fa200000)
  from space 37888K, 99% used [0x00000000fa200000,0x00000000fc6ee630,0x00000000fc700000)
  to   space 50688K, 0% used [0x00000000fce80000,0x00000000fce80000,0x0000000100000000)
 ParOldGen       total 102400K, used 87517K [0x00000000d0000000, 0x00000000d6400000, 0x00000000f0000000)
  object space 102400K, 85% used [0x00000000d0000000,0x00000000d5577548,0x00000000d6400000)
 Metaspace       used 69775K, capacity 71768K, committed 71936K, reserved 1114112K
  class space    used 7376K, capacity 7917K, committed 7936K, reserved 1048576K
Event: 31.177 GC heap after
Heap after GC invocations=77 (full 7):
 PSYoungGen      total 206336K, used 39933K [0x00000000f0000000, 0x0000000100000000, 0x0000000100000000)
  eden space 155648K, 0% used [0x00000000f0000000,0x00000000f0000000,0x00000000f9800000)
  from space 50688K, 78% used [0x00000000fce80000,0x00000000ff57f468,0x0000000100000000)
  to   space 53248K, 0% used [0x00000000f9800000,0x00000000f9800000,0x00000000fcc00000)
 ParOldGen       total 102400K, used 89457K [0x00000000d0000000, 0x00000000d6400000, 0x00000000f0000000)
  object space 102400K, 87% used [0x00000000d0000000,0x00000000d575c6f8,0x00000000d6400000)
 Metaspace       used 69775K, capacity 71768K, committed 71936K, reserved 1114112K
  class space    used 7376K, capacity 7917K, committed 7936K, reserved 1048576K
}

