# JRE version: Java(TM) SE Runtime Environment (8.0_05-b13) (build 1.8.0_05-b13)
# Java VM: Java HotSpot(TM) 64-Bit Server VM (25.5-b02 mixed mode windows-amd64 compressed oops)
Heap:
 PSYoungGen      total 212480K, used 194620K [0x00000000f0000000, 0x0000000100000000, 0x0000000100000000)
  eden space 171008K, 92% used [0x00000000f0000000,0x00000000f99d9b50,0x00000000fa700000)
  from space 41472K, 89% used [0x00000000fa700000,0x00000000fcb35700,0x00000000fcf80000)
  to   space 48640K, 0% used [0x00000000fd080000,0x00000000fd080000,0x0000000100000000)
 ParOldGen       total 100352K, used 87348K [0x00000000d0000000, 0x00000000d6200000, 0x00000000f0000000)
  object space 100352K, 87% used [0x00000000d0000000,0x00000000d554d1e0,0x00000000d6200000)
 Metaspace       used 69395K, capacity 71366K, committed 71680K, reserved 1114112K
  class space    used 7352K, capacity 7876K, committed 7936K, reserved 1048576K
GC Heap History (10 events):
Event: 25.718 GC heap before
{Heap before GC invocations=68 (full 6):
 PSYoungGen      total 220672K, used 206509K [0x00000000f0000000, 0x00000000fff80000, 0x0000000100000000)
  eden space 179200K, 100% used [0x00000000f0000000,0x00000000faf00000,0x00000000faf00000)
  from space 41472K, 65% used [0x00000000faf00000,0x00000000fc9ab638,0x00000000fd780000)
  to   space 40960K, 0% used [0x00000000fd780000,0x00000000fd780000,0x00000000fff80000)
 ParOldGen       total 87552K, used 76723K [0x00000000d0000000, 0x00000000d5580000, 0x00000000f0000000)
  object space 87552K, 87% used [0x00000000d0000000,0x00000000d4aecef8,0x00000000d5580000)
 Metaspace       used 65057K, capacity 66962K, committed 67328K, reserved 1110016K
  class space    used 6788K, capacity 7314K, committed 7424K, reserved 1048576K
Event: 25.762 GC heap after
Heap after GC invocations=68 (full 6):
 PSYoungGen      total 219136K, used 31564K [0x00000000f0000000, 0x0000000100000000, 0x0000000100000000)
  eden space 178176K, 0% used [0x00000000f0000000,0x00000000f0000000,0x00000000fae00000)
  from space 40960K, 77% used [0x00000000fd780000,0x00000000ff653040,0x00000000fff80000)
  to   space 41984K, 0% used [0x00000000fae00000,0x00000000fae00000,0x00000000fd700000)
 ParOldGen       total 87552K, used 78203K [0x00000000d0000000, 0x00000000d5580000, 0x00000000f0000000)
  object space 87552K, 89% used [0x00000000d0000000,0x00000000d4c5ed58,0x00000000d5580000)
 Metaspace       used 65057K, capacity 66962K, committed 67328K, reserved 1110016K
  class space    used 6788K, capacity 7314K, committed 7424K, reserved 1048576K
}
Event: 26.584 GC heap before
{Heap before GC invocations=69 (full 6):
 PSYoungGen      total 219136K, used 207933K [0x00000000f0000000, 0x0000000100000000, 0x0000000100000000)
  eden space 178176K, 98% used [0x00000000f0000000,0x00000000fac3c530,0x00000000fae00000)
  from space 40960K, 77% used [0x00000000fd780000,0x00000000ff653040,0x00000000fff80000)
  to   space 41984K, 0% used [0x00000000fae00000,0x00000000fae00000,0x00000000fd700000)
 ParOldGen       total 87552K, used 78203K [0x00000000d0000000, 0x00000000d5580000, 0x00000000f0000000)
  object space 87552K, 89% used [0x00000000d0000000,0x00000000d4c5ed58,0x00000000d5580000)
 Metaspace       used 66005K, capacity 67934K, committed 68224K, reserved 1110016K
  class space    used 6916K, capacity 7445K, committed 7552K, reserved 1048576K
Event: 26.620 GC heap after
Heap after GC invocations=69 (full 6):
 PSYoungGen      total 212480K, used 33883K [0x00000000f0000000, 0x0000000100000000, 0x0000000100000000)
  eden space 178176K, 0% used [0x00000000f0000000,0x00000000f0000000,0x00000000fae00000)
  from space 34304K, 98% used [0x00000000fae00000,0x00000000fcf16d58,0x00000000fcf80000)
  to   space 43520K, 0% used [0x00000000fd580000,0x00000000fd580000,0x0000000100000000)
 ParOldGen       total 87552K, used 79475K [0x00000000d0000000, 0x00000000d5580000, 0x00000000f0000000)
  object space 87552K, 90% used [0x00000000d0000000,0x00000000d4d9cd58,0x00000000d5580000)
 Metaspace       used 66005K, capacity 67934K, committed 68224K, reserved 1110016K
  class space    used 6916K, capacity 7445K, committed 7552K, reserved 1048576K
}
Event: 27.681 GC heap before
{Heap before GC invocations=70 (full 6):
 PSYoungGen      total 212480K, used 212059K [0x00000000f0000000, 0x0000000100000000, 0x0000000100000000)
  eden space 178176K, 100% used [0x00000000f0000000,0x00000000fae00000,0x00000000fae00000)
  from space 34304K, 98% used [0x00000000fae00000,0x00000000fcf16d58,0x00000000fcf80000)
  to   space 43520K, 0% used [0x00000000fd580000,0x00000000fd580000,0x0000000100000000)
 ParOldGen       total 87552K, used 79475K [0x00000000d0000000, 0x00000000d5580000, 0x00000000f0000000)
  object space 87552K, 90% used [0x00000000d0000000,0x00000000d4d9cd58,0x00000000d5580000)
 Metaspace       used 67141K, capacity 69028K, committed 69248K, reserved 1112064K
  class space    used 7002K, capacity 7510K, committed 7552K, reserved 1048576K
Event: 27.723 GC heap after
Heap after GC invocations=70 (full 6):
 PSYoungGen      total 214528K, used 37262K [0x00000000f0000000, 0x0000000100000000, 0x0000000100000000)
  eden space 171008K, 0% used [0x00000000f0000000,0x00000000f0000000,0x00000000fa700000)
  from space 43520K, 85% used [0x00000000fd580000,0x00000000ff9e3b20,0x0000000100000000)
  to   space 45568K, 0% used [0x00000000fa700000,0x00000000fa700000,0x00000000fd380000)
 ParOldGen       total 87552K, used 81100K [0x00000000d0000000, 0x00000000d5580000, 0x00000000f0000000)
  object space 87552K, 92% used [0x00000000d0000000,0x00000000d4f33030,0x00000000d5580000)
 Metaspace       used 67141K, capacity 69028K, committed 69248K, reserved 1112064K
  class space    used 7002K, capacity 7510K, committed 7552K, reserved 1048576K
}
Event: 28.413 GC heap before
{Heap before GC invocations=71 (full 6):
 PSYoungGen      total 214528K, used 208270K [0x00000000f0000000, 0x0000000100000000, 0x0000000100000000)
  eden space 171008K, 100% used [0x00000000f0000000,0x00000000fa700000,0x00000000fa700000)
  from space 43520K, 85% used [0x00000000fd580000,0x00000000ff9e3b20,0x0000000100000000)
  to   space 45568K, 0% used [0x00000000fa700000,0x00000000fa700000,0x00000000fd380000)
 ParOldGen       total 87552K, used 81100K [0x00000000d0000000, 0x00000000d5580000, 0x00000000f0000000)
  object space 87552K, 92% used [0x00000000d0000000,0x00000000d4f33030,0x00000000d5580000)
 Metaspace       used 68778K, capacity 70698K, committed 71040K, reserved 1112064K
  class space    used 7245K, capacity 7767K, committed 7808K, reserved 1048576K
Event: 28.455 GC heap after
Heap after GC invocations=71 (full 6):
 PSYoungGen      total 212480K, used 41029K [0x00000000f0000000, 0x0000000100000000, 0x0000000100000000)
  eden space 171008K, 0% used [0x00000000f0000000,0x00000000f0000000,0x00000000fa700000)
  from space 41472K, 98% used [0x00000000fa700000,0x00000000fcf11778,0x00000000fcf80000)
  to   space 48640K, 0% used [0x00000000fd080000,0x00000000fd080000,0x0000000100000000)
 ParOldGen       total 87552K, used 84038K [0x00000000d0000000, 0x00000000d5580000, 0x00000000f0000000)
  object space 87552K, 95% used [0x00000000d0000000,0x00000000d5211828,0x00000000d5580000)
 Metaspace       used 68778K, capacity 70698K, committed 71040K, reserved 1112064K
  class space    used 7245K, capacity 7767K, committed 7808K, reserved 1048576K
}
Event: 28.455 GC heap before
{Heap before GC invocations=72 (full 7):
 PSYoungGen      total 212480K, used 41029K [0x00000000f0000000, 0x0000000100000000, 0x0000000100000000)
  eden space 171008K, 0% used [0x00000000f0000000,0x00000000f0000000,0x00000000fa700000)
  from space 41472K, 98% used [0x00000000fa700000,0x00000000fcf11778,0x00000000fcf80000)
  to   space 48640K, 0% used [0x00000000fd080000,0x00000000fd080000,0x0000000100000000)
 ParOldGen       total 87552K, used 84038K [0x00000000d0000000, 0x00000000d5580000, 0x00000000f0000000)
  object space 87552K, 95% used [0x00000000d0000000,0x00000000d5211828,0x00000000d5580000)
 Metaspace       used 68778K, capacity 70698K, committed 71040K, reserved 1112064K
  class space    used 7245K, capacity 7767K, committed 7808K, reserved 1048576K
Event: 29.079 GC heap after
Heap after GC invocations=72 (full 7):
 PSYoungGen      total 212480K, used 37077K [0x00000000f0000000, 0x0000000100000000, 0x0000000100000000)
  eden space 171008K, 0% used [0x00000000f0000000,0x00000000f0000000,0x00000000fa700000)
  from space 41472K, 89% used [0x00000000fa700000,0x00000000fcb35700,0x00000000fcf80000)
  to   space 48640K, 0% used [0x00000000fd080000,0x00000000fd080000,0x0000000100000000)
 ParOldGen       total 100352K, used 87348K [0x00000000d0000000, 0x00000000d6200000, 0x00000000f0000000)
  object space 100352K, 87% used [0x00000000d0000000,0x00000000d554d1e0,0x00000000d6200000)
 Metaspace       used 68774K, capacity 70692K, committed 71040K, reserved 1112064K
  class space    used 7244K, capacity 7766K, committed 7808K, reserved 1048576K
}

