# JRE version: Java(TM) SE Runtime Environment (8.0_05-b13) (build 1.8.0_05-b13)
# Java VM: Java HotSpot(TM) 64-Bit Server VM (25.5-b02 mixed mode windows-amd64 compressed oops)
Heap:
 PSYoungGen      total 216576K, used 207433K [0x00000000f0000000, 0x0000000100000000, 0x0000000100000000)
  eden space 177152K, 98% used [0x00000000f0000000,0x00000000faa41130,0x00000000fad00000)
  from space 39424K, 83% used [0x00000000fd980000,0x00000000ff9d1498,0x0000000100000000)
  to   space 42496K, 0% used [0x00000000fad00000,0x00000000fad00000,0x00000000fd680000)
 ParOldGen       total 109568K, used 93100K [0x00000000d0000000, 0x00000000d6b00000, 0x00000000f0000000)
  object space 109568K, 84% used [0x00000000d0000000,0x00000000d5aeb038,0x00000000d6b00000)
 Metaspace       used 70032K, capacity 72110K, committed 72276K, reserved 1114112K
  class space    used 7421K, capacity 7964K, committed 8064K, reserved 1048576K
GC Heap History (10 events):
Event: 20.768 GC heap before
{Heap before GC invocations=65 (full 6):
 PSYoungGen      total 227840K, used 226641K [0x00000000f0000000, 0x0000000100000000, 0x0000000100000000)
  eden space 200704K, 100% used [0x00000000f0000000,0x00000000fc400000,0x00000000fc400000)
  from space 27136K, 95% used [0x00000000fe580000,0x00000000ffed4468,0x0000000100000000)
  to   space 30720K, 0% used [0x00000000fc400000,0x00000000fc400000,0x00000000fe200000)
 ParOldGen       total 93184K, used 77423K [0x00000000d0000000, 0x00000000d5b00000, 0x00000000f0000000)
  object space 93184K, 83% used [0x00000000d0000000,0x00000000d4b9bcc8,0x00000000d5b00000)
 Metaspace       used 65087K, capacity 67036K, committed 67284K, reserved 1110016K
  class space    used 6793K, capacity 7316K, committed 7424K, reserved 1048576K
Event: 20.814 GC heap after
Heap after GC invocations=65 (full 6):
 PSYoungGen      total 231424K, used 30692K [0x00000000f0000000, 0x0000000100000000, 0x0000000100000000)
  eden space 200704K, 0% used [0x00000000f0000000,0x00000000f0000000,0x00000000fc400000)
  from space 30720K, 99% used [0x00000000fc400000,0x00000000fe1f91c0,0x00000000fe200000)
  to   space 30720K, 0% used [0x00000000fe200000,0x00000000fe200000,0x0000000100000000)
 ParOldGen       total 93184K, used 79127K [0x00000000d0000000, 0x00000000d5b00000, 0x00000000f0000000)
  object space 93184K, 84% used [0x00000000d0000000,0x00000000d4d45d40,0x00000000d5b00000)
 Metaspace       used 65087K, capacity 67036K, committed 67284K, reserved 1110016K
  class space    used 6793K, capacity 7316K, committed 7424K, reserved 1048576K
}
Event: 21.730 GC heap before
{Heap before GC invocations=66 (full 6):
 PSYoungGen      total 231424K, used 230751K [0x00000000f0000000, 0x0000000100000000, 0x0000000100000000)
  eden space 200704K, 99% used [0x00000000f0000000,0x00000000fc35ed50,0x00000000fc400000)
  from space 30720K, 99% used [0x00000000fc400000,0x00000000fe1f91c0,0x00000000fe200000)
  to   space 30720K, 0% used [0x00000000fe200000,0x00000000fe200000,0x0000000100000000)
 ParOldGen       total 93184K, used 79127K [0x00000000d0000000, 0x00000000d5b00000, 0x00000000f0000000)
  object space 93184K, 84% used [0x00000000d0000000,0x00000000d4d45d40,0x00000000d5b00000)
 Metaspace       used 66217K, capacity 68168K, committed 68436K, reserved 1110016K
  class space    used 6951K, capacity 7479K, committed 7552K, reserved 1048576K
Event: 21.767 GC heap after
Heap after GC invocations=66 (full 6):
 PSYoungGen      total 217088K, used 28429K [0x00000000f0000000, 0x0000000100000000, 0x0000000100000000)
  eden space 186368K, 0% used [0x00000000f0000000,0x00000000f0000000,0x00000000fb600000)
  from space 30720K, 92% used [0x00000000fe200000,0x00000000ffdc3470,0x0000000100000000)
  to   space 37888K, 0% used [0x00000000fb600000,0x00000000fb600000,0x00000000fdb00000)
 ParOldGen       total 93184K, used 86509K [0x00000000d0000000, 0x00000000d5b00000, 0x00000000f0000000)
  object space 93184K, 92% used [0x00000000d0000000,0x00000000d547b6e8,0x00000000d5b00000)
 Metaspace       used 66217K, capacity 68168K, committed 68436K, reserved 1110016K
  class space    used 6951K, capacity 7479K, committed 7552K, reserved 1048576K
}
Event: 21.767 GC heap before
{Heap before GC invocations=67 (full 7):
 PSYoungGen      total 217088K, used 28429K [0x00000000f0000000, 0x0000000100000000, 0x0000000100000000)
  eden space 186368K, 0% used [0x00000000f0000000,0x00000000f0000000,0x00000000fb600000)
  from space 30720K, 92% used [0x00000000fe200000,0x00000000ffdc3470,0x0000000100000000)
  to   space 37888K, 0% used [0x00000000fb600000,0x00000000fb600000,0x00000000fdb00000)
 ParOldGen       total 93184K, used 86509K [0x00000000d0000000, 0x00000000d5b00000, 0x00000000f0000000)
  object space 93184K, 92% used [0x00000000d0000000,0x00000000d547b6e8,0x00000000d5b00000)
 Metaspace       used 66217K, capacity 68168K, committed 68436K, reserved 1110016K
  class space    used 6951K, capacity 7479K, committed 7552K, reserved 1048576K
Event: 22.331 GC heap after
Heap after GC invocations=67 (full 7):
 PSYoungGen      total 217088K, used 20483K [0x00000000f0000000, 0x0000000100000000, 0x0000000100000000)
  eden space 186368K, 0% used [0x00000000f0000000,0x00000000f0000000,0x00000000fb600000)
  from space 30720K, 66% used [0x00000000fe200000,0x00000000ff600ef0,0x0000000100000000)
  to   space 37888K, 0% used [0x00000000fb600000,0x00000000fb600000,0x00000000fdb00000)
 ParOldGen       total 109568K, used 93092K [0x00000000d0000000, 0x00000000d6b00000, 0x00000000f0000000)
  object space 109568K, 84% used [0x00000000d0000000,0x00000000d5ae9038,0x00000000d6b00000)
 Metaspace       used 66217K, capacity 68168K, committed 68436K, reserved 1110016K
  class space    used 6951K, capacity 7479K, committed 7552K, reserved 1048576K
}
Event: 23.660 GC heap before
{Heap before GC invocations=68 (full 7):
 PSYoungGen      total 217088K, used 206851K [0x00000000f0000000, 0x0000000100000000, 0x0000000100000000)
  eden space 186368K, 100% used [0x00000000f0000000,0x00000000fb600000,0x00000000fb600000)
  from space 30720K, 66% used [0x00000000fe200000,0x00000000ff600ef0,0x0000000100000000)
  to   space 37888K, 0% used [0x00000000fb600000,0x00000000fb600000,0x00000000fdb00000)
 ParOldGen       total 109568K, used 93092K [0x00000000d0000000, 0x00000000d6b00000, 0x00000000f0000000)
  object space 109568K, 84% used [0x00000000d0000000,0x00000000d5ae9038,0x00000000d6b00000)
 Metaspace       used 67472K, capacity 69454K, committed 69716K, reserved 1112064K
  class space    used 7033K, capacity 7544K, committed 7552K, reserved 1048576K
Event: 23.701 GC heap after
Heap after GC invocations=68 (full 7):
 PSYoungGen      total 213504K, used 26789K [0x00000000f0000000, 0x0000000100000000, 0x0000000100000000)
  eden space 186368K, 0% used [0x00000000f0000000,0x00000000f0000000,0x00000000fb600000)
  from space 27136K, 98% used [0x00000000fb600000,0x00000000fd0296d8,0x00000000fd080000)
  to   space 39424K, 0% used [0x00000000fd980000,0x00000000fd980000,0x0000000100000000)
 ParOldGen       total 109568K, used 93100K [0x00000000d0000000, 0x00000000d6b00000, 0x00000000f0000000)
  object space 109568K, 84% used [0x00000000d0000000,0x00000000d5aeb038,0x00000000d6b00000)
 Metaspace       used 67472K, capacity 69454K, committed 69716K, reserved 1112064K
  class space    used 7033K, capacity 7544K, committed 7552K, reserved 1048576K
}
Event: 24.429 GC heap before
{Heap before GC invocations=69 (full 7):
 PSYoungGen      total 213504K, used 213157K [0x00000000f0000000, 0x0000000100000000, 0x0000000100000000)
  eden space 186368K, 100% used [0x00000000f0000000,0x00000000fb600000,0x00000000fb600000)
  from space 27136K, 98% used [0x00000000fb600000,0x00000000fd0296d8,0x00000000fd080000)
  to   space 39424K, 0% used [0x00000000fd980000,0x00000000fd980000,0x0000000100000000)
 ParOldGen       total 109568K, used 93100K [0x00000000d0000000, 0x00000000d6b00000, 0x00000000f0000000)
  object space 109568K, 84% used [0x00000000d0000000,0x00000000d5aeb038,0x00000000d6b00000)
 Metaspace       used 69075K, capacity 71000K, committed 71252K, reserved 1112064K
  class space    used 7271K, capacity 7775K, committed 7808K, reserved 1048576K
Event: 24.470 GC heap after
Heap after GC invocations=69 (full 7):
 PSYoungGen      total 216576K, used 33093K [0x00000000f0000000, 0x0000000100000000, 0x0000000100000000)
  eden space 177152K, 0% used [0x00000000f0000000,0x00000000f0000000,0x00000000fad00000)
  from space 39424K, 83% used [0x00000000fd980000,0x00000000ff9d1498,0x0000000100000000)
  to   space 42496K, 0% used [0x00000000fad00000,0x00000000fad00000,0x00000000fd680000)
 ParOldGen       total 109568K, used 93100K [0x00000000d0000000, 0x00000000d6b00000, 0x00000000f0000000)
  object space 109568K, 84% used [0x00000000d0000000,0x00000000d5aeb038,0x00000000d6b00000)
 Metaspace       used 69075K, capacity 71000K, committed 71252K, reserved 1112064K
  class space    used 7271K, capacity 7775K, committed 7808K, reserved 1048576K
}

