# JRE version: Java(TM) SE Runtime Environment (8.0_05-b13) (build 1.8.0_05-b13)
# Java VM: Java HotSpot(TM) 64-Bit Server VM (25.5-b02 mixed mode windows-amd64 compressed oops)
Heap:
 PSYoungGen      total 195072K, used 130698K [0x00000000f0000000, 0x0000000100000000, 0x0000000100000000)
  eden space 147456K, 60% used [0x00000000f0000000,0x00000000f571dee8,0x00000000f9000000)
  from space 47616K, 87% used [0x00000000f9000000,0x00000000fb8849a8,0x00000000fbe80000)
  to   space 61952K, 0% used [0x00000000fc380000,0x00000000fc380000,0x0000000100000000)
 ParOldGen       total 101376K, used 88616K [0x00000000d0000000, 0x00000000d6300000, 0x00000000f0000000)
  object space 101376K, 87% used [0x00000000d0000000,0x00000000d568a1f8,0x00000000d6300000)
 Metaspace       used 70343K, capacity 72328K, committed 72432K, reserved 1114112K
  class space    used 7414K, capacity 7935K, committed 7936K, reserved 1048576K
GC Heap History (10 events):
Event: 29.611 GC heap before
{Heap before GC invocations=54 (full 4):
 PSYoungGen      total 224768K, used 224765K [0x00000000f0000000, 0x0000000100000000, 0x0000000100000000)
  eden space 188416K, 100% used [0x00000000f0000000,0x00000000fb800000,0x00000000fb800000)
  from space 36352K, 99% used [0x00000000fb800000,0x00000000fdb7f6a8,0x00000000fdb80000)
  to   space 37376K, 0% used [0x00000000fdb80000,0x00000000fdb80000,0x0000000100000000)
 ParOldGen       total 89088K, used 75060K [0x00000000d0000000, 0x00000000d5700000, 0x00000000f0000000)
  object space 89088K, 84% used [0x00000000d0000000,0x00000000d494d0e0,0x00000000d5700000)
 Metaspace       used 66327K, capacity 68172K, committed 68592K, reserved 1110016K
  class space    used 6911K, capacity 7419K, committed 7424K, reserved 1048576K
Event: 29.652 GC heap after
Heap after GC invocations=54 (full 4):
 PSYoungGen      total 206336K, used 37349K [0x00000000f0000000, 0x0000000100000000, 0x0000000100000000)
  eden space 168960K, 0% used [0x00000000f0000000,0x00000000f0000000,0x00000000fa500000)
  from space 37376K, 99% used [0x00000000fdb80000,0x00000000ffff95d0,0x0000000100000000)
  to   space 46592K, 0% used [0x00000000fa500000,0x00000000fa500000,0x00000000fd280000)
 ParOldGen       total 89088K, used 78194K [0x00000000d0000000, 0x00000000d5700000, 0x00000000f0000000)
  object space 89088K, 87% used [0x00000000d0000000,0x00000000d4c5cbb8,0x00000000d5700000)
 Metaspace       used 66327K, capacity 68172K, committed 68592K, reserved 1110016K
  class space    used 6911K, capacity 7419K, committed 7424K, reserved 1048576K
}
Event: 31.144 GC heap before
{Heap before GC invocations=55 (full 4):
 PSYoungGen      total 206336K, used 206309K [0x00000000f0000000, 0x0000000100000000, 0x0000000100000000)
  eden space 168960K, 100% used [0x00000000f0000000,0x00000000fa500000,0x00000000fa500000)
  from space 37376K, 99% used [0x00000000fdb80000,0x00000000ffff95d0,0x0000000100000000)
  to   space 46592K, 0% used [0x00000000fa500000,0x00000000fa500000,0x00000000fd280000)
 ParOldGen       total 89088K, used 78194K [0x00000000d0000000, 0x00000000d5700000, 0x00000000f0000000)
  object space 89088K, 87% used [0x00000000d0000000,0x00000000d4c5cbb8,0x00000000d5700000)
 Metaspace       used 67526K, capacity 69362K, committed 69744K, reserved 1112064K
  class space    used 6999K, capacity 7516K, committed 7552K, reserved 1048576K
Event: 31.183 GC heap after
Heap after GC invocations=55 (full 4):
 PSYoungGen      total 210432K, used 41128K [0x00000000f0000000, 0x0000000100000000, 0x0000000100000000)
  eden space 168960K, 0% used [0x00000000f0000000,0x00000000f0000000,0x00000000fa500000)
  from space 41472K, 99% used [0x00000000fa500000,0x00000000fcd2a388,0x00000000fcd80000)
  to   space 51200K, 0% used [0x00000000fce00000,0x00000000fce00000,0x0000000100000000)
 ParOldGen       total 89088K, used 80274K [0x00000000d0000000, 0x00000000d5700000, 0x00000000f0000000)
  object space 89088K, 90% used [0x00000000d0000000,0x00000000d4e64bb8,0x00000000d5700000)
 Metaspace       used 67526K, capacity 69362K, committed 69744K, reserved 1112064K
  class space    used 6999K, capacity 7516K, committed 7552K, reserved 1048576K
}
Event: 31.967 GC heap before
{Heap before GC invocations=56 (full 4):
 PSYoungGen      total 210432K, used 205622K [0x00000000f0000000, 0x0000000100000000, 0x0000000100000000)
  eden space 168960K, 97% used [0x00000000f0000000,0x00000000fa0a36d8,0x00000000fa500000)
  from space 41472K, 99% used [0x00000000fa500000,0x00000000fcd2a388,0x00000000fcd80000)
  to   space 51200K, 0% used [0x00000000fce00000,0x00000000fce00000,0x0000000100000000)
 ParOldGen       total 89088K, used 80274K [0x00000000d0000000, 0x00000000d5700000, 0x00000000f0000000)
  object space 89088K, 90% used [0x00000000d0000000,0x00000000d4e64bb8,0x00000000d5700000)
 Metaspace       used 69241K, capacity 71064K, committed 71536K, reserved 1114112K
  class space    used 7243K, capacity 7741K, committed 7808K, reserved 1048576K
Event: 32.001 GC heap after
Heap after GC invocations=56 (full 4):
 PSYoungGen      total 198656K, used 48467K [0x00000000f0000000, 0x0000000100000000, 0x0000000100000000)
  eden space 147456K, 0% used [0x00000000f0000000,0x00000000f0000000,0x00000000f9000000)
  from space 51200K, 94% used [0x00000000fce00000,0x00000000ffd54f80,0x0000000100000000)
  to   space 57344K, 0% used [0x00000000f9000000,0x00000000f9000000,0x00000000fc800000)
 ParOldGen       total 89088K, used 80282K [0x00000000d0000000, 0x00000000d5700000, 0x00000000f0000000)
  object space 89088K, 90% used [0x00000000d0000000,0x00000000d4e66bb8,0x00000000d5700000)
 Metaspace       used 69241K, capacity 71064K, committed 71536K, reserved 1114112K
  class space    used 7243K, capacity 7741K, committed 7808K, reserved 1048576K
}
Event: 32.568 GC heap before
{Heap before GC invocations=57 (full 4):
 PSYoungGen      total 198656K, used 195923K [0x00000000f0000000, 0x0000000100000000, 0x0000000100000000)
  eden space 147456K, 100% used [0x00000000f0000000,0x00000000f9000000,0x00000000f9000000)
  from space 51200K, 94% used [0x00000000fce00000,0x00000000ffd54f80,0x0000000100000000)
  to   space 57344K, 0% used [0x00000000f9000000,0x00000000f9000000,0x00000000fc800000)
 ParOldGen       total 89088K, used 80282K [0x00000000d0000000, 0x00000000d5700000, 0x00000000f0000000)
  object space 89088K, 90% used [0x00000000d0000000,0x00000000d4e66bb8,0x00000000d5700000)
 Metaspace       used 69762K, capacity 71714K, committed 72176K, reserved 1114112K
  class space    used 7325K, capacity 7844K, committed 7936K, reserved 1048576K
Event: 32.612 GC heap after
Heap after GC invocations=57 (full 4):
 PSYoungGen      total 195072K, used 47516K [0x00000000f0000000, 0x0000000100000000, 0x0000000100000000)
  eden space 147456K, 0% used [0x00000000f0000000,0x00000000f0000000,0x00000000f9000000)
  from space 47616K, 99% used [0x00000000f9000000,0x00000000fbe671b8,0x00000000fbe80000)
  to   space 61952K, 0% used [0x00000000fc380000,0x00000000fc380000,0x0000000100000000)
 ParOldGen       total 89088K, used 84193K [0x00000000d0000000, 0x00000000d5700000, 0x00000000f0000000)
  object space 89088K, 94% used [0x00000000d0000000,0x00000000d5238640,0x00000000d5700000)
 Metaspace       used 69762K, capacity 71714K, committed 72176K, reserved 1114112K
  class space    used 7325K, capacity 7844K, committed 7936K, reserved 1048576K
}
Event: 32.612 GC heap before
{Heap before GC invocations=58 (full 5):
 PSYoungGen      total 195072K, used 47516K [0x00000000f0000000, 0x0000000100000000, 0x0000000100000000)
  eden space 147456K, 0% used [0x00000000f0000000,0x00000000f0000000,0x00000000f9000000)
  from space 47616K, 99% used [0x00000000f9000000,0x00000000fbe671b8,0x00000000fbe80000)
  to   space 61952K, 0% used [0x00000000fc380000,0x00000000fc380000,0x0000000100000000)
 ParOldGen       total 89088K, used 84193K [0x00000000d0000000, 0x00000000d5700000, 0x00000000f0000000)
  object space 89088K, 94% used [0x00000000d0000000,0x00000000d5238640,0x00000000d5700000)
 Metaspace       used 69762K, capacity 71714K, committed 72176K, reserved 1114112K
  class space    used 7325K, capacity 7844K, committed 7936K, reserved 1048576K
Event: 33.565 GC heap after
Heap after GC invocations=58 (full 5):
 PSYoungGen      total 195072K, used 41490K [0x00000000f0000000, 0x0000000100000000, 0x0000000100000000)
  eden space 147456K, 0% used [0x00000000f0000000,0x00000000f0000000,0x00000000f9000000)
  from space 47616K, 87% used [0x00000000f9000000,0x00000000fb8849a8,0x00000000fbe80000)
  to   space 61952K, 0% used [0x00000000fc380000,0x00000000fc380000,0x0000000100000000)
 ParOldGen       total 101376K, used 88616K [0x00000000d0000000, 0x00000000d6300000, 0x00000000f0000000)
  object space 101376K, 87% used [0x00000000d0000000,0x00000000d568a1f8,0x00000000d6300000)
 Metaspace       used 69758K, capacity 71708K, committed 72176K, reserved 1114112K
  class space    used 7325K, capacity 7843K, committed 7936K, reserved 1048576K
}

