# JRE version: Java(TM) SE Runtime Environment (8.0_05-b13) (build 1.8.0_05-b13)
# Java VM: Java HotSpot(TM) 64-Bit Server VM (25.5-b02 mixed mode windows-amd64 compressed oops)
Heap:
 PSYoungGen      total 198656K, used 115618K [0x00000000f0000000, 0x0000000100000000, 0x0000000100000000)
  eden space 160768K, 52% used [0x00000000f0000000,0x00000000f5232738,0x00000000f9d00000)
  from space 37888K, 83% used [0x00000000fdb00000,0x00000000ff9b61c0,0x0000000100000000)
  to   space 50688K, 0% used [0x00000000f9d00000,0x00000000f9d00000,0x00000000fce80000)
 ParOldGen       total 117760K, used 101328K [0x00000000d0000000, 0x00000000d7300000, 0x00000000f0000000)
  object space 117760K, 86% used [0x00000000d0000000,0x00000000d62f40c0,0x00000000d7300000)
 Metaspace       used 70830K, capacity 72876K, committed 73088K, reserved 1114112K
  class space    used 7469K, capacity 8003K, committed 8064K, reserved 1048576K
GC Heap History (10 events):
Event: 28.864 GC heap before
{Heap before GC invocations=58 (full 5):
 PSYoungGen      total 227328K, used 227312K [0x00000000f0000000, 0x0000000100000000, 0x0000000100000000)
  eden space 202752K, 100% used [0x00000000f0000000,0x00000000fc600000,0x00000000fc600000)
  from space 24576K, 99% used [0x00000000fe800000,0x00000000ffffc030,0x0000000100000000)
  to   space 29696K, 0% used [0x00000000fc600000,0x00000000fc600000,0x00000000fe300000)
 ParOldGen       total 101376K, used 85993K [0x00000000d0000000, 0x00000000d6300000, 0x00000000f0000000)
  object space 101376K, 84% used [0x00000000d0000000,0x00000000d53fa528,0x00000000d6300000)
 Metaspace       used 66127K, capacity 67944K, committed 68352K, reserved 1110016K
  class space    used 6877K, capacity 7387K, committed 7424K, reserved 1048576K
Event: 28.906 GC heap after
Heap after GC invocations=58 (full 5):
 PSYoungGen      total 229888K, used 27124K [0x00000000f0000000, 0x0000000100000000, 0x0000000100000000)
  eden space 202752K, 0% used [0x00000000f0000000,0x00000000f0000000,0x00000000fc600000)
  from space 27136K, 99% used [0x00000000fc600000,0x00000000fe07d088,0x00000000fe080000)
  to   space 32256K, 0% used [0x00000000fe080000,0x00000000fe080000,0x0000000100000000)
 ParOldGen       total 101376K, used 89965K [0x00000000d0000000, 0x00000000d6300000, 0x00000000f0000000)
  object space 101376K, 88% used [0x00000000d0000000,0x00000000d57db708,0x00000000d6300000)
 Metaspace       used 66127K, capacity 67944K, committed 68352K, reserved 1110016K
  class space    used 6877K, capacity 7387K, committed 7424K, reserved 1048576K
}
Event: 30.066 GC heap before
{Heap before GC invocations=59 (full 5):
 PSYoungGen      total 229888K, used 229876K [0x00000000f0000000, 0x0000000100000000, 0x0000000100000000)
  eden space 202752K, 100% used [0x00000000f0000000,0x00000000fc600000,0x00000000fc600000)
  from space 27136K, 99% used [0x00000000fc600000,0x00000000fe07d088,0x00000000fe080000)
  to   space 32256K, 0% used [0x00000000fe080000,0x00000000fe080000,0x0000000100000000)
 ParOldGen       total 101376K, used 89965K [0x00000000d0000000, 0x00000000d6300000, 0x00000000f0000000)
  object space 101376K, 88% used [0x00000000d0000000,0x00000000d57db708,0x00000000d6300000)
 Metaspace       used 67563K, capacity 69358K, committed 69760K, reserved 1112064K
  class space    used 6997K, capacity 7516K, committed 7552K, reserved 1048576K
Event: 30.106 GC heap after
Heap after GC invocations=59 (full 5):
 PSYoungGen      total 218624K, used 31908K [0x00000000f0000000, 0x0000000100000000, 0x0000000100000000)
  eden space 186368K, 0% used [0x00000000f0000000,0x00000000f0000000,0x00000000fb600000)
  from space 32256K, 98% used [0x00000000fe080000,0x00000000fffa93c0,0x0000000100000000)
  to   space 37888K, 0% used [0x00000000fb600000,0x00000000fb600000,0x00000000fdb00000)
 ParOldGen       total 101376K, used 89973K [0x00000000d0000000, 0x00000000d6300000, 0x00000000f0000000)
  object space 101376K, 88% used [0x00000000d0000000,0x00000000d57dd708,0x00000000d6300000)
 Metaspace       used 67563K, capacity 69358K, committed 69760K, reserved 1112064K
  class space    used 6997K, capacity 7516K, committed 7552K, reserved 1048576K
}
Event: 30.961 GC heap before
{Heap before GC invocations=60 (full 5):
 PSYoungGen      total 218624K, used 218276K [0x00000000f0000000, 0x0000000100000000, 0x0000000100000000)
  eden space 186368K, 100% used [0x00000000f0000000,0x00000000fb600000,0x00000000fb600000)
  from space 32256K, 98% used [0x00000000fe080000,0x00000000fffa93c0,0x0000000100000000)
  to   space 37888K, 0% used [0x00000000fb600000,0x00000000fb600000,0x00000000fdb00000)
 ParOldGen       total 101376K, used 89973K [0x00000000d0000000, 0x00000000d6300000, 0x00000000f0000000)
  object space 101376K, 88% used [0x00000000d0000000,0x00000000d57dd708,0x00000000d6300000)
 Metaspace       used 69357K, capacity 71124K, committed 71552K, reserved 1114112K
  class space    used 7249K, capacity 7741K, committed 7808K, reserved 1048576K
Event: 31.006 GC heap after
Heap after GC invocations=60 (full 5):
 PSYoungGen      total 224256K, used 37856K [0x00000000f0000000, 0x0000000100000000, 0x0000000100000000)
  eden space 186368K, 0% used [0x00000000f0000000,0x00000000f0000000,0x00000000fb600000)
  from space 37888K, 99% used [0x00000000fb600000,0x00000000fdaf81b8,0x00000000fdb00000)
  to   space 37888K, 0% used [0x00000000fdb00000,0x00000000fdb00000,0x0000000100000000)
 ParOldGen       total 101376K, used 91669K [0x00000000d0000000, 0x00000000d6300000, 0x00000000f0000000)
  object space 101376K, 90% used [0x00000000d0000000,0x00000000d5985450,0x00000000d6300000)
 Metaspace       used 69357K, capacity 71124K, committed 71552K, reserved 1114112K
  class space    used 7249K, capacity 7741K, committed 7808K, reserved 1048576K
}
Event: 31.788 GC heap before
{Heap before GC invocations=61 (full 5):
 PSYoungGen      total 224256K, used 214955K [0x00000000f0000000, 0x0000000100000000, 0x0000000100000000)
  eden space 186368K, 95% used [0x00000000f0000000,0x00000000facf2df8,0x00000000fb600000)
  from space 37888K, 99% used [0x00000000fb600000,0x00000000fdaf81b8,0x00000000fdb00000)
  to   space 37888K, 0% used [0x00000000fdb00000,0x00000000fdb00000,0x0000000100000000)
 ParOldGen       total 101376K, used 91669K [0x00000000d0000000, 0x00000000d6300000, 0x00000000f0000000)
  object space 101376K, 90% used [0x00000000d0000000,0x00000000d5985450,0x00000000d6300000)
 Metaspace       used 70184K, capacity 72164K, committed 72448K, reserved 1114112K
  class space    used 7380K, capacity 7898K, committed 7936K, reserved 1048576K
Event: 31.850 GC heap after
Heap after GC invocations=61 (full 5):
 PSYoungGen      total 198656K, used 37867K [0x00000000f0000000, 0x0000000100000000, 0x0000000100000000)
  eden space 160768K, 0% used [0x00000000f0000000,0x00000000f0000000,0x00000000f9d00000)
  from space 37888K, 99% used [0x00000000fdb00000,0x00000000ffffaec8,0x0000000100000000)
  to   space 50688K, 0% used [0x00000000f9d00000,0x00000000f9d00000,0x00000000fce80000)
 ParOldGen       total 101376K, used 97465K [0x00000000d0000000, 0x00000000d6300000, 0x00000000f0000000)
  object space 101376K, 96% used [0x00000000d0000000,0x00000000d5f2e478,0x00000000d6300000)
 Metaspace       used 70184K, capacity 72164K, committed 72448K, reserved 1114112K
  class space    used 7380K, capacity 7898K, committed 7936K, reserved 1048576K
}
Event: 31.850 GC heap before
{Heap before GC invocations=62 (full 6):
 PSYoungGen      total 198656K, used 37867K [0x00000000f0000000, 0x0000000100000000, 0x0000000100000000)
  eden space 160768K, 0% used [0x00000000f0000000,0x00000000f0000000,0x00000000f9d00000)
  from space 37888K, 99% used [0x00000000fdb00000,0x00000000ffffaec8,0x0000000100000000)
  to   space 50688K, 0% used [0x00000000f9d00000,0x00000000f9d00000,0x00000000fce80000)
 ParOldGen       total 101376K, used 97465K [0x00000000d0000000, 0x00000000d6300000, 0x00000000f0000000)
  object space 101376K, 96% used [0x00000000d0000000,0x00000000d5f2e478,0x00000000d6300000)
 Metaspace       used 70184K, capacity 72164K, committed 72448K, reserved 1114112K
  class space    used 7380K, capacity 7898K, committed 7936K, reserved 1048576K
Event: 32.661 GC heap after
Heap after GC invocations=62 (full 6):
 PSYoungGen      total 198656K, used 31448K [0x00000000f0000000, 0x0000000100000000, 0x0000000100000000)
  eden space 160768K, 0% used [0x00000000f0000000,0x00000000f0000000,0x00000000f9d00000)
  from space 37888K, 83% used [0x00000000fdb00000,0x00000000ff9b61c0,0x0000000100000000)
  to   space 50688K, 0% used [0x00000000f9d00000,0x00000000f9d00000,0x00000000fce80000)
 ParOldGen       total 117760K, used 101328K [0x00000000d0000000, 0x00000000d7300000, 0x00000000f0000000)
  object space 117760K, 86% used [0x00000000d0000000,0x00000000d62f40c0,0x00000000d7300000)
 Metaspace       used 70181K, capacity 72158K, committed 72448K, reserved 1114112K
  class space    used 7379K, capacity 7897K, committed 7936K, reserved 1048576K
}

