# JRE version: Java(TM) SE Runtime Environment (8.0_05-b13) (build 1.8.0_05-b13)
# Java VM: Java HotSpot(TM) 64-Bit Server VM (25.5-b02 mixed mode windows-amd64 compressed oops)
Heap:
 PSYoungGen      total 199680K, used 53985K [0x00000000f0000000, 0x0000000100000000, 0x0000000100000000)
  eden space 160768K, 9% used [0x00000000f0000000,0x00000000f0f32c68,0x00000000f9d00000)
  from space 38912K, 98% used [0x00000000f9d00000,0x00000000fc285970,0x00000000fc300000)
  to   space 53248K, 0% used [0x00000000fcc00000,0x00000000fcc00000,0x0000000100000000)
 ParOldGen       total 107520K, used 93859K [0x00000000d0000000, 0x00000000d6900000, 0x00000000f0000000)
  object space 107520K, 87% used [0x00000000d0000000,0x00000000d5ba8c78,0x00000000d6900000)
 Metaspace       used 70104K, capacity 72122K, committed 72288K, reserved 1114112K
  class space    used 7454K, capacity 7984K, committed 8064K, reserved 1048576K
GC Heap History (10 events):
Event: 28.352 GC heap after
Heap after GC invocations=67 (full 6):
 PSYoungGen      total 216576K, used 30492K [0x00000000f0000000, 0x0000000100000000, 0x0000000100000000)
  eden space 173056K, 0% used [0x00000000f0000000,0x00000000f0000000,0x00000000fa900000)
  from space 43520K, 70% used [0x00000000fa900000,0x00000000fc6c72a8,0x00000000fd380000)
  to   space 45056K, 0% used [0x00000000fd400000,0x00000000fd400000,0x0000000100000000)
 ParOldGen       total 92672K, used 82000K [0x00000000d0000000, 0x00000000d5a80000, 0x00000000f0000000)
  object space 92672K, 88% used [0x00000000d0000000,0x00000000d50143f0,0x00000000d5a80000)
 Metaspace       used 65461K, capacity 67422K, committed 67808K, reserved 1110016K
  class space    used 6844K, capacity 7381K, committed 7424K, reserved 1048576K
}
Event: 29.179 GC heap before
{Heap before GC invocations=68 (full 6):
 PSYoungGen      total 216576K, used 203548K [0x00000000f0000000, 0x0000000100000000, 0x0000000100000000)
  eden space 173056K, 100% used [0x00000000f0000000,0x00000000fa900000,0x00000000fa900000)
  from space 43520K, 70% used [0x00000000fa900000,0x00000000fc6c72a8,0x00000000fd380000)
  to   space 45056K, 0% used [0x00000000fd400000,0x00000000fd400000,0x0000000100000000)
 ParOldGen       total 92672K, used 82000K [0x00000000d0000000, 0x00000000d5a80000, 0x00000000f0000000)
  object space 92672K, 88% used [0x00000000d0000000,0x00000000d50143f0,0x00000000d5a80000)
 Metaspace       used 66255K, capacity 68164K, committed 68448K, reserved 1110016K
  class space    used 6955K, capacity 7478K, committed 7552K, reserved 1048576K
Event: 29.216 GC heap after
Heap after GC invocations=68 (full 6):
 PSYoungGen      total 216064K, used 28721K [0x00000000f0000000, 0x0000000100000000, 0x0000000100000000)
  eden space 171008K, 0% used [0x00000000f0000000,0x00000000f0000000,0x00000000fa700000)
  from space 45056K, 63% used [0x00000000fd400000,0x00000000ff00c7f0,0x0000000100000000)
  to   space 45568K, 0% used [0x00000000fa700000,0x00000000fa700000,0x00000000fd380000)
 ParOldGen       total 92672K, used 84780K [0x00000000d0000000, 0x00000000d5a80000, 0x00000000f0000000)
  object space 92672K, 91% used [0x00000000d0000000,0x00000000d52cb268,0x00000000d5a80000)
 Metaspace       used 66255K, capacity 68164K, committed 68448K, reserved 1110016K
  class space    used 6955K, capacity 7478K, committed 7552K, reserved 1048576K
}
Event: 30.782 GC heap before
{Heap before GC invocations=69 (full 6):
 PSYoungGen      total 216064K, used 199729K [0x00000000f0000000, 0x0000000100000000, 0x0000000100000000)
  eden space 171008K, 100% used [0x00000000f0000000,0x00000000fa700000,0x00000000fa700000)
  from space 45056K, 63% used [0x00000000fd400000,0x00000000ff00c7f0,0x0000000100000000)
  to   space 45568K, 0% used [0x00000000fa700000,0x00000000fa700000,0x00000000fd380000)
 ParOldGen       total 92672K, used 84780K [0x00000000d0000000, 0x00000000d5a80000, 0x00000000f0000000)
  object space 92672K, 91% used [0x00000000d0000000,0x00000000d52cb268,0x00000000d5a80000)
 Metaspace       used 68386K, capacity 70314K, committed 70752K, reserved 1112064K
  class space    used 7192K, capacity 7703K, committed 7808K, reserved 1048576K
Event: 30.818 GC heap after
Heap after GC invocations=69 (full 6):
 PSYoungGen      total 209408K, used 38288K [0x00000000f0000000, 0x0000000100000000, 0x0000000100000000)
  eden space 171008K, 0% used [0x00000000f0000000,0x00000000f0000000,0x00000000fa700000)
  from space 38400K, 99% used [0x00000000fa700000,0x00000000fcc64250,0x00000000fcc80000)
  to   space 49664K, 0% used [0x00000000fcf80000,0x00000000fcf80000,0x0000000100000000)
 ParOldGen       total 92672K, used 86172K [0x00000000d0000000, 0x00000000d5a80000, 0x00000000f0000000)
  object space 92672K, 92% used [0x00000000d0000000,0x00000000d5427268,0x00000000d5a80000)
 Metaspace       used 68386K, capacity 70314K, committed 70752K, reserved 1112064K
  class space    used 7192K, capacity 7703K, committed 7808K, reserved 1048576K
}
Event: 30.818 GC heap before
{Heap before GC invocations=70 (full 7):
 PSYoungGen      total 209408K, used 38288K [0x00000000f0000000, 0x0000000100000000, 0x0000000100000000)
  eden space 171008K, 0% used [0x00000000f0000000,0x00000000f0000000,0x00000000fa700000)
  from space 38400K, 99% used [0x00000000fa700000,0x00000000fcc64250,0x00000000fcc80000)
  to   space 49664K, 0% used [0x00000000fcf80000,0x00000000fcf80000,0x0000000100000000)
 ParOldGen       total 92672K, used 86172K [0x00000000d0000000, 0x00000000d5a80000, 0x00000000f0000000)
  object space 92672K, 92% used [0x00000000d0000000,0x00000000d5427268,0x00000000d5a80000)
 Metaspace       used 68386K, capacity 70314K, committed 70752K, reserved 1112064K
  class space    used 7192K, capacity 7703K, committed 7808K, reserved 1048576K
Event: 31.619 GC heap after
Heap after GC invocations=70 (full 7):
 PSYoungGen      total 209408K, used 31329K [0x00000000f0000000, 0x0000000100000000, 0x0000000100000000)
  eden space 171008K, 0% used [0x00000000f0000000,0x00000000f0000000,0x00000000fa700000)
  from space 38400K, 81% used [0x00000000fa700000,0x00000000fc598578,0x00000000fcc80000)
  to   space 49664K, 0% used [0x00000000fcf80000,0x00000000fcf80000,0x0000000100000000)
 ParOldGen       total 107520K, used 92434K [0x00000000d0000000, 0x00000000d6900000, 0x00000000f0000000)
  object space 107520K, 85% used [0x00000000d0000000,0x00000000d5a44ab8,0x00000000d6900000)
 Metaspace       used 68382K, capacity 70308K, committed 70752K, reserved 1112064K
  class space    used 7191K, capacity 7702K, committed 7808K, reserved 1048576K
}
Event: 32.378 GC heap before
{Heap before GC invocations=71 (full 7):
 PSYoungGen      total 209408K, used 202337K [0x00000000f0000000, 0x0000000100000000, 0x0000000100000000)
  eden space 171008K, 100% used [0x00000000f0000000,0x00000000fa700000,0x00000000fa700000)
  from space 38400K, 81% used [0x00000000fa700000,0x00000000fc598578,0x00000000fcc80000)
  to   space 49664K, 0% used [0x00000000fcf80000,0x00000000fcf80000,0x0000000100000000)
 ParOldGen       total 107520K, used 92434K [0x00000000d0000000, 0x00000000d6900000, 0x00000000f0000000)
  object space 107520K, 85% used [0x00000000d0000000,0x00000000d5a44ab8,0x00000000d6900000)
 Metaspace       used 68993K, capacity 70920K, committed 71264K, reserved 1112064K
  class space    used 7271K, capacity 7772K, committed 7808K, reserved 1048576K
Event: 32.414 GC heap after
Heap after GC invocations=71 (full 7):
 PSYoungGen      total 210432K, used 32538K [0x00000000f0000000, 0x0000000100000000, 0x0000000100000000)
  eden space 160768K, 0% used [0x00000000f0000000,0x00000000f0000000,0x00000000f9d00000)
  from space 49664K, 65% used [0x00000000fcf80000,0x00000000fef46bb8,0x0000000100000000)
  to   space 50688K, 0% used [0x00000000f9d00000,0x00000000f9d00000,0x00000000fce80000)
 ParOldGen       total 107520K, used 93715K [0x00000000d0000000, 0x00000000d6900000, 0x00000000f0000000)
  object space 107520K, 87% used [0x00000000d0000000,0x00000000d5b84c78,0x00000000d6900000)
 Metaspace       used 68993K, capacity 70920K, committed 71264K, reserved 1112064K
  class space    used 7271K, capacity 7772K, committed 7808K, reserved 1048576K
}
Event: 33.143 GC heap before
{Heap before GC invocations=72 (full 7):
 PSYoungGen      total 210432K, used 192790K [0x00000000f0000000, 0x0000000100000000, 0x0000000100000000)
  eden space 160768K, 99% used [0x00000000f0000000,0x00000000f9c7f010,0x00000000f9d00000)
  from space 49664K, 65% used [0x00000000fcf80000,0x00000000fef46bb8,0x0000000100000000)
  to   space 50688K, 0% used [0x00000000f9d00000,0x00000000f9d00000,0x00000000fce80000)
 ParOldGen       total 107520K, used 93715K [0x00000000d0000000, 0x00000000d6900000, 0x00000000f0000000)
  object space 107520K, 87% used [0x00000000d0000000,0x00000000d5b84c78,0x00000000d6900000)
 Metaspace       used 70021K, capacity 72034K, committed 72288K, reserved 1114112K
  class space    used 7443K, capacity 7979K, committed 8064K, reserved 1048576K

