# JRE version: Java(TM) SE Runtime Environment (8.0_05-b13) (build 1.8.0_05-b13)
# Java VM: Java HotSpot(TM) 64-Bit Server VM (25.5-b02 mixed mode windows-amd64 compressed oops)
Heap:
 PSYoungGen      total 192512K, used 126006K [0x00000000f0000000, 0x0000000100000000, 0x0000000100000000)
  eden space 146432K, 54% used [0x00000000f0000000,0x00000000f4e4d2b8,0x00000000f8f00000)
  from space 46080K, 99% used [0x00000000f8f00000,0x00000000fbbc07e8,0x00000000fbc00000)
  to   space 61440K, 0% used [0x00000000fc400000,0x00000000fc400000,0x0000000100000000)
 ParOldGen       total 104448K, used 92989K [0x00000000d0000000, 0x00000000d6600000, 0x00000000f0000000)
  object space 104448K, 89% used [0x00000000d0000000,0x00000000d5acf428,0x00000000d6600000)
 Metaspace       used 72826K, capacity 75084K, committed 75340K, reserved 1116160K
  class space    used 7851K, capacity 8418K, committed 8524K, reserved 1048576K
GC Heap History (10 events):
Event: 18.477 GC heap before
{Heap before GC invocations=70 (full 6):
 PSYoungGen      total 214528K, used 209620K [0x00000000f0000000, 0x0000000100000000, 0x0000000100000000)
  eden space 178176K, 97% used [0x00000000f0000000,0x00000000fa97e4a8,0x00000000fae00000)
  from space 36352K, 99% used [0x00000000fae00000,0x00000000fd136d70,0x00000000fd180000)
  to   space 45568K, 0% used [0x00000000fd380000,0x00000000fd380000,0x0000000100000000)
 ParOldGen       total 91136K, used 84613K [0x00000000d0000000, 0x00000000d5900000, 0x00000000f0000000)
  object space 91136K, 92% used [0x00000000d0000000,0x00000000d52a1758,0x00000000d5900000)
 Metaspace       used 69019K, capacity 70908K, committed 71244K, reserved 1112064K
  class space    used 7248K, capacity 7747K, committed 7756K, reserved 1048576K
Event: 18.504 GC heap after
Heap after GC invocations=70 (full 6):
 PSYoungGen      total 208384K, used 40797K [0x00000000f0000000, 0x0000000100000000, 0x0000000100000000)
  eden space 162816K, 0% used [0x00000000f0000000,0x00000000f0000000,0x00000000f9f00000)
  from space 45568K, 89% used [0x00000000fd380000,0x00000000ffb57490,0x0000000100000000)
  to   space 49664K, 0% used [0x00000000f9f00000,0x00000000f9f00000,0x00000000fcf80000)
 ParOldGen       total 91136K, used 85925K [0x00000000d0000000, 0x00000000d5900000, 0x00000000f0000000)
  object space 91136K, 94% used [0x00000000d0000000,0x00000000d53e9798,0x00000000d5900000)
 Metaspace       used 69019K, capacity 70908K, committed 71244K, reserved 1112064K
  class space    used 7248K, capacity 7747K, committed 7756K, reserved 1048576K
}
Event: 18.504 GC heap before
{Heap before GC invocations=71 (full 7):
 PSYoungGen      total 208384K, used 40797K [0x00000000f0000000, 0x0000000100000000, 0x0000000100000000)
  eden space 162816K, 0% used [0x00000000f0000000,0x00000000f0000000,0x00000000f9f00000)
  from space 45568K, 89% used [0x00000000fd380000,0x00000000ffb57490,0x0000000100000000)
  to   space 49664K, 0% used [0x00000000f9f00000,0x00000000f9f00000,0x00000000fcf80000)
 ParOldGen       total 91136K, used 85925K [0x00000000d0000000, 0x00000000d5900000, 0x00000000f0000000)
  object space 91136K, 94% used [0x00000000d0000000,0x00000000d53e9798,0x00000000d5900000)
 Metaspace       used 69019K, capacity 70908K, committed 71244K, reserved 1112064K
  class space    used 7248K, capacity 7747K, committed 7756K, reserved 1048576K
Event: 19.174 GC heap after
Heap after GC invocations=71 (full 7):
 PSYoungGen      total 208384K, used 35333K [0x00000000f0000000, 0x0000000100000000, 0x0000000100000000)
  eden space 162816K, 0% used [0x00000000f0000000,0x00000000f0000000,0x00000000f9f00000)
  from space 45568K, 77% used [0x00000000fd380000,0x00000000ff601590,0x0000000100000000)
  to   space 49664K, 0% used [0x00000000f9f00000,0x00000000f9f00000,0x00000000fcf80000)
 ParOldGen       total 104448K, used 90637K [0x00000000d0000000, 0x00000000d6600000, 0x00000000f0000000)
  object space 104448K, 86% used [0x00000000d0000000,0x00000000d5883428,0x00000000d6600000)
 Metaspace       used 69016K, capacity 70902K, committed 71244K, reserved 1112064K
  class space    used 7247K, capacity 7746K, committed 7756K, reserved 1048576K
}
Event: 19.838 GC heap before
{Heap before GC invocations=72 (full 7):
 PSYoungGen      total 208384K, used 198149K [0x00000000f0000000, 0x0000000100000000, 0x0000000100000000)
  eden space 162816K, 100% used [0x00000000f0000000,0x00000000f9f00000,0x00000000f9f00000)
  from space 45568K, 77% used [0x00000000fd380000,0x00000000ff601590,0x0000000100000000)
  to   space 49664K, 0% used [0x00000000f9f00000,0x00000000f9f00000,0x00000000fcf80000)
 ParOldGen       total 104448K, used 90637K [0x00000000d0000000, 0x00000000d6600000, 0x00000000f0000000)
  object space 104448K, 86% used [0x00000000d0000000,0x00000000d5883428,0x00000000d6600000)
 Metaspace       used 69800K, capacity 71734K, committed 72012K, reserved 1114112K
  class space    used 7382K, capacity 7903K, committed 8012K, reserved 1048576K
Event: 19.915 GC heap after
Heap after GC invocations=72 (full 7):
 PSYoungGen      total 204288K, used 41113K [0x00000000f0000000, 0x0000000100000000, 0x0000000100000000)
  eden space 162816K, 0% used [0x00000000f0000000,0x00000000f0000000,0x00000000f9f00000)
  from space 41472K, 99% used [0x00000000f9f00000,0x00000000fc7265b0,0x00000000fc780000)
  to   space 53248K, 0% used [0x00000000fcc00000,0x00000000fcc00000,0x0000000100000000)
 ParOldGen       total 104448K, used 91229K [0x00000000d0000000, 0x00000000d6600000, 0x00000000f0000000)
  object space 104448K, 87% used [0x00000000d0000000,0x00000000d5917428,0x00000000d6600000)
 Metaspace       used 69800K, capacity 71734K, committed 72012K, reserved 1114112K
  class space    used 7382K, capacity 7903K, committed 8012K, reserved 1048576K
}
Event: 20.561 GC heap before
{Heap before GC invocations=73 (full 7):
 PSYoungGen      total 204288K, used 203929K [0x00000000f0000000, 0x0000000100000000, 0x0000000100000000)
  eden space 162816K, 100% used [0x00000000f0000000,0x00000000f9f00000,0x00000000f9f00000)
  from space 41472K, 99% used [0x00000000f9f00000,0x00000000fc7265b0,0x00000000fc780000)
  to   space 53248K, 0% used [0x00000000fcc00000,0x00000000fcc00000,0x0000000100000000)
 ParOldGen       total 104448K, used 91229K [0x00000000d0000000, 0x00000000d6600000, 0x00000000f0000000)
  object space 104448K, 87% used [0x00000000d0000000,0x00000000d5917428,0x00000000d6600000)
 Metaspace       used 71072K, capacity 73370K, committed 73420K, reserved 1114112K
  class space    used 7556K, capacity 8124K, committed 8140K, reserved 1048576K
Event: 20.617 GC heap after
Heap after GC invocations=73 (full 7):
 PSYoungGen      total 199680K, used 45297K [0x00000000f0000000, 0x0000000100000000, 0x0000000100000000)
  eden space 146432K, 0% used [0x00000000f0000000,0x00000000f0000000,0x00000000f8f00000)
  from space 53248K, 85% used [0x00000000fcc00000,0x00000000ff83c638,0x0000000100000000)
  to   space 57856K, 0% used [0x00000000f8f00000,0x00000000f8f00000,0x00000000fc780000)
 ParOldGen       total 104448K, used 92757K [0x00000000d0000000, 0x00000000d6600000, 0x00000000f0000000)
  object space 104448K, 88% used [0x00000000d0000000,0x00000000d5a95428,0x00000000d6600000)
 Metaspace       used 71072K, capacity 73370K, committed 73420K, reserved 1114112K
  class space    used 7556K, capacity 8124K, committed 8140K, reserved 1048576K
}
Event: 20.951 GC heap before
{Heap before GC invocations=74 (full 7):
 PSYoungGen      total 199680K, used 185411K [0x00000000f0000000, 0x0000000100000000, 0x0000000100000000)
  eden space 146432K, 95% used [0x00000000f0000000,0x00000000f88d4760,0x00000000f8f00000)
  from space 53248K, 85% used [0x00000000fcc00000,0x00000000ff83c638,0x0000000100000000)
  to   space 57856K, 0% used [0x00000000f8f00000,0x00000000f8f00000,0x00000000fc780000)
 ParOldGen       total 104448K, used 92757K [0x00000000d0000000, 0x00000000d6600000, 0x00000000f0000000)
  object space 104448K, 88% used [0x00000000d0000000,0x00000000d5a95428,0x00000000d6600000)
 Metaspace       used 72013K, capacity 74234K, committed 74444K, reserved 1116160K
  class space    used 7735K, capacity 8284K, committed 8396K, reserved 1048576K
Event: 20.990 GC heap after
Heap after GC invocations=74 (full 7):
 PSYoungGen      total 192512K, used 45825K [0x00000000f0000000, 0x0000000100000000, 0x0000000100000000)
  eden space 146432K, 0% used [0x00000000f0000000,0x00000000f0000000,0x00000000f8f00000)
  from space 46080K, 99% used [0x00000000f8f00000,0x00000000fbbc07e8,0x00000000fbc00000)
  to   space 61440K, 0% used [0x00000000fc400000,0x00000000fc400000,0x0000000100000000)
 ParOldGen       total 104448K, used 92989K [0x00000000d0000000, 0x00000000d6600000, 0x00000000f0000000)
  object space 104448K, 89% used [0x00000000d0000000,0x00000000d5acf428,0x00000000d6600000)
 Metaspace       used 72013K, capacity 74234K, committed 74444K, reserved 1116160K
  class space    used 7735K, capacity 8284K, committed 8396K, reserved 1048576K
}

