# JRE version: Java(TM) SE Runtime Environment (8.0_05-b13) (build 1.8.0_05-b13)
# Java VM: Java HotSpot(TM) 64-Bit Server VM (25.5-b02 mixed mode windows-amd64 compressed oops)
Heap:
 PSYoungGen      total 210944K, used 128049K [0x00000000f0000000, 0x0000000100000000, 0x0000000100000000)
  eden space 165888K, 54% used [0x00000000f0000000,0x00000000f58c3620,0x00000000fa200000)
  from space 45056K, 82% used [0x00000000fd400000,0x00000000ff8491c0,0x0000000100000000)
  to   space 48128K, 0% used [0x00000000fa200000,0x00000000fa200000,0x00000000fd100000)
 ParOldGen       total 99328K, used 90994K [0x00000000d0000000, 0x00000000d6100000, 0x00000000f0000000)
  object space 99328K, 91% used [0x00000000d0000000,0x00000000d58dc968,0x00000000d6100000)
 Metaspace       used 69814K, capacity 71760K, committed 72192K, reserved 1114112K
  class space    used 7370K, capacity 7898K, committed 7936K, reserved 1048576K
GC Heap History (10 events):
Event: 16.803 GC heap before
{Heap before GC invocations=65 (full 6):
 PSYoungGen      total 219648K, used 207902K [0x00000000f0000000, 0x0000000100000000, 0x0000000100000000)
  eden space 180736K, 100% used [0x00000000f0000000,0x00000000fb080000,0x00000000fb080000)
  from space 38912K, 69% used [0x00000000fd780000,0x00000000ff207a60,0x00000000ffd80000)
  to   space 39936K, 0% used [0x00000000fb080000,0x00000000fb080000,0x00000000fd780000)
 ParOldGen       total 86528K, used 80873K [0x00000000d0000000, 0x00000000d5480000, 0x00000000f0000000)
  object space 86528K, 93% used [0x00000000d0000000,0x00000000d4efa5c0,0x00000000d5480000)
 Metaspace       used 65595K, capacity 67442K, committed 67840K, reserved 1110016K
  class space    used 6833K, capacity 7353K, committed 7424K, reserved 1048576K
Event: 16.845 GC heap after
Heap after GC invocations=65 (full 6):
 PSYoungGen      total 212480K, used 31582K [0x00000000f0000000, 0x0000000100000000, 0x0000000100000000)
  eden space 180736K, 0% used [0x00000000f0000000,0x00000000f0000000,0x00000000fb080000)
  from space 31744K, 99% used [0x00000000fb080000,0x00000000fcf57ac0,0x00000000fcf80000)
  to   space 41984K, 0% used [0x00000000fd700000,0x00000000fd700000,0x0000000100000000)
 ParOldGen       total 86528K, used 82245K [0x00000000d0000000, 0x00000000d5480000, 0x00000000f0000000)
  object space 86528K, 95% used [0x00000000d0000000,0x00000000d5051760,0x00000000d5480000)
 Metaspace       used 65595K, capacity 67442K, committed 67840K, reserved 1110016K
  class space    used 6833K, capacity 7353K, committed 7424K, reserved 1048576K
}
Event: 16.845 GC heap before
{Heap before GC invocations=66 (full 7):
 PSYoungGen      total 212480K, used 31582K [0x00000000f0000000, 0x0000000100000000, 0x0000000100000000)
  eden space 180736K, 0% used [0x00000000f0000000,0x00000000f0000000,0x00000000fb080000)
  from space 31744K, 99% used [0x00000000fb080000,0x00000000fcf57ac0,0x00000000fcf80000)
  to   space 41984K, 0% used [0x00000000fd700000,0x00000000fd700000,0x0000000100000000)
 ParOldGen       total 86528K, used 82245K [0x00000000d0000000, 0x00000000d5480000, 0x00000000f0000000)
  object space 86528K, 95% used [0x00000000d0000000,0x00000000d5051760,0x00000000d5480000)
 Metaspace       used 65595K, capacity 67442K, committed 67840K, reserved 1110016K
  class space    used 6833K, capacity 7353K, committed 7424K, reserved 1048576K
Event: 17.710 GC heap after
Heap after GC invocations=66 (full 7):
 PSYoungGen      total 212480K, used 26652K [0x00000000f0000000, 0x0000000100000000, 0x0000000100000000)
  eden space 180736K, 0% used [0x00000000f0000000,0x00000000f0000000,0x00000000fb080000)
  from space 31744K, 83% used [0x00000000fb080000,0x00000000fca872d0,0x00000000fcf80000)
  to   space 41984K, 0% used [0x00000000fd700000,0x00000000fd700000,0x0000000100000000)
 ParOldGen       total 99328K, used 86511K [0x00000000d0000000, 0x00000000d6100000, 0x00000000f0000000)
  object space 99328K, 87% used [0x00000000d0000000,0x00000000d547bf38,0x00000000d6100000)
 Metaspace       used 65595K, capacity 67442K, committed 67840K, reserved 1110016K
  class space    used 6833K, capacity 7353K, committed 7424K, reserved 1048576K
}
Event: 18.204 GC heap before
{Heap before GC invocations=67 (full 7):
 PSYoungGen      total 212480K, used 207388K [0x00000000f0000000, 0x0000000100000000, 0x0000000100000000)
  eden space 180736K, 100% used [0x00000000f0000000,0x00000000fb080000,0x00000000fb080000)
  from space 31744K, 83% used [0x00000000fb080000,0x00000000fca872d0,0x00000000fcf80000)
  to   space 41984K, 0% used [0x00000000fd700000,0x00000000fd700000,0x0000000100000000)
 ParOldGen       total 99328K, used 86511K [0x00000000d0000000, 0x00000000d6100000, 0x00000000f0000000)
  object space 99328K, 87% used [0x00000000d0000000,0x00000000d547bf38,0x00000000d6100000)
 Metaspace       used 66352K, capacity 68254K, committed 68736K, reserved 1110016K
  class space    used 6936K, capacity 7452K, committed 7552K, reserved 1048576K
Event: 18.264 GC heap after
Heap after GC invocations=67 (full 7):
 PSYoungGen      total 220160K, used 26444K [0x00000000f0000000, 0x0000000100000000, 0x0000000100000000)
  eden space 178176K, 0% used [0x00000000f0000000,0x00000000f0000000,0x00000000fae00000)
  from space 41984K, 62% used [0x00000000fd700000,0x00000000ff0d3248,0x0000000100000000)
  to   space 41984K, 0% used [0x00000000fae00000,0x00000000fae00000,0x00000000fd700000)
 ParOldGen       total 99328K, used 87863K [0x00000000d0000000, 0x00000000d6100000, 0x00000000f0000000)
  object space 99328K, 88% used [0x00000000d0000000,0x00000000d55cdc58,0x00000000d6100000)
 Metaspace       used 66352K, capacity 68254K, committed 68736K, reserved 1110016K
  class space    used 6936K, capacity 7452K, committed 7552K, reserved 1048576K
}
Event: 19.086 GC heap before
{Heap before GC invocations=68 (full 7):
 PSYoungGen      total 220160K, used 204620K [0x00000000f0000000, 0x0000000100000000, 0x0000000100000000)
  eden space 178176K, 100% used [0x00000000f0000000,0x00000000fae00000,0x00000000fae00000)
  from space 41984K, 62% used [0x00000000fd700000,0x00000000ff0d3248,0x0000000100000000)
  to   space 41984K, 0% used [0x00000000fae00000,0x00000000fae00000,0x00000000fd700000)
 ParOldGen       total 99328K, used 87863K [0x00000000d0000000, 0x00000000d6100000, 0x00000000f0000000)
  object space 99328K, 88% used [0x00000000d0000000,0x00000000d55cdc58,0x00000000d6100000)
 Metaspace       used 68620K, capacity 70468K, committed 70912K, reserved 1112064K
  class space    used 7184K, capacity 7677K, committed 7680K, reserved 1048576K
Event: 19.125 GC heap after
Heap after GC invocations=68 (full 7):
 PSYoungGen      total 214016K, used 35573K [0x00000000f0000000, 0x0000000100000000, 0x0000000100000000)
  eden space 178176K, 0% used [0x00000000f0000000,0x00000000f0000000,0x00000000fae00000)
  from space 35840K, 99% used [0x00000000fae00000,0x00000000fd0bd5a0,0x00000000fd100000)
  to   space 45056K, 0% used [0x00000000fd400000,0x00000000fd400000,0x0000000100000000)
 ParOldGen       total 99328K, used 89970K [0x00000000d0000000, 0x00000000d6100000, 0x00000000f0000000)
  object space 99328K, 90% used [0x00000000d0000000,0x00000000d57dc968,0x00000000d6100000)
 Metaspace       used 68620K, capacity 70468K, committed 70912K, reserved 1112064K
  class space    used 7184K, capacity 7677K, committed 7680K, reserved 1048576K
}
Event: 19.562 GC heap before
{Heap before GC invocations=69 (full 7):
 PSYoungGen      total 214016K, used 213749K [0x00000000f0000000, 0x0000000100000000, 0x0000000100000000)
  eden space 178176K, 100% used [0x00000000f0000000,0x00000000fae00000,0x00000000fae00000)
  from space 35840K, 99% used [0x00000000fae00000,0x00000000fd0bd5a0,0x00000000fd100000)
  to   space 45056K, 0% used [0x00000000fd400000,0x00000000fd400000,0x0000000100000000)
 ParOldGen       total 99328K, used 89970K [0x00000000d0000000, 0x00000000d6100000, 0x00000000f0000000)
  object space 99328K, 90% used [0x00000000d0000000,0x00000000d57dc968,0x00000000d6100000)
 Metaspace       used 69315K, capacity 71184K, committed 71552K, reserved 1114112K
  class space    used 7278K, capacity 7783K, committed 7808K, reserved 1048576K
Event: 19.605 GC heap after
Heap after GC invocations=69 (full 7):
 PSYoungGen      total 210944K, used 37156K [0x00000000f0000000, 0x0000000100000000, 0x0000000100000000)
  eden space 165888K, 0% used [0x00000000f0000000,0x00000000f0000000,0x00000000fa200000)
  from space 45056K, 82% used [0x00000000fd400000,0x00000000ff8491c0,0x0000000100000000)
  to   space 48128K, 0% used [0x00000000fa200000,0x00000000fa200000,0x00000000fd100000)
 ParOldGen       total 99328K, used 90994K [0x00000000d0000000, 0x00000000d6100000, 0x00000000f0000000)
  object space 99328K, 91% used [0x00000000d0000000,0x00000000d58dc968,0x00000000d6100000)
 Metaspace       used 69315K, capacity 71184K, committed 71552K, reserved 1114112K
  class space    used 7278K, capacity 7783K, committed 7808K, reserved 1048576K
}

