# JRE version: Java(TM) SE Runtime Environment (8.0_05-b13) (build 1.8.0_05-b13)
# Java VM: Java HotSpot(TM) 64-Bit Server VM (25.5-b02 mixed mode windows-amd64 compressed oops)
Heap:
 PSYoungGen      total 204288K, used 181912K [0x00000000f0000000, 0x0000000100000000, 0x0000000100000000)
  eden space 166912K, 86% used [0x00000000f0000000,0x00000000f8d69b68,0x00000000fa300000)
  from space 37376K, 99% used [0x00000000fa300000,0x00000000fc73c650,0x00000000fc780000)
  to   space 50176K, 0% used [0x00000000fcf00000,0x00000000fcf00000,0x0000000100000000)
 ParOldGen       total 109568K, used 94934K [0x00000000d0000000, 0x00000000d6b00000, 0x00000000f0000000)
  object space 109568K, 86% used [0x00000000d0000000,0x00000000d5cb59e8,0x00000000d6b00000)
 Metaspace       used 70838K, capacity 72850K, committed 73056K, reserved 1114112K
  class space    used 7443K, capacity 7977K, committed 8064K, reserved 1048576K
GC Heap History (10 events):
Event: 28.047 GC heap before
{Heap before GC invocations=70 (full 6):
 PSYoungGen      total 227840K, used 220745K [0x00000000f0000000, 0x0000000100000000, 0x0000000100000000)
  eden space 194560K, 96% used [0x00000000f0000000,0x00000000fb728210,0x00000000fbe00000)
  from space 33280K, 99% used [0x00000000fbe00000,0x00000000fde6a1f0,0x00000000fde80000)
  to   space 34304K, 0% used [0x00000000fde80000,0x00000000fde80000,0x0000000100000000)
 ParOldGen       total 93696K, used 78838K [0x00000000d0000000, 0x00000000d5b80000, 0x00000000f0000000)
  object space 93696K, 84% used [0x00000000d0000000,0x00000000d4cfd8e8,0x00000000d5b80000)
 Metaspace       used 66510K, capacity 68334K, committed 68576K, reserved 1110016K
  class space    used 6887K, capacity 7388K, committed 7424K, reserved 1048576K
Event: 28.087 GC heap after
Heap after GC invocations=70 (full 6):
 PSYoungGen      total 211456K, used 34293K [0x00000000f0000000, 0x0000000100000000, 0x0000000100000000)
  eden space 177152K, 0% used [0x00000000f0000000,0x00000000f0000000,0x00000000fad00000)
  from space 34304K, 99% used [0x00000000fde80000,0x00000000ffffd5e0,0x0000000100000000)
  to   space 42496K, 0% used [0x00000000fad00000,0x00000000fad00000,0x00000000fd680000)
 ParOldGen       total 93696K, used 83099K [0x00000000d0000000, 0x00000000d5b80000, 0x00000000f0000000)
  object space 93696K, 88% used [0x00000000d0000000,0x00000000d5126e20,0x00000000d5b80000)
 Metaspace       used 66510K, capacity 68334K, committed 68576K, reserved 1110016K
  class space    used 6887K, capacity 7388K, committed 7424K, reserved 1048576K
}
Event: 29.084 GC heap before
{Heap before GC invocations=71 (full 6):
 PSYoungGen      total 211456K, used 211445K [0x00000000f0000000, 0x0000000100000000, 0x0000000100000000)
  eden space 177152K, 100% used [0x00000000f0000000,0x00000000fad00000,0x00000000fad00000)
  from space 34304K, 99% used [0x00000000fde80000,0x00000000ffffd5e0,0x0000000100000000)
  to   space 42496K, 0% used [0x00000000fad00000,0x00000000fad00000,0x00000000fd680000)
 ParOldGen       total 93696K, used 83099K [0x00000000d0000000, 0x00000000d5b80000, 0x00000000f0000000)
  object space 93696K, 88% used [0x00000000d0000000,0x00000000d5126e20,0x00000000d5b80000)
 Metaspace       used 67844K, capacity 69748K, committed 69984K, reserved 1112064K
  class space    used 7001K, capacity 7517K, committed 7552K, reserved 1048576K
Event: 29.122 GC heap after
Heap after GC invocations=71 (full 6):
 PSYoungGen      total 211456K, used 34197K [0x00000000f0000000, 0x0000000100000000, 0x0000000100000000)
  eden space 177152K, 0% used [0x00000000f0000000,0x00000000f0000000,0x00000000fad00000)
  from space 34304K, 99% used [0x00000000fad00000,0x00000000fce654e0,0x00000000fce80000)
  to   space 45056K, 0% used [0x00000000fd400000,0x00000000fd400000,0x0000000100000000)
 ParOldGen       total 93696K, used 87626K [0x00000000d0000000, 0x00000000d5b80000, 0x00000000f0000000)
  object space 93696K, 93% used [0x00000000d0000000,0x00000000d5592a48,0x00000000d5b80000)
 Metaspace       used 67844K, capacity 69748K, committed 69984K, reserved 1112064K
  class space    used 7001K, capacity 7517K, committed 7552K, reserved 1048576K
}
Event: 29.122 GC heap before
{Heap before GC invocations=72 (full 7):
 PSYoungGen      total 211456K, used 34197K [0x00000000f0000000, 0x0000000100000000, 0x0000000100000000)
  eden space 177152K, 0% used [0x00000000f0000000,0x00000000f0000000,0x00000000fad00000)
  from space 34304K, 99% used [0x00000000fad00000,0x00000000fce654e0,0x00000000fce80000)
  to   space 45056K, 0% used [0x00000000fd400000,0x00000000fd400000,0x0000000100000000)
 ParOldGen       total 93696K, used 87626K [0x00000000d0000000, 0x00000000d5b80000, 0x00000000f0000000)
  object space 93696K, 93% used [0x00000000d0000000,0x00000000d5592a48,0x00000000d5b80000)
 Metaspace       used 67844K, capacity 69748K, committed 69984K, reserved 1112064K
  class space    used 7001K, capacity 7517K, committed 7552K, reserved 1048576K
Event: 29.890 GC heap after
Heap after GC invocations=72 (full 7):
 PSYoungGen      total 211456K, used 26779K [0x00000000f0000000, 0x0000000100000000, 0x0000000100000000)
  eden space 177152K, 0% used [0x00000000f0000000,0x00000000f0000000,0x00000000fad00000)
  from space 34304K, 78% used [0x00000000fad00000,0x00000000fc726f60,0x00000000fce80000)
  to   space 45056K, 0% used [0x00000000fd400000,0x00000000fd400000,0x0000000100000000)
 ParOldGen       total 109568K, used 93561K [0x00000000d0000000, 0x00000000d6b00000, 0x00000000f0000000)
  object space 109568K, 85% used [0x00000000d0000000,0x00000000d5b5e528,0x00000000d6b00000)
 Metaspace       used 67840K, capacity 69742K, committed 69984K, reserved 1112064K
  class space    used 7000K, capacity 7516K, committed 7552K, reserved 1048576K
}
Event: 30.907 GC heap before
{Heap before GC invocations=73 (full 7):
 PSYoungGen      total 211456K, used 196090K [0x00000000f0000000, 0x0000000100000000, 0x0000000100000000)
  eden space 177152K, 95% used [0x00000000f0000000,0x00000000fa557bf0,0x00000000fad00000)
  from space 34304K, 78% used [0x00000000fad00000,0x00000000fc726f60,0x00000000fce80000)
  to   space 45056K, 0% used [0x00000000fd400000,0x00000000fd400000,0x0000000100000000)
 ParOldGen       total 109568K, used 93561K [0x00000000d0000000, 0x00000000d6b00000, 0x00000000f0000000)
  object space 109568K, 85% used [0x00000000d0000000,0x00000000d5b5e528,0x00000000d6b00000)
 Metaspace       used 69617K, capacity 71444K, committed 71776K, reserved 1114112K
  class space    used 7245K, capacity 7741K, committed 7808K, reserved 1048576K
Event: 30.947 GC heap after
Heap after GC invocations=73 (full 7):
 PSYoungGen      total 211968K, used 36016K [0x00000000f0000000, 0x0000000100000000, 0x0000000100000000)
  eden space 166912K, 0% used [0x00000000f0000000,0x00000000f0000000,0x00000000fa300000)
  from space 45056K, 79% used [0x00000000fd400000,0x00000000ff72c238,0x0000000100000000)
  to   space 47616K, 0% used [0x00000000fa300000,0x00000000fa300000,0x00000000fd180000)
 ParOldGen       total 109568K, used 93569K [0x00000000d0000000, 0x00000000d6b00000, 0x00000000f0000000)
  object space 109568K, 85% used [0x00000000d0000000,0x00000000d5b60528,0x00000000d6b00000)
 Metaspace       used 69617K, capacity 71444K, committed 71776K, reserved 1114112K
  class space    used 7245K, capacity 7741K, committed 7808K, reserved 1048576K
}
Event: 31.475 GC heap before
{Heap before GC invocations=74 (full 7):
 PSYoungGen      total 211968K, used 194130K [0x00000000f0000000, 0x0000000100000000, 0x0000000100000000)
  eden space 166912K, 94% used [0x00000000f0000000,0x00000000f9a685d8,0x00000000fa300000)
  from space 45056K, 79% used [0x00000000fd400000,0x00000000ff72c238,0x0000000100000000)
  to   space 47616K, 0% used [0x00000000fa300000,0x00000000fa300000,0x00000000fd180000)
 ParOldGen       total 109568K, used 93569K [0x00000000d0000000, 0x00000000d6b00000, 0x00000000f0000000)
  object space 109568K, 85% used [0x00000000d0000000,0x00000000d5b60528,0x00000000d6b00000)
 Metaspace       used 70101K, capacity 72032K, committed 72416K, reserved 1114112K
  class space    used 7310K, capacity 7847K, committed 7936K, reserved 1048576K
Event: 31.511 GC heap after
Heap after GC invocations=74 (full 7):
 PSYoungGen      total 204288K, used 37105K [0x00000000f0000000, 0x0000000100000000, 0x0000000100000000)
  eden space 166912K, 0% used [0x00000000f0000000,0x00000000f0000000,0x00000000fa300000)
  from space 37376K, 99% used [0x00000000fa300000,0x00000000fc73c650,0x00000000fc780000)
  to   space 50176K, 0% used [0x00000000fcf00000,0x00000000fcf00000,0x0000000100000000)
 ParOldGen       total 109568K, used 94934K [0x00000000d0000000, 0x00000000d6b00000, 0x00000000f0000000)
  object space 109568K, 86% used [0x00000000d0000000,0x00000000d5cb59e8,0x00000000d6b00000)
 Metaspace       used 70101K, capacity 72032K, committed 72416K, reserved 1114112K
  class space    used 7310K, capacity 7847K, committed 7936K, reserved 1048576K
}

