# JRE version: Java(TM) SE Runtime Environment (8.0_05-b13) (build 1.8.0_05-b13)
# Java VM: Java HotSpot(TM) 64-Bit Server VM (25.5-b02 mixed mode windows-amd64 compressed oops)
Heap:
 PSYoungGen      total 204288K, used 47823K [0x00000000f0000000, 0x0000000100000000, 0x0000000100000000)
  eden space 155648K, 3% used [0x00000000f0000000,0x00000000f056b2c8,0x00000000f9800000)
  from space 48640K, 86% used [0x00000000fd080000,0x00000000ff9c8988,0x0000000100000000)
  to   space 53248K, 0% used [0x00000000f9800000,0x00000000f9800000,0x00000000fcc00000)
 ParOldGen       total 99328K, used 90198K [0x00000000d0000000, 0x00000000d6100000, 0x00000000f0000000)
  object space 99328K, 90% used [0x00000000d0000000,0x00000000d5815aa8,0x00000000d6100000)
 Metaspace       used 70151K, capacity 72146K, committed 72316K, reserved 1114112K
  class space    used 7439K, capacity 7972K, committed 8064K, reserved 1048576K
GC Heap History (10 events):
Event: 33.749 GC heap before
{Heap before GC invocations=75 (full 7):
 PSYoungGen      total 208384K, used 182291K [0x00000000f0000000, 0x00000000ffa00000, 0x0000000100000000)
  eden space 162816K, 100% used [0x00000000f0000000,0x00000000f9f00000,0x00000000f9f00000)
  from space 45568K, 42% used [0x00000000f9f00000,0x00000000fb204f50,0x00000000fcb80000)
  to   space 43008K, 0% used [0x00000000fd000000,0x00000000fd000000,0x00000000ffa00000)
 ParOldGen       total 99328K, used 87862K [0x00000000d0000000, 0x00000000d6100000, 0x00000000f0000000)
  object space 99328K, 88% used [0x00000000d0000000,0x00000000d55cd8e8,0x00000000d6100000)
 Metaspace       used 65621K, capacity 67490K, committed 67836K, reserved 1110016K
  class space    used 6850K, capacity 7381K, committed 7424K, reserved 1048576K
Event: 33.780 GC heap after
Heap after GC invocations=75 (full 7):
 PSYoungGen      total 212992K, used 24746K [0x00000000f0000000, 0x00000000ffa00000, 0x0000000100000000)
  eden space 169984K, 0% used [0x00000000f0000000,0x00000000f0000000,0x00000000fa600000)
  from space 43008K, 57% used [0x00000000fd000000,0x00000000fe82aab0,0x00000000ffa00000)
  to   space 43008K, 0% used [0x00000000fa600000,0x00000000fa600000,0x00000000fd000000)
 ParOldGen       total 99328K, used 87886K [0x00000000d0000000, 0x00000000d6100000, 0x00000000f0000000)
  object space 99328K, 88% used [0x00000000d0000000,0x00000000d55d38e8,0x00000000d6100000)
 Metaspace       used 65621K, capacity 67490K, committed 67836K, reserved 1110016K
  class space    used 6850K, capacity 7381K, committed 7424K, reserved 1048576K
}
Event: 34.445 GC heap before
{Heap before GC invocations=76 (full 7):
 PSYoungGen      total 212992K, used 194730K [0x00000000f0000000, 0x00000000ffa00000, 0x0000000100000000)
  eden space 169984K, 100% used [0x00000000f0000000,0x00000000fa600000,0x00000000fa600000)
  from space 43008K, 57% used [0x00000000fd000000,0x00000000fe82aab0,0x00000000ffa00000)
  to   space 43008K, 0% used [0x00000000fa600000,0x00000000fa600000,0x00000000fd000000)
 ParOldGen       total 99328K, used 87886K [0x00000000d0000000, 0x00000000d6100000, 0x00000000f0000000)
  object space 99328K, 88% used [0x00000000d0000000,0x00000000d55d38e8,0x00000000d6100000)
 Metaspace       used 66392K, capacity 68296K, committed 68476K, reserved 1110016K
  class space    used 6952K, capacity 7478K, committed 7552K, reserved 1048576K
Event: 34.473 GC heap after
Heap after GC invocations=76 (full 7):
 PSYoungGen      total 212992K, used 23708K [0x00000000f0000000, 0x00000000ffe00000, 0x0000000100000000)
  eden space 169984K, 0% used [0x00000000f0000000,0x00000000f0000000,0x00000000fa600000)
  from space 43008K, 55% used [0x00000000fa600000,0x00000000fbd27238,0x00000000fd000000)
  to   space 41984K, 0% used [0x00000000fd500000,0x00000000fd500000,0x00000000ffe00000)
 ParOldGen       total 99328K, used 89806K [0x00000000d0000000, 0x00000000d6100000, 0x00000000f0000000)
  object space 99328K, 90% used [0x00000000d0000000,0x00000000d57b3aa8,0x00000000d6100000)
 Metaspace       used 66392K, capacity 68296K, committed 68476K, reserved 1110016K
  class space    used 6952K, capacity 7478K, committed 7552K, reserved 1048576K
}
Event: 35.889 GC heap before
{Heap before GC invocations=77 (full 7):
 PSYoungGen      total 212992K, used 189612K [0x00000000f0000000, 0x00000000ffe00000, 0x0000000100000000)
  eden space 169984K, 97% used [0x00000000f0000000,0x00000000fa2040d0,0x00000000fa600000)
  from space 43008K, 55% used [0x00000000fa600000,0x00000000fbd27238,0x00000000fd000000)
  to   space 41984K, 0% used [0x00000000fd500000,0x00000000fd500000,0x00000000ffe00000)
 ParOldGen       total 99328K, used 89806K [0x00000000d0000000, 0x00000000d6100000, 0x00000000f0000000)
  object space 99328K, 90% used [0x00000000d0000000,0x00000000d57b3aa8,0x00000000d6100000)
 Metaspace       used 68486K, capacity 70382K, committed 70780K, reserved 1112064K
  class space    used 7190K, capacity 7703K, committed 7808K, reserved 1048576K
Event: 35.948 GC heap after
Heap after GC invocations=77 (full 7):
 PSYoungGen      total 212992K, used 34363K [0x00000000f0000000, 0x0000000100000000, 0x0000000100000000)
  eden space 171008K, 0% used [0x00000000f0000000,0x00000000f0000000,0x00000000fa700000)
  from space 41984K, 81% used [0x00000000fd500000,0x00000000ff68ed40,0x00000000ffe00000)
  to   space 45568K, 0% used [0x00000000fa700000,0x00000000fa700000,0x00000000fd380000)
 ParOldGen       total 99328K, used 89950K [0x00000000d0000000, 0x00000000d6100000, 0x00000000f0000000)
  object space 99328K, 90% used [0x00000000d0000000,0x00000000d57d7aa8,0x00000000d6100000)
 Metaspace       used 68486K, capacity 70382K, committed 70780K, reserved 1112064K
  class space    used 7190K, capacity 7703K, committed 7808K, reserved 1048576K
}
Event: 36.524 GC heap before
{Heap before GC invocations=78 (full 7):
 PSYoungGen      total 212992K, used 205371K [0x00000000f0000000, 0x0000000100000000, 0x0000000100000000)
  eden space 171008K, 100% used [0x00000000f0000000,0x00000000fa700000,0x00000000fa700000)
  from space 41984K, 81% used [0x00000000fd500000,0x00000000ff68ed40,0x00000000ffe00000)
  to   space 45568K, 0% used [0x00000000fa700000,0x00000000fa700000,0x00000000fd380000)
 ParOldGen       total 99328K, used 89950K [0x00000000d0000000, 0x00000000d6100000, 0x00000000f0000000)
  object space 99328K, 90% used [0x00000000d0000000,0x00000000d57d7aa8,0x00000000d6100000)
 Metaspace       used 69109K, capacity 70994K, committed 71292K, reserved 1112064K
  class space    used 7269K, capacity 7773K, committed 7808K, reserved 1048576K
Event: 36.558 GC heap after
Heap after GC invocations=78 (full 7):
 PSYoungGen      total 207872K, used 36491K [0x00000000f0000000, 0x0000000100000000, 0x0000000100000000)
  eden space 171008K, 0% used [0x00000000f0000000,0x00000000f0000000,0x00000000fa700000)
  from space 36864K, 98% used [0x00000000fa700000,0x00000000fcaa2eb8,0x00000000fcb00000)
  to   space 48640K, 0% used [0x00000000fd080000,0x00000000fd080000,0x0000000100000000)
 ParOldGen       total 99328K, used 90078K [0x00000000d0000000, 0x00000000d6100000, 0x00000000f0000000)
  object space 99328K, 90% used [0x00000000d0000000,0x00000000d57f7aa8,0x00000000d6100000)
 Metaspace       used 69109K, capacity 70994K, committed 71292K, reserved 1112064K
  class space    used 7269K, capacity 7773K, committed 7808K, reserved 1048576K
}
Event: 37.286 GC heap before
{Heap before GC invocations=79 (full 7):
 PSYoungGen      total 207872K, used 207499K [0x00000000f0000000, 0x0000000100000000, 0x0000000100000000)
  eden space 171008K, 100% used [0x00000000f0000000,0x00000000fa700000,0x00000000fa700000)
  from space 36864K, 98% used [0x00000000fa700000,0x00000000fcaa2eb8,0x00000000fcb00000)
  to   space 48640K, 0% used [0x00000000fd080000,0x00000000fd080000,0x0000000100000000)
 ParOldGen       total 99328K, used 90078K [0x00000000d0000000, 0x00000000d6100000, 0x00000000f0000000)
  object space 99328K, 90% used [0x00000000d0000000,0x00000000d57f7aa8,0x00000000d6100000)
 Metaspace       used 69991K, capacity 72010K, committed 72316K, reserved 1114112K
  class space    used 7425K, capacity 7968K, committed 8064K, reserved 1048576K
Event: 37.327 GC heap after
Heap after GC invocations=79 (full 7):
 PSYoungGen      total 204288K, used 42274K [0x00000000f0000000, 0x0000000100000000, 0x0000000100000000)
  eden space 155648K, 0% used [0x00000000f0000000,0x00000000f0000000,0x00000000f9800000)
  from space 48640K, 86% used [0x00000000fd080000,0x00000000ff9c8988,0x0000000100000000)
  to   space 53248K, 0% used [0x00000000f9800000,0x00000000f9800000,0x00000000fcc00000)
 ParOldGen       total 99328K, used 90198K [0x00000000d0000000, 0x00000000d6100000, 0x00000000f0000000)
  object space 99328K, 90% used [0x00000000d0000000,0x00000000d5815aa8,0x00000000d6100000)
 Metaspace       used 69991K, capacity 72010K, committed 72316K, reserved 1114112K
  class space    used 7425K, capacity 7968K, committed 8064K, reserved 1048576K
}

