# JRE version: Java(TM) SE Runtime Environment (8.0_05-b13) (build 1.8.0_05-b13)
# Java VM: Java HotSpot(TM) 64-Bit Server VM (25.5-b02 mixed mode windows-amd64 compressed oops)
Heap:
 PSYoungGen      total 175616K, used 117536K [0x00000000f0000000, 0x0000000100000000, 0x0000000100000000)
  eden space 130048K, 60% used [0x00000000f0000000,0x00000000f4d77440,0x00000000f7f00000)
  from space 45568K, 83% used [0x00000000f7f00000,0x00000000fa450e98,0x00000000fab80000)
  to   space 69120K, 0% used [0x00000000fbc80000,0x00000000fbc80000,0x0000000100000000)
 ParOldGen       total 88064K, used 75898K [0x00000000d0000000, 0x00000000d5600000, 0x00000000f0000000)
  object space 88064K, 86% used [0x00000000d0000000,0x00000000d4a1e988,0x00000000d5600000)
 Metaspace       used 68989K, capacity 71148K, committed 71296K, reserved 1112064K
  class space    used 7842K, capacity 8466K, committed 8576K, reserved 1048576K
GC Heap History (10 events):
Event: 20.550 GC heap before
{Heap before GC invocations=71 (full 5):
 PSYoungGen      total 204288K, used 200836K [0x00000000f0000000, 0x0000000100000000, 0x0000000100000000)
  eden space 164864K, 98% used [0x00000000f0000000,0x00000000f9df4090,0x00000000fa100000)
  from space 39424K, 99% used [0x00000000fa100000,0x00000000fc72d128,0x00000000fc780000)
  to   space 53760K, 0% used [0x00000000fcb80000,0x00000000fcb80000,0x0000000100000000)
 ParOldGen       total 76288K, used 71230K [0x00000000d0000000, 0x00000000d4a80000, 0x00000000f0000000)
  object space 76288K, 93% used [0x00000000d0000000,0x00000000d458f9c8,0x00000000d4a80000)
 Metaspace       used 65596K, capacity 67600K, committed 67712K, reserved 1110016K
  class space    used 7430K, capacity 7998K, committed 8064K, reserved 1048576K
Event: 20.606 GC heap after
Heap after GC invocations=71 (full 5):
 PSYoungGen      total 199168K, used 42145K [0x00000000f0000000, 0x0000000100000000, 0x0000000100000000)
  eden space 145408K, 0% used [0x00000000f0000000,0x00000000f0000000,0x00000000f8e00000)
  from space 53760K, 78% used [0x00000000fcb80000,0x00000000ff4a84e0,0x0000000100000000)
  to   space 58368K, 0% used [0x00000000f8e00000,0x00000000f8e00000,0x00000000fc700000)
 ParOldGen       total 76288K, used 71238K [0x00000000d0000000, 0x00000000d4a80000, 0x00000000f0000000)
  object space 76288K, 93% used [0x00000000d0000000,0x00000000d45919c8,0x00000000d4a80000)
 Metaspace       used 65596K, capacity 67600K, committed 67712K, reserved 1110016K
  class space    used 7430K, capacity 7998K, committed 8064K, reserved 1048576K
}
Event: 21.375 GC heap before
{Heap before GC invocations=72 (full 5):
 PSYoungGen      total 199168K, used 185844K [0x00000000f0000000, 0x0000000100000000, 0x0000000100000000)
  eden space 145408K, 98% used [0x00000000f0000000,0x00000000f8c54e98,0x00000000f8e00000)
  from space 53760K, 78% used [0x00000000fcb80000,0x00000000ff4a84e0,0x0000000100000000)
  to   space 58368K, 0% used [0x00000000f8e00000,0x00000000f8e00000,0x00000000fc700000)
 ParOldGen       total 76288K, used 71238K [0x00000000d0000000, 0x00000000d4a80000, 0x00000000f0000000)
  object space 76288K, 93% used [0x00000000d0000000,0x00000000d45919c8,0x00000000d4a80000)
 Metaspace       used 66952K, capacity 69072K, committed 69248K, reserved 1110016K
  class space    used 7587K, capacity 8203K, committed 8320K, reserved 1048576K
Event: 21.496 GC heap after
Heap after GC invocations=72 (full 5):
 PSYoungGen      total 189952K, used 44215K [0x00000000f0000000, 0x0000000100000000, 0x0000000100000000)
  eden space 145408K, 0% used [0x00000000f0000000,0x00000000f0000000,0x00000000f8e00000)
  from space 44544K, 99% used [0x00000000f8e00000,0x00000000fb92dc60,0x00000000fb980000)
  to   space 62976K, 0% used [0x00000000fc280000,0x00000000fc280000,0x0000000100000000)
 ParOldGen       total 76288K, used 71438K [0x00000000d0000000, 0x00000000d4a80000, 0x00000000f0000000)
  object space 76288K, 93% used [0x00000000d0000000,0x00000000d45c39c8,0x00000000d4a80000)
 Metaspace       used 66952K, capacity 69072K, committed 69248K, reserved 1110016K
  class space    used 7587K, capacity 8203K, committed 8320K, reserved 1048576K
}
Event: 22.005 GC heap before
{Heap before GC invocations=73 (full 5):
 PSYoungGen      total 189952K, used 180804K [0x00000000f0000000, 0x0000000100000000, 0x0000000100000000)
  eden space 145408K, 93% used [0x00000000f0000000,0x00000000f85633e8,0x00000000f8e00000)
  from space 44544K, 99% used [0x00000000f8e00000,0x00000000fb92dc60,0x00000000fb980000)
  to   space 62976K, 0% used [0x00000000fc280000,0x00000000fc280000,0x0000000100000000)
 ParOldGen       total 76288K, used 71438K [0x00000000d0000000, 0x00000000d4a80000, 0x00000000f0000000)
  object space 76288K, 93% used [0x00000000d0000000,0x00000000d45c39c8,0x00000000d4a80000)
 Metaspace       used 67601K, capacity 69738K, committed 70016K, reserved 1112064K
  class space    used 7667K, capacity 8280K, committed 8320K, reserved 1048576K
Event: 22.141 GC heap after
Heap after GC invocations=73 (full 5):
 PSYoungGen      total 193024K, used 43703K [0x00000000f0000000, 0x0000000100000000, 0x0000000100000000)
  eden space 130048K, 0% used [0x00000000f0000000,0x00000000f0000000,0x00000000f7f00000)
  from space 62976K, 69% used [0x00000000fc280000,0x00000000fed2df00,0x0000000100000000)
  to   space 66048K, 0% used [0x00000000f7f00000,0x00000000f7f00000,0x00000000fbf80000)
 ParOldGen       total 76288K, used 72129K [0x00000000d0000000, 0x00000000d4a80000, 0x00000000f0000000)
  object space 76288K, 94% used [0x00000000d0000000,0x00000000d46707c8,0x00000000d4a80000)
 Metaspace       used 67601K, capacity 69738K, committed 70016K, reserved 1112064K
  class space    used 7667K, capacity 8280K, committed 8320K, reserved 1048576K
}
Event: 22.848 GC heap before
{Heap before GC invocations=74 (full 5):
 PSYoungGen      total 193024K, used 167793K [0x00000000f0000000, 0x0000000100000000, 0x0000000100000000)
  eden space 130048K, 95% used [0x00000000f0000000,0x00000000f792e810,0x00000000f7f00000)
  from space 62976K, 69% used [0x00000000fc280000,0x00000000fed2df00,0x0000000100000000)
  to   space 66048K, 0% used [0x00000000f7f00000,0x00000000f7f00000,0x00000000fbf80000)
 ParOldGen       total 76288K, used 72129K [0x00000000d0000000, 0x00000000d4a80000, 0x00000000f0000000)
  object space 76288K, 94% used [0x00000000d0000000,0x00000000d46707c8,0x00000000d4a80000)
 Metaspace       used 68624K, capacity 70784K, committed 70912K, reserved 1112064K
  class space    used 7801K, capacity 8426K, committed 8448K, reserved 1048576K
Event: 22.910 GC heap after
Heap after GC invocations=74 (full 5):
 PSYoungGen      total 175616K, used 45270K [0x00000000f0000000, 0x0000000100000000, 0x0000000100000000)
  eden space 130048K, 0% used [0x00000000f0000000,0x00000000f0000000,0x00000000f7f00000)
  from space 45568K, 99% used [0x00000000f7f00000,0x00000000fab35b80,0x00000000fab80000)
  to   space 69120K, 0% used [0x00000000fbc80000,0x00000000fbc80000,0x0000000100000000)
 ParOldGen       total 76288K, used 72533K [0x00000000d0000000, 0x00000000d4a80000, 0x00000000f0000000)
  object space 76288K, 95% used [0x00000000d0000000,0x00000000d46d57d8,0x00000000d4a80000)
 Metaspace       used 68624K, capacity 70784K, committed 70912K, reserved 1112064K
  class space    used 7801K, capacity 8426K, committed 8448K, reserved 1048576K
}
Event: 22.911 GC heap before
{Heap before GC invocations=75 (full 6):
 PSYoungGen      total 175616K, used 45270K [0x00000000f0000000, 0x0000000100000000, 0x0000000100000000)
  eden space 130048K, 0% used [0x00000000f0000000,0x00000000f0000000,0x00000000f7f00000)
  from space 45568K, 99% used [0x00000000f7f00000,0x00000000fab35b80,0x00000000fab80000)
  to   space 69120K, 0% used [0x00000000fbc80000,0x00000000fbc80000,0x0000000100000000)
 ParOldGen       total 76288K, used 72533K [0x00000000d0000000, 0x00000000d4a80000, 0x00000000f0000000)
  object space 76288K, 95% used [0x00000000d0000000,0x00000000d46d57d8,0x00000000d4a80000)
 Metaspace       used 68624K, capacity 70784K, committed 70912K, reserved 1112064K
  class space    used 7801K, capacity 8426K, committed 8448K, reserved 1048576K
Event: 23.841 GC heap after
Heap after GC invocations=75 (full 6):
 PSYoungGen      total 175616K, used 38211K [0x00000000f0000000, 0x0000000100000000, 0x0000000100000000)
  eden space 130048K, 0% used [0x00000000f0000000,0x00000000f0000000,0x00000000f7f00000)
  from space 45568K, 83% used [0x00000000f7f00000,0x00000000fa450e98,0x00000000fab80000)
  to   space 69120K, 0% used [0x00000000fbc80000,0x00000000fbc80000,0x0000000100000000)
 ParOldGen       total 88064K, used 75898K [0x00000000d0000000, 0x00000000d5600000, 0x00000000f0000000)
  object space 88064K, 86% used [0x00000000d0000000,0x00000000d4a1e988,0x00000000d5600000)
 Metaspace       used 68624K, capacity 70784K, committed 70912K, reserved 1112064K
  class space    used 7801K, capacity 8426K, committed 8448K, reserved 1048576K
}

