# JRE version: Java(TM) SE Runtime Environment (8.0_05-b13) (build 1.8.0_05-b13)
# Java VM: Java HotSpot(TM) 64-Bit Server VM (25.5-b02 mixed mode windows-amd64 compressed oops)
Heap:
 PSYoungGen      total 210432K, used 59669K [0x00000000f0000000, 0x0000000100000000, 0x0000000100000000)
  eden space 167936K, 14% used [0x00000000f0000000,0x00000000f1717988,0x00000000fa400000)
  from space 42496K, 84% used [0x00000000fd680000,0x00000000ff9adc30,0x0000000100000000)
  to   space 47104K, 0% used [0x00000000fa400000,0x00000000fa400000,0x00000000fd200000)
 ParOldGen       total 77312K, used 67352K [0x00000000d0000000, 0x00000000d4b80000, 0x00000000f0000000)
  object space 77312K, 87% used [0x00000000d0000000,0x00000000d41c6278,0x00000000d4b80000)
 Metaspace       used 62059K, capacity 63910K, committed 64088K, reserved 1105920K
  class space    used 6907K, capacity 7434K, committed 7552K, reserved 1048576K
GC Heap History (10 events):
Event: 19.386 GC heap before
{Heap before GC invocations=69 (full 5):
 PSYoungGen      total 218112K, used 183487K [0x00000000f0000000, 0x00000000ffd80000, 0x0000000100000000)
  eden space 175104K, 100% used [0x00000000f0000000,0x00000000fab00000,0x00000000fab00000)
  from space 43008K, 19% used [0x00000000fab00000,0x00000000fb32fe18,0x00000000fd500000)
  to   space 41472K, 0% used [0x00000000fd500000,0x00000000fd500000,0x00000000ffd80000)
 ParOldGen       total 77312K, used 67320K [0x00000000d0000000, 0x00000000d4b80000, 0x00000000f0000000)
  object space 77312K, 87% used [0x00000000d0000000,0x00000000d41be278,0x00000000d4b80000)
 Metaspace       used 56877K, capacity 58602K, committed 58968K, reserved 1101824K
  class space    used 6242K, capacity 6751K, committed 6784K, reserved 1048576K
Event: 19.411 GC heap after
Heap after GC invocations=69 (full 5):
 PSYoungGen      total 216064K, used 10797K [0x00000000f0000000, 0x00000000ffa80000, 0x0000000100000000)
  eden space 177664K, 0% used [0x00000000f0000000,0x00000000f0000000,0x00000000fad80000)
  from space 38400K, 28% used [0x00000000fd500000,0x00000000fdf8b528,0x00000000ffa80000)
  to   space 39424K, 0% used [0x00000000fad80000,0x00000000fad80000,0x00000000fd400000)
 ParOldGen       total 77312K, used 67328K [0x00000000d0000000, 0x00000000d4b80000, 0x00000000f0000000)
  object space 77312K, 87% used [0x00000000d0000000,0x00000000d41c0278,0x00000000d4b80000)
 Metaspace       used 56877K, capacity 58602K, committed 58968K, reserved 1101824K
  class space    used 6242K, capacity 6751K, committed 6784K, reserved 1048576K
}
Event: 20.466 GC heap before
{Heap before GC invocations=70 (full 5):
 PSYoungGen      total 216064K, used 188461K [0x00000000f0000000, 0x00000000ffa80000, 0x0000000100000000)
  eden space 177664K, 100% used [0x00000000f0000000,0x00000000fad80000,0x00000000fad80000)
  from space 38400K, 28% used [0x00000000fd500000,0x00000000fdf8b528,0x00000000ffa80000)
  to   space 39424K, 0% used [0x00000000fad80000,0x00000000fad80000,0x00000000fd400000)
 ParOldGen       total 77312K, used 67328K [0x00000000d0000000, 0x00000000d4b80000, 0x00000000f0000000)
  object space 77312K, 87% used [0x00000000d0000000,0x00000000d41c0278,0x00000000d4b80000)
 Metaspace       used 57557K, capacity 59308K, committed 59608K, reserved 1101824K
  class space    used 6329K, capacity 6827K, committed 6912K, reserved 1048576K
Event: 20.493 GC heap after
Heap after GC invocations=70 (full 5):
 PSYoungGen      total 217088K, used 15923K [0x00000000f0000000, 0x00000000ffd00000, 0x0000000100000000)
  eden space 177664K, 0% used [0x00000000f0000000,0x00000000f0000000,0x00000000fad80000)
  from space 39424K, 40% used [0x00000000fad80000,0x00000000fbd0cf60,0x00000000fd400000)
  to   space 37376K, 0% used [0x00000000fd880000,0x00000000fd880000,0x00000000ffd00000)
 ParOldGen       total 77312K, used 67328K [0x00000000d0000000, 0x00000000d4b80000, 0x00000000f0000000)
  object space 77312K, 87% used [0x00000000d0000000,0x00000000d41c0278,0x00000000d4b80000)
 Metaspace       used 57557K, capacity 59308K, committed 59608K, reserved 1101824K
  class space    used 6329K, capacity 6827K, committed 6912K, reserved 1048576K
}
Event: 21.754 GC heap before
{Heap before GC invocations=71 (full 5):
 PSYoungGen      total 217088K, used 193587K [0x00000000f0000000, 0x00000000ffd00000, 0x0000000100000000)
  eden space 177664K, 100% used [0x00000000f0000000,0x00000000fad80000,0x00000000fad80000)
  from space 39424K, 40% used [0x00000000fad80000,0x00000000fbd0cf60,0x00000000fd400000)
  to   space 37376K, 0% used [0x00000000fd880000,0x00000000fd880000,0x00000000ffd00000)
 ParOldGen       total 77312K, used 67328K [0x00000000d0000000, 0x00000000d4b80000, 0x00000000f0000000)
  object space 77312K, 87% used [0x00000000d0000000,0x00000000d41c0278,0x00000000d4b80000)
 Metaspace       used 59059K, capacity 60754K, committed 61016K, reserved 1103872K
  class space    used 6467K, capacity 6965K, committed 7040K, reserved 1048576K
Event: 21.799 GC heap after
Heap after GC invocations=71 (full 5):
 PSYoungGen      total 220160K, used 23954K [0x00000000f0000000, 0x0000000100000000, 0x0000000100000000)
  eden space 182784K, 0% used [0x00000000f0000000,0x00000000f0000000,0x00000000fb280000)
  from space 37376K, 64% used [0x00000000fd880000,0x00000000fefe4968,0x00000000ffd00000)
  to   space 38912K, 0% used [0x00000000fb280000,0x00000000fb280000,0x00000000fd880000)
 ParOldGen       total 77312K, used 67336K [0x00000000d0000000, 0x00000000d4b80000, 0x00000000f0000000)
  object space 77312K, 87% used [0x00000000d0000000,0x00000000d41c2278,0x00000000d4b80000)
 Metaspace       used 59059K, capacity 60754K, committed 61016K, reserved 1103872K
  class space    used 6467K, capacity 6965K, committed 7040K, reserved 1048576K
}
Event: 22.852 GC heap before
{Heap before GC invocations=72 (full 5):
 PSYoungGen      total 220160K, used 205151K [0x00000000f0000000, 0x0000000100000000, 0x0000000100000000)
  eden space 182784K, 99% used [0x00000000f0000000,0x00000000fb0f33a8,0x00000000fb280000)
  from space 37376K, 64% used [0x00000000fd880000,0x00000000fefe4968,0x00000000ffd00000)
  to   space 38912K, 0% used [0x00000000fb280000,0x00000000fb280000,0x00000000fd880000)
 ParOldGen       total 77312K, used 67336K [0x00000000d0000000, 0x00000000d4b80000, 0x00000000f0000000)
  object space 77312K, 87% used [0x00000000d0000000,0x00000000d41c2278,0x00000000d4b80000)
 Metaspace       used 60850K, capacity 62558K, committed 62808K, reserved 1105920K
  class space    used 6719K, capacity 7223K, committed 7296K, reserved 1048576K
Event: 22.889 GC heap after
Heap after GC invocations=72 (full 5):
 PSYoungGen      total 215040K, used 31950K [0x00000000f0000000, 0x0000000100000000, 0x0000000100000000)
  eden space 182784K, 0% used [0x00000000f0000000,0x00000000f0000000,0x00000000fb280000)
  from space 32256K, 99% used [0x00000000fb280000,0x00000000fd1b3828,0x00000000fd200000)
  to   space 42496K, 0% used [0x00000000fd680000,0x00000000fd680000,0x0000000100000000)
 ParOldGen       total 77312K, used 67344K [0x00000000d0000000, 0x00000000d4b80000, 0x00000000f0000000)
  object space 77312K, 87% used [0x00000000d0000000,0x00000000d41c4278,0x00000000d4b80000)
 Metaspace       used 60850K, capacity 62558K, committed 62808K, reserved 1105920K
  class space    used 6719K, capacity 7223K, committed 7296K, reserved 1048576K
}
Event: 23.728 GC heap before
{Heap before GC invocations=73 (full 5):
 PSYoungGen      total 215040K, used 210389K [0x00000000f0000000, 0x0000000100000000, 0x0000000100000000)
  eden space 182784K, 97% used [0x00000000f0000000,0x00000000fae41f80,0x00000000fb280000)
  from space 32256K, 99% used [0x00000000fb280000,0x00000000fd1b3828,0x00000000fd200000)
  to   space 42496K, 0% used [0x00000000fd680000,0x00000000fd680000,0x0000000100000000)
 ParOldGen       total 77312K, used 67344K [0x00000000d0000000, 0x00000000d4b80000, 0x00000000f0000000)
  object space 77312K, 87% used [0x00000000d0000000,0x00000000d41c4278,0x00000000d4b80000)
 Metaspace       used 61827K, capacity 63632K, committed 63704K, reserved 1105920K
  class space    used 6879K, capacity 7384K, committed 7424K, reserved 1048576K
Event: 23.778 GC heap after
Heap after GC invocations=73 (full 5):
 PSYoungGen      total 210432K, used 36023K [0x00000000f0000000, 0x0000000100000000, 0x0000000100000000)
  eden space 167936K, 0% used [0x00000000f0000000,0x00000000f0000000,0x00000000fa400000)
  from space 42496K, 84% used [0x00000000fd680000,0x00000000ff9adc30,0x0000000100000000)
  to   space 47104K, 0% used [0x00000000fa400000,0x00000000fa400000,0x00000000fd200000)
 ParOldGen       total 77312K, used 67352K [0x00000000d0000000, 0x00000000d4b80000, 0x00000000f0000000)
  object space 77312K, 87% used [0x00000000d0000000,0x00000000d41c6278,0x00000000d4b80000)
 Metaspace       used 61827K, capacity 63632K, committed 63704K, reserved 1105920K
  class space    used 6879K, capacity 7384K, committed 7424K, reserved 1048576K
}

