# JRE version: Java(TM) SE Runtime Environment (8.0_05-b13) (build 1.8.0_05-b13)
# Java VM: Java HotSpot(TM) 64-Bit Server VM (25.5-b02 mixed mode windows-amd64 compressed oops)
Heap:
 PSYoungGen      total 214528K, used 146766K [0x00000000f0000000, 0x0000000100000000, 0x0000000100000000)
  eden space 173568K, 64% used [0x00000000f0000000,0x00000000f6d2e6f8,0x00000000fa980000)
  from space 40960K, 85% used [0x00000000fd400000,0x00000000ff6251f8,0x00000000ffc00000)
  to   space 43520K, 0% used [0x00000000fa980000,0x00000000fa980000,0x00000000fd400000)
 ParOldGen       total 106496K, used 94295K [0x00000000d0000000, 0x00000000d6800000, 0x00000000f0000000)
  object space 106496K, 88% used [0x00000000d0000000,0x00000000d5c15cb0,0x00000000d6800000)
 Metaspace       used 69956K, capacity 71902K, committed 72228K, reserved 1114112K
  class space    used 7339K, capacity 7847K, committed 7972K, reserved 1048576K
GC Heap History (10 events):
Event: 40.937 GC heap before
{Heap before GC invocations=77 (full 7):
 PSYoungGen      total 205312K, used 24762K [0x00000000f0000000, 0x00000000ff500000, 0x0000000100000000)
  eden space 162816K, 0% used [0x00000000f0000000,0x00000000f0000000,0x00000000f9f00000)
  from space 42496K, 58% used [0x00000000fcb80000,0x00000000fe3aea80,0x00000000ff500000)
  to   space 44032K, 0% used [0x00000000f9f00000,0x00000000f9f00000,0x00000000fca00000)
 ParOldGen       total 90624K, used 85539K [0x00000000d0000000, 0x00000000d5880000, 0x00000000f0000000)
  object space 90624K, 94% used [0x00000000d0000000,0x00000000d5388fb0,0x00000000d5880000)
 Metaspace       used 64911K, capacity 66782K, committed 67236K, reserved 1110016K
  class space    used 6702K, capacity 7219K, committed 7332K, reserved 1048576K
Event: 41.790 GC heap after
Heap after GC invocations=77 (full 7):
 PSYoungGen      total 205312K, used 19464K [0x00000000f0000000, 0x00000000ff500000, 0x0000000100000000)
  eden space 162816K, 0% used [0x00000000f0000000,0x00000000f0000000,0x00000000f9f00000)
  from space 42496K, 45% used [0x00000000fcb80000,0x00000000fde82148,0x00000000ff500000)
  to   space 44032K, 0% used [0x00000000f9f00000,0x00000000f9f00000,0x00000000fca00000)
 ParOldGen       total 106496K, used 90324K [0x00000000d0000000, 0x00000000d6800000, 0x00000000f0000000)
  object space 106496K, 84% used [0x00000000d0000000,0x00000000d5835298,0x00000000d6800000)
 Metaspace       used 64911K, capacity 66782K, committed 67236K, reserved 1110016K
  class space    used 6702K, capacity 7219K, committed 7332K, reserved 1048576K
}
Event: 43.214 GC heap before
{Heap before GC invocations=78 (full 7):
 PSYoungGen      total 205312K, used 182280K [0x00000000f0000000, 0x00000000ff500000, 0x0000000100000000)
  eden space 162816K, 100% used [0x00000000f0000000,0x00000000f9f00000,0x00000000f9f00000)
  from space 42496K, 45% used [0x00000000fcb80000,0x00000000fde82148,0x00000000ff500000)
  to   space 44032K, 0% used [0x00000000f9f00000,0x00000000f9f00000,0x00000000fca00000)
 ParOldGen       total 106496K, used 90324K [0x00000000d0000000, 0x00000000d6800000, 0x00000000f0000000)
  object space 106496K, 84% used [0x00000000d0000000,0x00000000d5835298,0x00000000d6800000)
 Metaspace       used 65750K, capacity 67608K, committed 68004K, reserved 1110016K
  class space    used 6820K, capacity 7323K, committed 7332K, reserved 1048576K
Event: 43.269 GC heap after
Heap after GC invocations=78 (full 7):
 PSYoungGen      total 206848K, used 22958K [0x00000000f0000000, 0x00000000ffa00000, 0x0000000100000000)
  eden space 162816K, 0% used [0x00000000f0000000,0x00000000f0000000,0x00000000f9f00000)
  from space 44032K, 52% used [0x00000000f9f00000,0x00000000fb56bad0,0x00000000fca00000)
  to   space 42496K, 0% used [0x00000000fd080000,0x00000000fd080000,0x00000000ffa00000)
 ParOldGen       total 106496K, used 91662K [0x00000000d0000000, 0x00000000d6800000, 0x00000000f0000000)
  object space 106496K, 86% used [0x00000000d0000000,0x00000000d5983ad0,0x00000000d6800000)
 Metaspace       used 65750K, capacity 67608K, committed 68004K, reserved 1110016K
  class space    used 6820K, capacity 7323K, committed 7332K, reserved 1048576K
}
Event: 45.035 GC heap before
{Heap before GC invocations=79 (full 7):
 PSYoungGen      total 206848K, used 184227K [0x00000000f0000000, 0x00000000ffa00000, 0x0000000100000000)
  eden space 162816K, 99% used [0x00000000f0000000,0x00000000f9d7d238,0x00000000f9f00000)
  from space 44032K, 52% used [0x00000000f9f00000,0x00000000fb56bad0,0x00000000fca00000)
  to   space 42496K, 0% used [0x00000000fd080000,0x00000000fd080000,0x00000000ffa00000)
 ParOldGen       total 106496K, used 91662K [0x00000000d0000000, 0x00000000d6800000, 0x00000000f0000000)
  object space 106496K, 86% used [0x00000000d0000000,0x00000000d5983ad0,0x00000000d6800000)
 Metaspace       used 66625K, capacity 68440K, committed 68644K, reserved 1110016K
  class space    used 6943K, capacity 7451K, committed 7460K, reserved 1048576K
Event: 45.057 GC heap after
Heap after GC invocations=79 (full 7):
 PSYoungGen      total 208384K, used 23452K [0x00000000f0000000, 0x00000000ff600000, 0x0000000100000000)
  eden space 169984K, 0% used [0x00000000f0000000,0x00000000f0000000,0x00000000fa600000)
  from space 38400K, 61% used [0x00000000fd080000,0x00000000fe767170,0x00000000ff600000)
  to   space 40960K, 0% used [0x00000000fa600000,0x00000000fa600000,0x00000000fce00000)
 ParOldGen       total 106496K, used 92606K [0x00000000d0000000, 0x00000000d6800000, 0x00000000f0000000)
  object space 106496K, 86% used [0x00000000d0000000,0x00000000d5a6fad0,0x00000000d6800000)
 Metaspace       used 66625K, capacity 68440K, committed 68644K, reserved 1110016K
  class space    used 6943K, capacity 7451K, committed 7460K, reserved 1048576K
}
Event: 48.502 GC heap before
{Heap before GC invocations=80 (full 7):
 PSYoungGen      total 208384K, used 193436K [0x00000000f0000000, 0x00000000ff600000, 0x0000000100000000)
  eden space 169984K, 100% used [0x00000000f0000000,0x00000000fa600000,0x00000000fa600000)
  from space 38400K, 61% used [0x00000000fd080000,0x00000000fe767170,0x00000000ff600000)
  to   space 40960K, 0% used [0x00000000fa600000,0x00000000fa600000,0x00000000fce00000)
 ParOldGen       total 106496K, used 92606K [0x00000000d0000000, 0x00000000d6800000, 0x00000000f0000000)
  object space 106496K, 86% used [0x00000000d0000000,0x00000000d5a6fad0,0x00000000d6800000)
 Metaspace       used 67908K, capacity 69822K, committed 70052K, reserved 1112064K
  class space    used 7030K, capacity 7548K, committed 7588K, reserved 1048576K
Event: 48.526 GC heap after
Heap after GC invocations=80 (full 7):
 PSYoungGen      total 210944K, used 29520K [0x00000000f0000000, 0x00000000ffc00000, 0x0000000100000000)
  eden space 169984K, 0% used [0x00000000f0000000,0x00000000f0000000,0x00000000fa600000)
  from space 40960K, 72% used [0x00000000fa600000,0x00000000fc2d41d8,0x00000000fce00000)
  to   space 40960K, 0% used [0x00000000fd400000,0x00000000fd400000,0x00000000ffc00000)
 ParOldGen       total 106496K, used 94119K [0x00000000d0000000, 0x00000000d6800000, 0x00000000f0000000)
  object space 106496K, 88% used [0x00000000d0000000,0x00000000d5be9cb0,0x00000000d6800000)
 Metaspace       used 67908K, capacity 69822K, committed 70052K, reserved 1112064K
  class space    used 7030K, capacity 7548K, committed 7588K, reserved 1048576K
}
Event: 49.528 GC heap before
{Heap before GC invocations=81 (full 7):
 PSYoungGen      total 210944K, used 199504K [0x00000000f0000000, 0x00000000ffc00000, 0x0000000100000000)
  eden space 169984K, 100% used [0x00000000f0000000,0x00000000fa600000,0x00000000fa600000)
  from space 40960K, 72% used [0x00000000fa600000,0x00000000fc2d41d8,0x00000000fce00000)
  to   space 40960K, 0% used [0x00000000fd400000,0x00000000fd400000,0x00000000ffc00000)
 ParOldGen       total 106496K, used 94119K [0x00000000d0000000, 0x00000000d6800000, 0x00000000f0000000)
  object space 106496K, 88% used [0x00000000d0000000,0x00000000d5be9cb0,0x00000000d6800000)
 Metaspace       used 69452K, capacity 71272K, committed 71588K, reserved 1114112K
  class space    used 7257K, capacity 7747K, committed 7844K, reserved 1048576K
Event: 49.554 GC heap after
Heap after GC invocations=81 (full 7):
 PSYoungGen      total 214528K, used 34964K [0x00000000f0000000, 0x0000000100000000, 0x0000000100000000)
  eden space 173568K, 0% used [0x00000000f0000000,0x00000000f0000000,0x00000000fa980000)
  from space 40960K, 85% used [0x00000000fd400000,0x00000000ff6251f8,0x00000000ffc00000)
  to   space 43520K, 0% used [0x00000000fa980000,0x00000000fa980000,0x00000000fd400000)
 ParOldGen       total 106496K, used 94295K [0x00000000d0000000, 0x00000000d6800000, 0x00000000f0000000)
  object space 106496K, 88% used [0x00000000d0000000,0x00000000d5c15cb0,0x00000000d6800000)
 Metaspace       used 69452K, capacity 71272K, committed 71588K, reserved 1114112K
  class space    used 7257K, capacity 7747K, committed 7844K, reserved 1048576K
}

