# JRE version: Java(TM) SE Runtime Environment (8.0_05-b13) (build 1.8.0_05-b13)
# Java VM: Java HotSpot(TM) 64-Bit Server VM (25.5-b02 mixed mode windows-amd64 compressed oops)
Heap:
 PSYoungGen      total 176128K, used 135896K [0x00000000f0000000, 0x00000000fff00000, 0x0000000100000000)
  eden space 139264K, 77% used [0x00000000f0000000,0x00000000f697f7c0,0x00000000f8800000)
  from space 36864K, 75% used [0x00000000f8800000,0x00000000fa3368d8,0x00000000fac00000)
  to   space 60928K, 0% used [0x00000000fc380000,0x00000000fc380000,0x00000000fff00000)
 ParOldGen       total 116736K, used 97996K [0x00000000d0000000, 0x00000000d7200000, 0x00000000f0000000)
  object space 116736K, 83% used [0x00000000d0000000,0x00000000d5fb3190,0x00000000d7200000)
 Metaspace       used 69671K, capacity 71688K, committed 71936K, reserved 1114112K
  class space    used 7393K, capacity 7929K, committed 7936K, reserved 1048576K
GC Heap History (10 events):
Event: 27.446 GC heap before
{Heap before GC invocations=70 (full 5):
 PSYoungGen      total 198656K, used 183430K [0x00000000f0000000, 0x0000000100000000, 0x0000000100000000)
  eden space 141312K, 100% used [0x00000000f0000000,0x00000000f8a00000,0x00000000f8a00000)
  from space 57344K, 73% used [0x00000000fc800000,0x00000000ff121ba0,0x0000000100000000)
  to   space 60416K, 0% used [0x00000000f8a00000,0x00000000f8a00000,0x00000000fc500000)
 ParOldGen       total 81920K, used 72188K [0x00000000d0000000, 0x00000000d5000000, 0x00000000f0000000)
  object space 81920K, 88% used [0x00000000d0000000,0x00000000d467f0e0,0x00000000d5000000)
 Metaspace       used 67027K, capacity 68896K, committed 69248K, reserved 1112064K
  class space    used 6995K, capacity 7510K, committed 7552K, reserved 1048576K
Event: 27.486 GC heap after
Heap after GC invocations=70 (full 5):
 PSYoungGen      total 181760K, used 39982K [0x00000000f0000000, 0x0000000100000000, 0x0000000100000000)
  eden space 141312K, 0% used [0x00000000f0000000,0x00000000f0000000,0x00000000f8a00000)
  from space 40448K, 98% used [0x00000000f8a00000,0x00000000fb10b8d0,0x00000000fb180000)
  to   space 61440K, 0% used [0x00000000fc400000,0x00000000fc400000,0x0000000100000000)
 ParOldGen       total 81920K, used 78064K [0x00000000d0000000, 0x00000000d5000000, 0x00000000f0000000)
  object space 81920K, 95% used [0x00000000d0000000,0x00000000d4c3c2e0,0x00000000d5000000)
 Metaspace       used 67027K, capacity 68896K, committed 69248K, reserved 1112064K
  class space    used 6995K, capacity 7510K, committed 7552K, reserved 1048576K
}
Event: 27.486 GC heap before
{Heap before GC invocations=71 (full 6):
 PSYoungGen      total 181760K, used 39982K [0x00000000f0000000, 0x0000000100000000, 0x0000000100000000)
  eden space 141312K, 0% used [0x00000000f0000000,0x00000000f0000000,0x00000000f8a00000)
  from space 40448K, 98% used [0x00000000f8a00000,0x00000000fb10b8d0,0x00000000fb180000)
  to   space 61440K, 0% used [0x00000000fc400000,0x00000000fc400000,0x0000000100000000)
 ParOldGen       total 81920K, used 78064K [0x00000000d0000000, 0x00000000d5000000, 0x00000000f0000000)
  object space 81920K, 95% used [0x00000000d0000000,0x00000000d4c3c2e0,0x00000000d5000000)
 Metaspace       used 67027K, capacity 68896K, committed 69248K, reserved 1112064K
  class space    used 6995K, capacity 7510K, committed 7552K, reserved 1048576K
Event: 28.475 GC heap after
Heap after GC invocations=71 (full 6):
 PSYoungGen      total 181760K, used 34948K [0x00000000f0000000, 0x0000000100000000, 0x0000000100000000)
  eden space 141312K, 0% used [0x00000000f0000000,0x00000000f0000000,0x00000000f8a00000)
  from space 40448K, 86% used [0x00000000f8a00000,0x00000000fac211e0,0x00000000fb180000)
  to   space 61440K, 0% used [0x00000000fc400000,0x00000000fc400000,0x0000000100000000)
 ParOldGen       total 98304K, used 81897K [0x00000000d0000000, 0x00000000d6000000, 0x00000000f0000000)
  object space 98304K, 83% used [0x00000000d0000000,0x00000000d4ffa480,0x00000000d6000000)
 Metaspace       used 67023K, capacity 68890K, committed 69248K, reserved 1112064K
  class space    used 6994K, capacity 7509K, committed 7552K, reserved 1048576K
}
Event: 29.205 GC heap before
{Heap before GC invocations=72 (full 6):
 PSYoungGen      total 181760K, used 173559K [0x00000000f0000000, 0x0000000100000000, 0x0000000100000000)
  eden space 141312K, 98% used [0x00000000f0000000,0x00000000f875caa0,0x00000000f8a00000)
  from space 40448K, 86% used [0x00000000f8a00000,0x00000000fac211e0,0x00000000fb180000)
  to   space 61440K, 0% used [0x00000000fc400000,0x00000000fc400000,0x0000000100000000)
 ParOldGen       total 98304K, used 81897K [0x00000000d0000000, 0x00000000d6000000, 0x00000000f0000000)
  object space 98304K, 83% used [0x00000000d0000000,0x00000000d4ffa480,0x00000000d6000000)
 Metaspace       used 68645K, capacity 70592K, committed 70784K, reserved 1112064K
  class space    used 7230K, capacity 7734K, committed 7808K, reserved 1048576K
Event: 29.255 GC heap after
Heap after GC invocations=72 (full 6):
 PSYoungGen      total 200704K, used 37902K [0x00000000f0000000, 0x0000000100000000, 0x0000000100000000)
  eden space 139264K, 0% used [0x00000000f0000000,0x00000000f0000000,0x00000000f8800000)
  from space 61440K, 61% used [0x00000000fc400000,0x00000000fe903818,0x0000000100000000)
  to   space 61440K, 0% used [0x00000000f8800000,0x00000000f8800000,0x00000000fc400000)
 ParOldGen       total 98304K, used 86907K [0x00000000d0000000, 0x00000000d6000000, 0x00000000f0000000)
  object space 98304K, 88% used [0x00000000d0000000,0x00000000d54dece0,0x00000000d6000000)
 Metaspace       used 68645K, capacity 70592K, committed 70784K, reserved 1112064K
  class space    used 7230K, capacity 7734K, committed 7808K, reserved 1048576K
}
Event: 29.745 GC heap before
{Heap before GC invocations=73 (full 6):
 PSYoungGen      total 200704K, used 177166K [0x00000000f0000000, 0x0000000100000000, 0x0000000100000000)
  eden space 139264K, 100% used [0x00000000f0000000,0x00000000f8800000,0x00000000f8800000)
  from space 61440K, 61% used [0x00000000fc400000,0x00000000fe903818,0x0000000100000000)
  to   space 61440K, 0% used [0x00000000f8800000,0x00000000f8800000,0x00000000fc400000)
 ParOldGen       total 98304K, used 86907K [0x00000000d0000000, 0x00000000d6000000, 0x00000000f0000000)
  object space 98304K, 88% used [0x00000000d0000000,0x00000000d54dece0,0x00000000d6000000)
 Metaspace       used 69037K, capacity 70982K, committed 71424K, reserved 1112064K
  class space    used 7286K, capacity 7838K, committed 7936K, reserved 1048576K
Event: 29.778 GC heap after
Heap after GC invocations=73 (full 6):
 PSYoungGen      total 176128K, used 36753K [0x00000000f0000000, 0x00000000fff00000, 0x0000000100000000)
  eden space 139264K, 0% used [0x00000000f0000000,0x00000000f0000000,0x00000000f8800000)
  from space 36864K, 99% used [0x00000000f8800000,0x00000000fabe4650,0x00000000fac00000)
  to   space 60928K, 0% used [0x00000000fc380000,0x00000000fc380000,0x00000000fff00000)
 ParOldGen       total 98304K, used 89587K [0x00000000d0000000, 0x00000000d6000000, 0x00000000f0000000)
  object space 98304K, 91% used [0x00000000d0000000,0x00000000d577cce0,0x00000000d6000000)
 Metaspace       used 69037K, capacity 70982K, committed 71424K, reserved 1112064K
  class space    used 7286K, capacity 7838K, committed 7936K, reserved 1048576K
}
Event: 29.778 GC heap before
{Heap before GC invocations=74 (full 7):
 PSYoungGen      total 176128K, used 36753K [0x00000000f0000000, 0x00000000fff00000, 0x0000000100000000)
  eden space 139264K, 0% used [0x00000000f0000000,0x00000000f0000000,0x00000000f8800000)
  from space 36864K, 99% used [0x00000000f8800000,0x00000000fabe4650,0x00000000fac00000)
  to   space 60928K, 0% used [0x00000000fc380000,0x00000000fc380000,0x00000000fff00000)
 ParOldGen       total 98304K, used 89587K [0x00000000d0000000, 0x00000000d6000000, 0x00000000f0000000)
  object space 98304K, 91% used [0x00000000d0000000,0x00000000d577cce0,0x00000000d6000000)
 Metaspace       used 69037K, capacity 70982K, committed 71424K, reserved 1112064K
  class space    used 7286K, capacity 7838K, committed 7936K, reserved 1048576K
Event: 30.217 GC heap after
Heap after GC invocations=74 (full 7):
 PSYoungGen      total 176128K, used 27866K [0x00000000f0000000, 0x00000000fff00000, 0x0000000100000000)
  eden space 139264K, 0% used [0x00000000f0000000,0x00000000f0000000,0x00000000f8800000)
  from space 36864K, 75% used [0x00000000f8800000,0x00000000fa3368d8,0x00000000fac00000)
  to   space 60928K, 0% used [0x00000000fc380000,0x00000000fc380000,0x00000000fff00000)
 ParOldGen       total 116736K, used 97996K [0x00000000d0000000, 0x00000000d7200000, 0x00000000f0000000)
  object space 116736K, 83% used [0x00000000d0000000,0x00000000d5fb3190,0x00000000d7200000)
 Metaspace       used 69037K, capacity 70982K, committed 71424K, reserved 1112064K
  class space    used 7286K, capacity 7838K, committed 7936K, reserved 1048576K
}

