# JRE version: Java(TM) SE Runtime Environment (8.0_05-b13) (build 1.8.0_05-b13)
# Java VM: Java HotSpot(TM) 64-Bit Server VM (25.5-b02 mixed mode windows-amd64 compressed oops)
Heap:
 PSYoungGen      total 199168K, used 89164K [0x00000000f0000000, 0x0000000100000000, 0x0000000100000000)
  eden space 165376K, 33% used [0x00000000f0000000,0x00000000f3624d80,0x00000000fa180000)
  from space 33792K, 99% used [0x00000000fa180000,0x00000000fc26e5b0,0x00000000fc280000)
  to   space 49664K, 0% used [0x00000000fcf80000,0x00000000fcf80000,0x0000000100000000)
 ParOldGen       total 114176K, used 97826K [0x00000000d0000000, 0x00000000d6f80000, 0x00000000f0000000)
  object space 114176K, 85% used [0x00000000d0000000,0x00000000d5f88b00,0x00000000d6f80000)
 Metaspace       used 70324K, capacity 72334K, committed 72576K, reserved 1114112K
  class space    used 7432K, capacity 7954K, committed 8064K, reserved 1048576K
GC Heap History (10 events):
Event: 22.533 GC heap before
{Heap before GC invocations=61 (full 5):
 PSYoungGen      total 206336K, used 187622K [0x00000000f0000000, 0x00000000fff00000, 0x0000000100000000)
  eden space 160256K, 98% used [0x00000000f0000000,0x00000000f9a2d9c8,0x00000000f9c80000)
  from space 46080K, 64% used [0x00000000f9c80000,0x00000000fb98c1d0,0x00000000fc980000)
  to   space 47104K, 0% used [0x00000000fd100000,0x00000000fd100000,0x00000000fff00000)
 ParOldGen       total 96768K, used 83313K [0x00000000d0000000, 0x00000000d5e80000, 0x00000000f0000000)
  object space 96768K, 86% used [0x00000000d0000000,0x00000000d515c408,0x00000000d5e80000)
 Metaspace       used 66428K, capacity 68268K, committed 68736K, reserved 1110016K
  class space    used 6945K, capacity 7451K, committed 7552K, reserved 1048576K
Event: 22.563 GC heap after
Heap after GC invocations=61 (full 5):
 PSYoungGen      total 214016K, used 28056K [0x00000000f0000000, 0x00000000fff80000, 0x0000000100000000)
  eden space 166912K, 0% used [0x00000000f0000000,0x00000000f0000000,0x00000000fa300000)
  from space 47104K, 59% used [0x00000000fd100000,0x00000000fec661e8,0x00000000fff00000)
  to   space 47104K, 0% used [0x00000000fa300000,0x00000000fa300000,0x00000000fd100000)
 ParOldGen       total 96768K, used 87288K [0x00000000d0000000, 0x00000000d5e80000, 0x00000000f0000000)
  object space 96768K, 90% used [0x00000000d0000000,0x00000000d553e208,0x00000000d5e80000)
 Metaspace       used 66428K, capacity 68268K, committed 68736K, reserved 1110016K
  class space    used 6945K, capacity 7451K, committed 7552K, reserved 1048576K
}
Event: 23.533 GC heap before
{Heap before GC invocations=62 (full 5):
 PSYoungGen      total 214016K, used 194968K [0x00000000f0000000, 0x00000000fff80000, 0x0000000100000000)
  eden space 166912K, 100% used [0x00000000f0000000,0x00000000fa300000,0x00000000fa300000)
  from space 47104K, 59% used [0x00000000fd100000,0x00000000fec661e8,0x00000000fff00000)
  to   space 47104K, 0% used [0x00000000fa300000,0x00000000fa300000,0x00000000fd100000)
 ParOldGen       total 96768K, used 87288K [0x00000000d0000000, 0x00000000d5e80000, 0x00000000f0000000)
  object space 96768K, 90% used [0x00000000d0000000,0x00000000d553e208,0x00000000d5e80000)
 Metaspace       used 67593K, capacity 69426K, committed 69760K, reserved 1112064K
  class space    used 7017K, capacity 7516K, committed 7552K, reserved 1048576K
Event: 23.568 GC heap after
Heap after GC invocations=62 (full 5):
 PSYoungGen      total 200192K, used 32955K [0x00000000f0000000, 0x0000000100000000, 0x0000000100000000)
  eden space 166912K, 0% used [0x00000000f0000000,0x00000000f0000000,0x00000000fa300000)
  from space 33280K, 99% used [0x00000000fa300000,0x00000000fc32ec80,0x00000000fc380000)
  to   space 48640K, 0% used [0x00000000fd080000,0x00000000fd080000,0x0000000100000000)
 ParOldGen       total 96768K, used 88632K [0x00000000d0000000, 0x00000000d5e80000, 0x00000000f0000000)
  object space 96768K, 91% used [0x00000000d0000000,0x00000000d568e208,0x00000000d5e80000)
 Metaspace       used 67593K, capacity 69426K, committed 69760K, reserved 1112064K
  class space    used 7017K, capacity 7516K, committed 7552K, reserved 1048576K
}
Event: 23.568 GC heap before
{Heap before GC invocations=63 (full 6):
 PSYoungGen      total 200192K, used 32955K [0x00000000f0000000, 0x0000000100000000, 0x0000000100000000)
  eden space 166912K, 0% used [0x00000000f0000000,0x00000000f0000000,0x00000000fa300000)
  from space 33280K, 99% used [0x00000000fa300000,0x00000000fc32ec80,0x00000000fc380000)
  to   space 48640K, 0% used [0x00000000fd080000,0x00000000fd080000,0x0000000100000000)
 ParOldGen       total 96768K, used 88632K [0x00000000d0000000, 0x00000000d5e80000, 0x00000000f0000000)
  object space 96768K, 91% used [0x00000000d0000000,0x00000000d568e208,0x00000000d5e80000)
 Metaspace       used 67593K, capacity 69426K, committed 69760K, reserved 1112064K
  class space    used 7017K, capacity 7516K, committed 7552K, reserved 1048576K
Event: 24.334 GC heap after
Heap after GC invocations=63 (full 6):
 PSYoungGen      total 200192K, used 24567K [0x00000000f0000000, 0x0000000100000000, 0x0000000100000000)
  eden space 166912K, 0% used [0x00000000f0000000,0x00000000f0000000,0x00000000fa300000)
  from space 33280K, 73% used [0x00000000fa300000,0x00000000fbafdc70,0x00000000fc380000)
  to   space 48640K, 0% used [0x00000000fd080000,0x00000000fd080000,0x0000000100000000)
 ParOldGen       total 114176K, used 96370K [0x00000000d0000000, 0x00000000d6f80000, 0x00000000f0000000)
  object space 114176K, 84% used [0x00000000d0000000,0x00000000d5e1c940,0x00000000d6f80000)
 Metaspace       used 67589K, capacity 69420K, committed 69760K, reserved 1112064K
  class space    used 7017K, capacity 7515K, committed 7552K, reserved 1048576K
}
Event: 25.035 GC heap before
{Heap before GC invocations=64 (full 6):
 PSYoungGen      total 200192K, used 187173K [0x00000000f0000000, 0x0000000100000000, 0x0000000100000000)
  eden space 166912K, 97% used [0x00000000f0000000,0x00000000f9ecbb58,0x00000000fa300000)
  from space 33280K, 73% used [0x00000000fa300000,0x00000000fbafdc70,0x00000000fc380000)
  to   space 48640K, 0% used [0x00000000fd080000,0x00000000fd080000,0x0000000100000000)
 ParOldGen       total 114176K, used 96370K [0x00000000d0000000, 0x00000000d6f80000, 0x00000000f0000000)
  object space 114176K, 84% used [0x00000000d0000000,0x00000000d5e1c940,0x00000000d6f80000)
 Metaspace       used 69184K, capacity 70994K, committed 71296K, reserved 1112064K
  class space    used 7252K, capacity 7740K, committed 7808K, reserved 1048576K
Event: 25.072 GC heap after
Heap after GC invocations=64 (full 6):
 PSYoungGen      total 214016K, used 29690K [0x00000000f0000000, 0x0000000100000000, 0x0000000100000000)
  eden space 165376K, 0% used [0x00000000f0000000,0x00000000f0000000,0x00000000fa180000)
  from space 48640K, 61% used [0x00000000fd080000,0x00000000fed7e950,0x0000000100000000)
  to   space 48128K, 0% used [0x00000000fa180000,0x00000000fa180000,0x00000000fd080000)
 ParOldGen       total 114176K, used 97698K [0x00000000d0000000, 0x00000000d6f80000, 0x00000000f0000000)
  object space 114176K, 85% used [0x00000000d0000000,0x00000000d5f68b00,0x00000000d6f80000)
 Metaspace       used 69184K, capacity 70994K, committed 71296K, reserved 1112064K
  class space    used 7252K, capacity 7740K, committed 7808K, reserved 1048576K
}
Event: 25.825 GC heap before
{Heap before GC invocations=65 (full 6):
 PSYoungGen      total 214016K, used 190228K [0x00000000f0000000, 0x0000000100000000, 0x0000000100000000)
  eden space 165376K, 97% used [0x00000000f0000000,0x00000000f9cc67e0,0x00000000fa180000)
  from space 48640K, 61% used [0x00000000fd080000,0x00000000fed7e950,0x0000000100000000)
  to   space 48128K, 0% used [0x00000000fa180000,0x00000000fa180000,0x00000000fd080000)
 ParOldGen       total 114176K, used 97698K [0x00000000d0000000, 0x00000000d6f80000, 0x00000000f0000000)
  object space 114176K, 85% used [0x00000000d0000000,0x00000000d5f68b00,0x00000000d6f80000)
 Metaspace       used 69953K, capacity 71890K, committed 72192K, reserved 1114112K
  class space    used 7377K, capacity 7894K, committed 7936K, reserved 1048576K
Event: 25.847 GC heap after
Heap after GC invocations=65 (full 6):
 PSYoungGen      total 199168K, used 33721K [0x00000000f0000000, 0x0000000100000000, 0x0000000100000000)
  eden space 165376K, 0% used [0x00000000f0000000,0x00000000f0000000,0x00000000fa180000)
  from space 33792K, 99% used [0x00000000fa180000,0x00000000fc26e5b0,0x00000000fc280000)
  to   space 49664K, 0% used [0x00000000fcf80000,0x00000000fcf80000,0x0000000100000000)
 ParOldGen       total 114176K, used 97826K [0x00000000d0000000, 0x00000000d6f80000, 0x00000000f0000000)
  object space 114176K, 85% used [0x00000000d0000000,0x00000000d5f88b00,0x00000000d6f80000)
 Metaspace       used 69953K, capacity 71890K, committed 72192K, reserved 1114112K
  class space    used 7377K, capacity 7894K, committed 7936K, reserved 1048576K
}

