# JRE version: Java(TM) SE Runtime Environment (8.0_05-b13) (build 1.8.0_05-b13)
# Java VM: Java HotSpot(TM) 64-Bit Server VM (25.5-b02 mixed mode windows-amd64 compressed oops)
Heap:
 PSYoungGen      total 210944K, used 70346K [0x00000000f0000000, 0x0000000100000000, 0x0000000100000000)
  eden space 172032K, 18% used [0x00000000f0000000,0x00000000f1f016e8,0x00000000fa800000)
  from space 38912K, 99% used [0x00000000fa800000,0x00000000fcdb1490,0x00000000fce00000)
  to   space 49664K, 0% used [0x00000000fcf80000,0x00000000fcf80000,0x0000000100000000)
 ParOldGen       total 109056K, used 90280K [0x00000000d0000000, 0x00000000d6a80000, 0x00000000f0000000)
  object space 109056K, 82% used [0x00000000d0000000,0x00000000d582a368,0x00000000d6a80000)
 Metaspace       used 69578K, capacity 71482K, committed 71936K, reserved 1114112K
  class space    used 7320K, capacity 7811K, committed 7936K, reserved 1048576K
GC Heap History (10 events):
Event: 25.384 GC heap before
{Heap before GC invocations=68 (full 7):
 PSYoungGen      total 216064K, used 188417K [0x00000000f0000000, 0x00000000ffa00000, 0x0000000100000000)
  eden space 178176K, 99% used [0x00000000f0000000,0x00000000facaf268,0x00000000fae00000)
  from space 37888K, 30% used [0x00000000fd500000,0x00000000fe0514e8,0x00000000ffa00000)
  to   space 38912K, 0% used [0x00000000fae00000,0x00000000fae00000,0x00000000fd400000)
 ParOldGen       total 109056K, used 90248K [0x00000000d0000000, 0x00000000d6a80000, 0x00000000f0000000)
  object space 109056K, 82% used [0x00000000d0000000,0x00000000d5822368,0x00000000d6a80000)
 Metaspace       used 64646K, capacity 66534K, committed 66944K, reserved 1110016K
  class space    used 6692K, capacity 7219K, committed 7296K, reserved 1048576K
Event: 25.410 GC heap after
Heap after GC invocations=68 (full 7):
 PSYoungGen      total 217088K, used 18376K [0x00000000f0000000, 0x00000000ffe00000, 0x0000000100000000)
  eden space 178176K, 0% used [0x00000000f0000000,0x00000000f0000000,0x00000000fae00000)
  from space 38912K, 47% used [0x00000000fae00000,0x00000000fbff23a8,0x00000000fd400000)
  to   space 37888K, 0% used [0x00000000fd900000,0x00000000fd900000,0x00000000ffe00000)
 ParOldGen       total 109056K, used 90248K [0x00000000d0000000, 0x00000000d6a80000, 0x00000000f0000000)
  object space 109056K, 82% used [0x00000000d0000000,0x00000000d5822368,0x00000000d6a80000)
 Metaspace       used 64646K, capacity 66534K, committed 66944K, reserved 1110016K
  class space    used 6692K, capacity 7219K, committed 7296K, reserved 1048576K
}
Event: 26.249 GC heap before
{Heap before GC invocations=69 (full 7):
 PSYoungGen      total 217088K, used 196552K [0x00000000f0000000, 0x00000000ffe00000, 0x0000000100000000)
  eden space 178176K, 100% used [0x00000000f0000000,0x00000000fae00000,0x00000000fae00000)
  from space 38912K, 47% used [0x00000000fae00000,0x00000000fbff23a8,0x00000000fd400000)
  to   space 37888K, 0% used [0x00000000fd900000,0x00000000fd900000,0x00000000ffe00000)
 ParOldGen       total 109056K, used 90248K [0x00000000d0000000, 0x00000000d6a80000, 0x00000000f0000000)
  object space 109056K, 82% used [0x00000000d0000000,0x00000000d5822368,0x00000000d6a80000)
 Metaspace       used 65629K, capacity 67456K, committed 67840K, reserved 1110016K
  class space    used 6833K, capacity 7355K, committed 7424K, reserved 1048576K
Event: 26.272 GC heap after
Heap after GC invocations=69 (full 7):
 PSYoungGen      total 221184K, used 23674K [0x00000000f0000000, 0x00000000fff80000, 0x0000000100000000)
  eden space 183296K, 0% used [0x00000000f0000000,0x00000000f0000000,0x00000000fb300000)
  from space 37888K, 62% used [0x00000000fd900000,0x00000000ff01eac0,0x00000000ffe00000)
  to   space 38912K, 0% used [0x00000000fb300000,0x00000000fb300000,0x00000000fd900000)
 ParOldGen       total 109056K, used 90256K [0x00000000d0000000, 0x00000000d6a80000, 0x00000000f0000000)
  object space 109056K, 82% used [0x00000000d0000000,0x00000000d5824368,0x00000000d6a80000)
 Metaspace       used 65629K, capacity 67456K, committed 67840K, reserved 1110016K
  class space    used 6833K, capacity 7355K, committed 7424K, reserved 1048576K
}
Event: 26.915 GC heap before
{Heap before GC invocations=70 (full 7):
 PSYoungGen      total 221184K, used 206970K [0x00000000f0000000, 0x00000000fff80000, 0x0000000100000000)
  eden space 183296K, 100% used [0x00000000f0000000,0x00000000fb300000,0x00000000fb300000)
  from space 37888K, 62% used [0x00000000fd900000,0x00000000ff01eac0,0x00000000ffe00000)
  to   space 38912K, 0% used [0x00000000fb300000,0x00000000fb300000,0x00000000fd900000)
 ParOldGen       total 109056K, used 90256K [0x00000000d0000000, 0x00000000d6a80000, 0x00000000f0000000)
  object space 109056K, 82% used [0x00000000d0000000,0x00000000d5824368,0x00000000d6a80000)
 Metaspace       used 66459K, capacity 68326K, committed 68736K, reserved 1110016K
  class space    used 6942K, capacity 7452K, committed 7552K, reserved 1048576K
Event: 26.933 GC heap after
Heap after GC invocations=70 (full 7):
 PSYoungGen      total 222208K, used 24754K [0x00000000f0000000, 0x0000000100000000, 0x0000000100000000)
  eden space 183296K, 0% used [0x00000000f0000000,0x00000000f0000000,0x00000000fb300000)
  from space 38912K, 63% used [0x00000000fb300000,0x00000000fcb2c970,0x00000000fd900000)
  to   space 39936K, 0% used [0x00000000fd900000,0x00000000fd900000,0x0000000100000000)
 ParOldGen       total 109056K, used 90264K [0x00000000d0000000, 0x00000000d6a80000, 0x00000000f0000000)
  object space 109056K, 82% used [0x00000000d0000000,0x00000000d5826368,0x00000000d6a80000)
 Metaspace       used 66459K, capacity 68326K, committed 68736K, reserved 1110016K
  class space    used 6942K, capacity 7452K, committed 7552K, reserved 1048576K
}
Event: 28.046 GC heap before
{Heap before GC invocations=71 (full 7):
 PSYoungGen      total 222208K, used 208050K [0x00000000f0000000, 0x0000000100000000, 0x0000000100000000)
  eden space 183296K, 100% used [0x00000000f0000000,0x00000000fb300000,0x00000000fb300000)
  from space 38912K, 63% used [0x00000000fb300000,0x00000000fcb2c970,0x00000000fd900000)
  to   space 39936K, 0% used [0x00000000fd900000,0x00000000fd900000,0x0000000100000000)
 ParOldGen       total 109056K, used 90264K [0x00000000d0000000, 0x00000000d6a80000, 0x00000000f0000000)
  object space 109056K, 82% used [0x00000000d0000000,0x00000000d5826368,0x00000000d6a80000)
 Metaspace       used 68862K, capacity 70700K, committed 71040K, reserved 1112064K
  class space    used 7211K, capacity 7709K, committed 7808K, reserved 1048576K
Event: 28.072 GC heap after
Heap after GC invocations=71 (full 7):
 PSYoungGen      total 211968K, used 36410K [0x00000000f0000000, 0x0000000100000000, 0x0000000100000000)
  eden space 172032K, 0% used [0x00000000f0000000,0x00000000f0000000,0x00000000fa800000)
  from space 39936K, 91% used [0x00000000fd900000,0x00000000ffc8eac0,0x0000000100000000)
  to   space 45056K, 0% used [0x00000000fa800000,0x00000000fa800000,0x00000000fd400000)
 ParOldGen       total 109056K, used 90272K [0x00000000d0000000, 0x00000000d6a80000, 0x00000000f0000000)
  object space 109056K, 82% used [0x00000000d0000000,0x00000000d5828368,0x00000000d6a80000)
 Metaspace       used 68862K, capacity 70700K, committed 71040K, reserved 1112064K
  class space    used 7211K, capacity 7709K, committed 7808K, reserved 1048576K
}
Event: 28.580 GC heap before
{Heap before GC invocations=72 (full 7):
 PSYoungGen      total 211968K, used 208442K [0x00000000f0000000, 0x0000000100000000, 0x0000000100000000)
  eden space 172032K, 100% used [0x00000000f0000000,0x00000000fa800000,0x00000000fa800000)
  from space 39936K, 91% used [0x00000000fd900000,0x00000000ffc8eac0,0x0000000100000000)
  to   space 45056K, 0% used [0x00000000fa800000,0x00000000fa800000,0x00000000fd400000)
 ParOldGen       total 109056K, used 90272K [0x00000000d0000000, 0x00000000d6a80000, 0x00000000f0000000)
  object space 109056K, 82% used [0x00000000d0000000,0x00000000d5828368,0x00000000d6a80000)
 Metaspace       used 69402K, capacity 71256K, committed 71552K, reserved 1114112K
  class space    used 7284K, capacity 7783K, committed 7808K, reserved 1048576K
Event: 28.613 GC heap after
Heap after GC invocations=72 (full 7):
 PSYoungGen      total 210944K, used 38597K [0x00000000f0000000, 0x0000000100000000, 0x0000000100000000)
  eden space 172032K, 0% used [0x00000000f0000000,0x00000000f0000000,0x00000000fa800000)
  from space 38912K, 99% used [0x00000000fa800000,0x00000000fcdb1490,0x00000000fce00000)
  to   space 49664K, 0% used [0x00000000fcf80000,0x00000000fcf80000,0x0000000100000000)
 ParOldGen       total 109056K, used 90280K [0x00000000d0000000, 0x00000000d6a80000, 0x00000000f0000000)
  object space 109056K, 82% used [0x00000000d0000000,0x00000000d582a368,0x00000000d6a80000)
 Metaspace       used 69402K, capacity 71256K, committed 71552K, reserved 1114112K
  class space    used 7284K, capacity 7783K, committed 7808K, reserved 1048576K
}

