# JRE version: Java(TM) SE Runtime Environment (8.0_05-b13) (build 1.8.0_05-b13)
# Java VM: Java HotSpot(TM) 64-Bit Server VM (25.5-b02 mixed mode windows-amd64 compressed oops)
Heap:
 PSYoungGen      total 198144K, used 77191K [0x00000000f0000000, 0x0000000100000000, 0x0000000100000000)
  eden space 147456K, 20% used [0x00000000f0000000,0x00000000f1d6ea70,0x00000000f9000000)
  from space 50688K, 92% used [0x00000000fce80000,0x00000000ffc73320,0x0000000100000000)
  to   space 57344K, 0% used [0x00000000f9000000,0x00000000f9000000,0x00000000fc800000)
 ParOldGen       total 92160K, used 85030K [0x00000000d0000000, 0x00000000d5a00000, 0x00000000f0000000)
  object space 92160K, 92% used [0x00000000d0000000,0x00000000d5309968,0x00000000d5a00000)
 Metaspace       used 70354K, capacity 72372K, committed 72576K, reserved 1114112K
  class space    used 7447K, capacity 7966K, committed 8064K, reserved 1048576K
GC Heap History (10 events):
Event: 20.648 GC heap before
{Heap before GC invocations=64 (full 6):
 PSYoungGen      total 227328K, used 226934K [0x00000000f0000000, 0x0000000100000000, 0x0000000100000000)
  eden space 197632K, 100% used [0x00000000f0000000,0x00000000fc100000,0x00000000fc100000)
  from space 29696K, 98% used [0x00000000fc100000,0x00000000fdd9da08,0x00000000fde00000)
  to   space 34816K, 0% used [0x00000000fde00000,0x00000000fde00000,0x0000000100000000)
 ParOldGen       total 92160K, used 76845K [0x00000000d0000000, 0x00000000d5a00000, 0x00000000f0000000)
  object space 92160K, 83% used [0x00000000d0000000,0x00000000d4b0b640,0x00000000d5a00000)
 Metaspace       used 65378K, capacity 67180K, committed 67584K, reserved 1110016K
  class space    used 6805K, capacity 7323K, committed 7424K, reserved 1048576K
Event: 20.682 GC heap after
Heap after GC invocations=64 (full 6):
 PSYoungGen      total 219136K, used 32589K [0x00000000f0000000, 0x0000000100000000, 0x0000000100000000)
  eden space 184320K, 0% used [0x00000000f0000000,0x00000000f0000000,0x00000000fb400000)
  from space 34816K, 93% used [0x00000000fde00000,0x00000000ffdd36b8,0x0000000100000000)
  to   space 38912K, 0% used [0x00000000fb400000,0x00000000fb400000,0x00000000fda00000)
 ParOldGen       total 92160K, used 79885K [0x00000000d0000000, 0x00000000d5a00000, 0x00000000f0000000)
  object space 92160K, 86% used [0x00000000d0000000,0x00000000d4e03650,0x00000000d5a00000)
 Metaspace       used 65378K, capacity 67180K, committed 67584K, reserved 1110016K
  class space    used 6805K, capacity 7323K, committed 7424K, reserved 1048576K
}
Event: 21.254 GC heap before
{Heap before GC invocations=65 (full 6):
 PSYoungGen      total 219136K, used 210535K [0x00000000f0000000, 0x0000000100000000, 0x0000000100000000)
  eden space 184320K, 96% used [0x00000000f0000000,0x00000000fadc65a0,0x00000000fb400000)
  from space 34816K, 93% used [0x00000000fde00000,0x00000000ffdd36b8,0x0000000100000000)
  to   space 38912K, 0% used [0x00000000fb400000,0x00000000fb400000,0x00000000fda00000)
 ParOldGen       total 92160K, used 79885K [0x00000000d0000000, 0x00000000d5a00000, 0x00000000f0000000)
  object space 92160K, 86% used [0x00000000d0000000,0x00000000d4e03650,0x00000000d5a00000)
 Metaspace       used 66362K, capacity 68140K, committed 68480K, reserved 1110016K
  class space    used 6938K, capacity 7451K, committed 7552K, reserved 1048576K
Event: 21.287 GC heap after
Heap after GC invocations=65 (full 6):
 PSYoungGen      total 218624K, used 33887K [0x00000000f0000000, 0x0000000100000000, 0x0000000100000000)
  eden space 184320K, 0% used [0x00000000f0000000,0x00000000f0000000,0x00000000fb400000)
  from space 34304K, 98% used [0x00000000fb400000,0x00000000fd517fd0,0x00000000fd580000)
  to   space 41984K, 0% used [0x00000000fd700000,0x00000000fd700000,0x0000000100000000)
 ParOldGen       total 92160K, used 80853K [0x00000000d0000000, 0x00000000d5a00000, 0x00000000f0000000)
  object space 92160K, 87% used [0x00000000d0000000,0x00000000d4ef5650,0x00000000d5a00000)
 Metaspace       used 66362K, capacity 68140K, committed 68480K, reserved 1110016K
  class space    used 6938K, capacity 7451K, committed 7552K, reserved 1048576K
}
Event: 22.313 GC heap before
{Heap before GC invocations=66 (full 6):
 PSYoungGen      total 218624K, used 218207K [0x00000000f0000000, 0x0000000100000000, 0x0000000100000000)
  eden space 184320K, 100% used [0x00000000f0000000,0x00000000fb400000,0x00000000fb400000)
  from space 34304K, 98% used [0x00000000fb400000,0x00000000fd517fd0,0x00000000fd580000)
  to   space 41984K, 0% used [0x00000000fd700000,0x00000000fd700000,0x0000000100000000)
 ParOldGen       total 92160K, used 80853K [0x00000000d0000000, 0x00000000d5a00000, 0x00000000f0000000)
  object space 92160K, 87% used [0x00000000d0000000,0x00000000d4ef5650,0x00000000d5a00000)
 Metaspace       used 67696K, capacity 69586K, committed 70016K, reserved 1112064K
  class space    used 7034K, capacity 7548K, committed 7552K, reserved 1048576K
Event: 22.350 GC heap after
Heap after GC invocations=66 (full 6):
 PSYoungGen      total 209920K, used 40281K [0x00000000f0000000, 0x0000000100000000, 0x0000000100000000)
  eden space 167936K, 0% used [0x00000000f0000000,0x00000000f0000000,0x00000000fa400000)
  from space 41984K, 95% used [0x00000000fd700000,0x00000000ffe56510,0x0000000100000000)
  to   space 47104K, 0% used [0x00000000fa400000,0x00000000fa400000,0x00000000fd200000)
 ParOldGen       total 92160K, used 81965K [0x00000000d0000000, 0x00000000d5a00000, 0x00000000f0000000)
  object space 92160K, 88% used [0x00000000d0000000,0x00000000d500b650,0x00000000d5a00000)
 Metaspace       used 67696K, capacity 69586K, committed 70016K, reserved 1112064K
  class space    used 7034K, capacity 7548K, committed 7552K, reserved 1048576K
}
Event: 22.845 GC heap before
{Heap before GC invocations=67 (full 6):
 PSYoungGen      total 209920K, used 201349K [0x00000000f0000000, 0x0000000100000000, 0x0000000100000000)
  eden space 167936K, 95% used [0x00000000f0000000,0x00000000f9d4afd8,0x00000000fa400000)
  from space 41984K, 95% used [0x00000000fd700000,0x00000000ffe56510,0x0000000100000000)
  to   space 47104K, 0% used [0x00000000fa400000,0x00000000fa400000,0x00000000fd200000)
 ParOldGen       total 92160K, used 81965K [0x00000000d0000000, 0x00000000d5a00000, 0x00000000f0000000)
  object space 92160K, 88% used [0x00000000d0000000,0x00000000d500b650,0x00000000d5a00000)
 Metaspace       used 69149K, capacity 71036K, committed 71552K, reserved 1114112K
  class space    used 7253K, capacity 7747K, committed 7808K, reserved 1048576K
Event: 22.875 GC heap after
Heap after GC invocations=67 (full 6):
 PSYoungGen      total 211456K, used 43513K [0x00000000f0000000, 0x0000000100000000, 0x0000000100000000)
  eden space 167936K, 0% used [0x00000000f0000000,0x00000000f0000000,0x00000000fa400000)
  from space 43520K, 99% used [0x00000000fa400000,0x00000000fce7e4c8,0x00000000fce80000)
  to   space 50688K, 0% used [0x00000000fce80000,0x00000000fce80000,0x0000000100000000)
 ParOldGen       total 92160K, used 83822K [0x00000000d0000000, 0x00000000d5a00000, 0x00000000f0000000)
  object space 92160K, 90% used [0x00000000d0000000,0x00000000d51db928,0x00000000d5a00000)
 Metaspace       used 69149K, capacity 71036K, committed 71552K, reserved 1114112K
  class space    used 7253K, capacity 7747K, committed 7808K, reserved 1048576K
}
Event: 23.408 GC heap before
{Heap before GC invocations=68 (full 6):
 PSYoungGen      total 211456K, used 211449K [0x00000000f0000000, 0x0000000100000000, 0x0000000100000000)
  eden space 167936K, 100% used [0x00000000f0000000,0x00000000fa400000,0x00000000fa400000)
  from space 43520K, 99% used [0x00000000fa400000,0x00000000fce7e4c8,0x00000000fce80000)
  to   space 50688K, 0% used [0x00000000fce80000,0x00000000fce80000,0x0000000100000000)
 ParOldGen       total 92160K, used 83822K [0x00000000d0000000, 0x00000000d5a00000, 0x00000000f0000000)
  object space 92160K, 90% used [0x00000000d0000000,0x00000000d51db928,0x00000000d5a00000)
 Metaspace       used 70080K, capacity 72088K, committed 72576K, reserved 1114112K
  class space    used 7404K, capacity 7937K, committed 8064K, reserved 1048576K
Event: 23.469 GC heap after
Heap after GC invocations=68 (full 6):
 PSYoungGen      total 198144K, used 47052K [0x00000000f0000000, 0x0000000100000000, 0x0000000100000000)
  eden space 147456K, 0% used [0x00000000f0000000,0x00000000f0000000,0x00000000f9000000)
  from space 50688K, 92% used [0x00000000fce80000,0x00000000ffc73320,0x0000000100000000)
  to   space 57344K, 0% used [0x00000000f9000000,0x00000000f9000000,0x00000000fc800000)
 ParOldGen       total 92160K, used 85030K [0x00000000d0000000, 0x00000000d5a00000, 0x00000000f0000000)
  object space 92160K, 92% used [0x00000000d0000000,0x00000000d5309968,0x00000000d5a00000)
 Metaspace       used 70080K, capacity 72088K, committed 72576K, reserved 1114112K
  class space    used 7404K, capacity 7937K, committed 8064K, reserved 1048576K
}

