# JRE version: Java(TM) SE Runtime Environment (8.0_05-b13) (build 1.8.0_05-b13)
# Java VM: Java HotSpot(TM) 64-Bit Server VM (25.5-b02 mixed mode windows-amd64 compressed oops)
Heap:
 PSYoungGen      total 225280K, used 162001K [0x00000000f0000000, 0x0000000100000000, 0x0000000100000000)
  eden space 190464K, 67% used [0x00000000f0000000,0x00000000f7cb1a38,0x00000000fba00000)
  from space 34816K, 98% used [0x00000000fba00000,0x00000000fdb82ba8,0x00000000fdc00000)
  to   space 36864K, 0% used [0x00000000fdc00000,0x00000000fdc00000,0x0000000100000000)
 ParOldGen       total 89088K, used 76243K [0x00000000d0000000, 0x00000000d5700000, 0x00000000f0000000)
  object space 89088K, 85% used [0x00000000d0000000,0x00000000d4a74ee8,0x00000000d5700000)
 Metaspace       used 64383K, capacity 66458K, committed 66560K, reserved 1107968K
  class space    used 7021K, capacity 7592K, committed 7680K, reserved 1048576K
GC Heap History (10 events):
Event: 20.554 GC heap before
{Heap before GC invocations=70 (full 7):
 PSYoungGen      total 227328K, used 198109K [0x00000000f0000000, 0x00000000ffd80000, 0x0000000100000000)
  eden space 197120K, 97% used [0x00000000f0000000,0x00000000fbc885a8,0x00000000fc080000)
  from space 30208K, 16% used [0x00000000fe000000,0x00000000fe4ef180,0x00000000ffd80000)
  to   space 31232K, 0% used [0x00000000fc080000,0x00000000fc080000,0x00000000fdf00000)
 ParOldGen       total 89088K, used 74524K [0x00000000d0000000, 0x00000000d5700000, 0x00000000f0000000)
  object space 89088K, 83% used [0x00000000d0000000,0x00000000d48c7190,0x00000000d5700000)
 Metaspace       used 57940K, capacity 59654K, committed 60032K, reserved 1101824K
  class space    used 6193K, capacity 6701K, committed 6784K, reserved 1048576K
Event: 20.570 GC heap after
Heap after GC invocations=70 (full 7):
 PSYoungGen      total 228352K, used 9768K [0x00000000f0000000, 0x00000000ffd00000, 0x0000000100000000)
  eden space 197120K, 0% used [0x00000000f0000000,0x00000000f0000000,0x00000000fc080000)
  from space 31232K, 31% used [0x00000000fc080000,0x00000000fca0a2d0,0x00000000fdf00000)
  to   space 29184K, 0% used [0x00000000fe080000,0x00000000fe080000,0x00000000ffd00000)
 ParOldGen       total 89088K, used 74532K [0x00000000d0000000, 0x00000000d5700000, 0x00000000f0000000)
  object space 89088K, 83% used [0x00000000d0000000,0x00000000d48c9190,0x00000000d5700000)
 Metaspace       used 57940K, capacity 59654K, committed 60032K, reserved 1101824K
  class space    used 6193K, capacity 6701K, committed 6784K, reserved 1048576K
}
Event: 21.692 GC heap before
{Heap before GC invocations=71 (full 7):
 PSYoungGen      total 228352K, used 206888K [0x00000000f0000000, 0x00000000ffd00000, 0x0000000100000000)
  eden space 197120K, 100% used [0x00000000f0000000,0x00000000fc080000,0x00000000fc080000)
  from space 31232K, 31% used [0x00000000fc080000,0x00000000fca0a2d0,0x00000000fdf00000)
  to   space 29184K, 0% used [0x00000000fe080000,0x00000000fe080000,0x00000000ffd00000)
 ParOldGen       total 89088K, used 74532K [0x00000000d0000000, 0x00000000d5700000, 0x00000000f0000000)
  object space 89088K, 83% used [0x00000000d0000000,0x00000000d48c9190,0x00000000d5700000)
 Metaspace       used 58929K, capacity 60688K, committed 61184K, reserved 1103872K
  class space    used 6308K, capacity 6804K, committed 6912K, reserved 1048576K
Event: 21.716 GC heap after
Heap after GC invocations=71 (full 7):
 PSYoungGen      total 229888K, used 13210K [0x00000000f0000000, 0x00000000ffc00000, 0x0000000100000000)
  eden space 201728K, 0% used [0x00000000f0000000,0x00000000f0000000,0x00000000fc500000)
  from space 28160K, 46% used [0x00000000fe080000,0x00000000fed66958,0x00000000ffc00000)
  to   space 28160K, 0% used [0x00000000fc500000,0x00000000fc500000,0x00000000fe080000)
 ParOldGen       total 89088K, used 74540K [0x00000000d0000000, 0x00000000d5700000, 0x00000000f0000000)
  object space 89088K, 83% used [0x00000000d0000000,0x00000000d48cb190,0x00000000d5700000)
 Metaspace       used 58929K, capacity 60688K, committed 61184K, reserved 1103872K
  class space    used 6308K, capacity 6804K, committed 6912K, reserved 1048576K
}
Event: 22.890 GC heap before
{Heap before GC invocations=72 (full 7):
 PSYoungGen      total 229888K, used 214938K [0x00000000f0000000, 0x00000000ffc00000, 0x0000000100000000)
  eden space 201728K, 100% used [0x00000000f0000000,0x00000000fc500000,0x00000000fc500000)
  from space 28160K, 46% used [0x00000000fe080000,0x00000000fed66958,0x00000000ffc00000)
  to   space 28160K, 0% used [0x00000000fc500000,0x00000000fc500000,0x00000000fe080000)
 ParOldGen       total 89088K, used 74540K [0x00000000d0000000, 0x00000000d5700000, 0x00000000f0000000)
  object space 89088K, 83% used [0x00000000d0000000,0x00000000d48cb190,0x00000000d5700000)
 Metaspace       used 59938K, capacity 61702K, committed 62080K, reserved 1103872K
  class space    used 6448K, capacity 6982K, committed 7040K, reserved 1048576K
Event: 22.921 GC heap after
Heap after GC invocations=72 (full 7):
 PSYoungGen      total 229888K, used 19848K [0x00000000f0000000, 0x0000000100000000, 0x0000000100000000)
  eden space 201728K, 0% used [0x00000000f0000000,0x00000000f0000000,0x00000000fc500000)
  from space 28160K, 70% used [0x00000000fc500000,0x00000000fd862108,0x00000000fe080000)
  to   space 30208K, 0% used [0x00000000fe280000,0x00000000fe280000,0x0000000100000000)
 ParOldGen       total 89088K, used 74548K [0x00000000d0000000, 0x00000000d5700000, 0x00000000f0000000)
  object space 89088K, 83% used [0x00000000d0000000,0x00000000d48cd190,0x00000000d5700000)
 Metaspace       used 59938K, capacity 61702K, committed 62080K, reserved 1103872K
  class space    used 6448K, capacity 6982K, committed 7040K, reserved 1048576K
}
Event: 24.483 GC heap before
{Heap before GC invocations=73 (full 7):
 PSYoungGen      total 229888K, used 216431K [0x00000000f0000000, 0x0000000100000000, 0x0000000100000000)
  eden space 201728K, 97% used [0x00000000f0000000,0x00000000fbff9c90,0x00000000fc500000)
  from space 28160K, 70% used [0x00000000fc500000,0x00000000fd862108,0x00000000fe080000)
  to   space 30208K, 0% used [0x00000000fe280000,0x00000000fe280000,0x0000000100000000)
 ParOldGen       total 89088K, used 74548K [0x00000000d0000000, 0x00000000d5700000, 0x00000000f0000000)
  object space 89088K, 83% used [0x00000000d0000000,0x00000000d48cd190,0x00000000d5700000)
 Metaspace       used 62311K, capacity 64088K, committed 64384K, reserved 1105920K
  class space    used 6725K, capacity 7242K, committed 7296K, reserved 1048576K
Event: 24.533 GC heap after
Heap after GC invocations=73 (full 7):
 PSYoungGen      total 220672K, used 30194K [0x00000000f0000000, 0x0000000100000000, 0x0000000100000000)
  eden space 190464K, 0% used [0x00000000f0000000,0x00000000f0000000,0x00000000fba00000)
  from space 30208K, 99% used [0x00000000fe280000,0x00000000ffffcbd0,0x0000000100000000)
  to   space 35840K, 0% used [0x00000000fba00000,0x00000000fba00000,0x00000000fdd00000)
 ParOldGen       total 89088K, used 76235K [0x00000000d0000000, 0x00000000d5700000, 0x00000000f0000000)
  object space 89088K, 85% used [0x00000000d0000000,0x00000000d4a72ee8,0x00000000d5700000)
 Metaspace       used 62311K, capacity 64088K, committed 64384K, reserved 1105920K
  class space    used 6725K, capacity 7242K, committed 7296K, reserved 1048576K
}
Event: 25.421 GC heap before
{Heap before GC invocations=74 (full 7):
 PSYoungGen      total 220672K, used 220658K [0x00000000f0000000, 0x0000000100000000, 0x0000000100000000)
  eden space 190464K, 100% used [0x00000000f0000000,0x00000000fba00000,0x00000000fba00000)
  from space 30208K, 99% used [0x00000000fe280000,0x00000000ffffcbd0,0x0000000100000000)
  to   space 35840K, 0% used [0x00000000fba00000,0x00000000fba00000,0x00000000fdd00000)
 ParOldGen       total 89088K, used 76235K [0x00000000d0000000, 0x00000000d5700000, 0x00000000f0000000)
  object space 89088K, 85% used [0x00000000d0000000,0x00000000d4a72ee8,0x00000000d5700000)
 Metaspace       used 63196K, capacity 65032K, committed 65280K, reserved 1107968K
  class space    used 6858K, capacity 7378K, committed 7424K, reserved 1048576K
Event: 25.474 GC heap after
Heap after GC invocations=74 (full 7):
 PSYoungGen      total 225280K, used 34314K [0x00000000f0000000, 0x0000000100000000, 0x0000000100000000)
  eden space 190464K, 0% used [0x00000000f0000000,0x00000000f0000000,0x00000000fba00000)
  from space 34816K, 98% used [0x00000000fba00000,0x00000000fdb82ba8,0x00000000fdc00000)
  to   space 36864K, 0% used [0x00000000fdc00000,0x00000000fdc00000,0x0000000100000000)
 ParOldGen       total 89088K, used 76243K [0x00000000d0000000, 0x00000000d5700000, 0x00000000f0000000)
  object space 89088K, 85% used [0x00000000d0000000,0x00000000d4a74ee8,0x00000000d5700000)
 Metaspace       used 63196K, capacity 65032K, committed 65280K, reserved 1107968K
  class space    used 6858K, capacity 7378K, committed 7424K, reserved 1048576K
}

