# JRE version: Java(TM) SE Runtime Environment (8.0_05-b13) (build 1.8.0_05-b13)
# Java VM: Java HotSpot(TM) 64-Bit Server VM (25.5-b02 mixed mode windows-amd64 compressed oops)
Heap:
 PSYoungGen      total 204288K, used 177464K [0x00000000f0000000, 0x0000000100000000, 0x0000000100000000)
  eden space 152576K, 90% used [0x00000000f0000000,0x00000000f8672880,0x00000000f9500000)
  from space 51712K, 76% used [0x00000000fcd80000,0x00000000ff45b838,0x0000000100000000)
  to   space 54784K, 0% used [0x00000000f9500000,0x00000000f9500000,0x00000000fca80000)
 ParOldGen       total 73216K, used 66036K [0x00000000d0000000, 0x00000000d4780000, 0x00000000f0000000)
  object space 73216K, 90% used [0x00000000d0000000,0x00000000d407d298,0x00000000d4780000)
 Metaspace       used 63368K, capacity 65262K, committed 65636K, reserved 1107968K
  class space    used 6893K, capacity 7427K, committed 7552K, reserved 1048576K
GC Heap History (10 events):
Event: 27.127 GC heap before
{Heap before GC invocations=65 (full 4):
 PSYoungGen      total 216064K, used 209015K [0x00000000f0000000, 0x0000000100000000, 0x0000000100000000)
  eden space 176128K, 99% used [0x00000000f0000000,0x00000000fabfc4e8,0x00000000fac00000)
  from space 39936K, 82% used [0x00000000fd900000,0x00000000ff921938,0x0000000100000000)
  to   space 43008K, 0% used [0x00000000fac00000,0x00000000fac00000,0x00000000fd600000)
 ParOldGen       total 64000K, used 52168K [0x00000000d0000000, 0x00000000d3e80000, 0x00000000f0000000)
  object space 64000K, 81% used [0x00000000d0000000,0x00000000d32f2098,0x00000000d3e80000)
 Metaspace       used 58820K, capacity 60646K, committed 61156K, reserved 1103872K
  class space    used 6298K, capacity 6835K, committed 6912K, reserved 1048576K
Event: 27.157 GC heap after
Heap after GC invocations=65 (full 4):
 PSYoungGen      total 209920K, used 33361K [0x00000000f0000000, 0x0000000100000000, 0x0000000100000000)
  eden space 176128K, 0% used [0x00000000f0000000,0x00000000f0000000,0x00000000fac00000)
  from space 33792K, 98% used [0x00000000fac00000,0x00000000fcc947c8,0x00000000fcd00000)
  to   space 45568K, 0% used [0x00000000fd380000,0x00000000fd380000,0x0000000100000000)
 ParOldGen       total 64000K, used 53944K [0x00000000d0000000, 0x00000000d3e80000, 0x00000000f0000000)
  object space 64000K, 84% used [0x00000000d0000000,0x00000000d34ae098,0x00000000d3e80000)
 Metaspace       used 58820K, capacity 60646K, committed 61156K, reserved 1103872K
  class space    used 6298K, capacity 6835K, committed 6912K, reserved 1048576K
}
Event: 28.087 GC heap before
{Heap before GC invocations=66 (full 4):
 PSYoungGen      total 209920K, used 209489K [0x00000000f0000000, 0x0000000100000000, 0x0000000100000000)
  eden space 176128K, 100% used [0x00000000f0000000,0x00000000fac00000,0x00000000fac00000)
  from space 33792K, 98% used [0x00000000fac00000,0x00000000fcc947c8,0x00000000fcd00000)
  to   space 45568K, 0% used [0x00000000fd380000,0x00000000fd380000,0x0000000100000000)
 ParOldGen       total 64000K, used 53944K [0x00000000d0000000, 0x00000000d3e80000, 0x00000000f0000000)
  object space 64000K, 84% used [0x00000000d0000000,0x00000000d34ae098,0x00000000d3e80000)
 Metaspace       used 59658K, capacity 61466K, committed 61796K, reserved 1103872K
  class space    used 6408K, capacity 6946K, committed 7040K, reserved 1048576K
Event: 28.120 GC heap after
Heap after GC invocations=66 (full 4):
 PSYoungGen      total 211456K, used 34928K [0x00000000f0000000, 0x0000000100000000, 0x0000000100000000)
  eden space 165888K, 0% used [0x00000000f0000000,0x00000000f0000000,0x00000000fa200000)
  from space 45568K, 76% used [0x00000000fd380000,0x00000000ff59c2d8,0x0000000100000000)
  to   space 48128K, 0% used [0x00000000fa200000,0x00000000fa200000,0x00000000fd100000)
 ParOldGen       total 64000K, used 58264K [0x00000000d0000000, 0x00000000d3e80000, 0x00000000f0000000)
  object space 64000K, 91% used [0x00000000d0000000,0x00000000d38e60a8,0x00000000d3e80000)
 Metaspace       used 59658K, capacity 61466K, committed 61796K, reserved 1103872K
  class space    used 6408K, capacity 6946K, committed 7040K, reserved 1048576K
}
Event: 29.227 GC heap before
{Heap before GC invocations=67 (full 4):
 PSYoungGen      total 211456K, used 200816K [0x00000000f0000000, 0x0000000100000000, 0x0000000100000000)
  eden space 165888K, 100% used [0x00000000f0000000,0x00000000fa200000,0x00000000fa200000)
  from space 45568K, 76% used [0x00000000fd380000,0x00000000ff59c2d8,0x0000000100000000)
  to   space 48128K, 0% used [0x00000000fa200000,0x00000000fa200000,0x00000000fd100000)
 ParOldGen       total 64000K, used 58264K [0x00000000d0000000, 0x00000000d3e80000, 0x00000000f0000000)
  object space 64000K, 91% used [0x00000000d0000000,0x00000000d38e60a8,0x00000000d3e80000)
 Metaspace       used 61025K, capacity 62766K, committed 63204K, reserved 1105920K
  class space    used 6534K, capacity 7081K, committed 7168K, reserved 1048576K
Event: 29.275 GC heap after
Heap after GC invocations=67 (full 4):
 PSYoungGen      total 205312K, used 38978K [0x00000000f0000000, 0x0000000100000000, 0x0000000100000000)
  eden space 165888K, 0% used [0x00000000f0000000,0x00000000f0000000,0x00000000fa200000)
  from space 39424K, 98% used [0x00000000fa200000,0x00000000fc810b50,0x00000000fc880000)
  to   space 51712K, 0% used [0x00000000fcd80000,0x00000000fcd80000,0x0000000100000000)
 ParOldGen       total 64000K, used 61712K [0x00000000d0000000, 0x00000000d3e80000, 0x00000000f0000000)
  object space 64000K, 96% used [0x00000000d0000000,0x00000000d3c440b8,0x00000000d3e80000)
 Metaspace       used 61025K, capacity 62766K, committed 63204K, reserved 1105920K
  class space    used 6534K, capacity 7081K, committed 7168K, reserved 1048576K
}
Event: 29.275 GC heap before
{Heap before GC invocations=68 (full 5):
 PSYoungGen      total 205312K, used 38978K [0x00000000f0000000, 0x0000000100000000, 0x0000000100000000)
  eden space 165888K, 0% used [0x00000000f0000000,0x00000000f0000000,0x00000000fa200000)
  from space 39424K, 98% used [0x00000000fa200000,0x00000000fc810b50,0x00000000fc880000)
  to   space 51712K, 0% used [0x00000000fcd80000,0x00000000fcd80000,0x0000000100000000)
 ParOldGen       total 64000K, used 61712K [0x00000000d0000000, 0x00000000d3e80000, 0x00000000f0000000)
  object space 64000K, 96% used [0x00000000d0000000,0x00000000d3c440b8,0x00000000d3e80000)
 Metaspace       used 61025K, capacity 62766K, committed 63204K, reserved 1105920K
  class space    used 6534K, capacity 7081K, committed 7168K, reserved 1048576K
Event: 29.888 GC heap after
Heap after GC invocations=68 (full 5):
 PSYoungGen      total 205312K, used 35053K [0x00000000f0000000, 0x0000000100000000, 0x0000000100000000)
  eden space 165888K, 0% used [0x00000000f0000000,0x00000000f0000000,0x00000000fa200000)
  from space 39424K, 88% used [0x00000000fa200000,0x00000000fc43b700,0x00000000fc880000)
  to   space 51712K, 0% used [0x00000000fcd80000,0x00000000fcd80000,0x0000000100000000)
 ParOldGen       total 73216K, used 63531K [0x00000000d0000000, 0x00000000d4780000, 0x00000000f0000000)
  object space 73216K, 86% used [0x00000000d0000000,0x00000000d3e0ac30,0x00000000d4780000)
 Metaspace       used 61025K, capacity 62766K, committed 63204K, reserved 1105920K
  class space    used 6534K, capacity 7081K, committed 7168K, reserved 1048576K
}
Event: 30.828 GC heap before
{Heap before GC invocations=69 (full 5):
 PSYoungGen      total 205312K, used 200941K [0x00000000f0000000, 0x0000000100000000, 0x0000000100000000)
  eden space 165888K, 100% used [0x00000000f0000000,0x00000000fa200000,0x00000000fa200000)
  from space 39424K, 88% used [0x00000000fa200000,0x00000000fc43b700,0x00000000fc880000)
  to   space 51712K, 0% used [0x00000000fcd80000,0x00000000fcd80000,0x0000000100000000)
 ParOldGen       total 73216K, used 63531K [0x00000000d0000000, 0x00000000d4780000, 0x00000000f0000000)
  object space 73216K, 86% used [0x00000000d0000000,0x00000000d3e0ac30,0x00000000d4780000)
 Metaspace       used 62699K, capacity 64532K, committed 64996K, reserved 1107968K
  class space    used 6778K, capacity 7306K, committed 7424K, reserved 1048576K
Event: 30.871 GC heap after
Heap after GC invocations=69 (full 5):
 PSYoungGen      total 204288K, used 39790K [0x00000000f0000000, 0x0000000100000000, 0x0000000100000000)
  eden space 152576K, 0% used [0x00000000f0000000,0x00000000f0000000,0x00000000f9500000)
  from space 51712K, 76% used [0x00000000fcd80000,0x00000000ff45b838,0x0000000100000000)
  to   space 54784K, 0% used [0x00000000f9500000,0x00000000f9500000,0x00000000fca80000)
 ParOldGen       total 73216K, used 66036K [0x00000000d0000000, 0x00000000d4780000, 0x00000000f0000000)
  object space 73216K, 90% used [0x00000000d0000000,0x00000000d407d298,0x00000000d4780000)
 Metaspace       used 62699K, capacity 64532K, committed 64996K, reserved 1107968K
  class space    used 6778K, capacity 7306K, committed 7424K, reserved 1048576K
}

