# JRE version: Java(TM) SE Runtime Environment (8.0_05-b13) (build 1.8.0_05-b13)
# Java VM: Java HotSpot(TM) 64-Bit Server VM (25.5-b02 mixed mode windows-amd64 compressed oops)
Heap:
 PSYoungGen      total 189440K, used 106432K [0x00000000f0000000, 0x0000000100000000, 0x0000000100000000)
  eden space 120832K, 49% used [0x00000000f0000000,0x00000000f3a695b8,0x00000000f7600000)
  from space 68608K, 67% used [0x00000000fbd00000,0x00000000fea86aa0,0x0000000100000000)
  to   space 70656K, 0% used [0x00000000f7600000,0x00000000f7600000,0x00000000fbb00000)
 ParOldGen       total 116224K, used 105613K [0x00000000d0000000, 0x00000000d7180000, 0x00000000f0000000)
  object space 116224K, 90% used [0x00000000d0000000,0x00000000d6723768,0x00000000d7180000)
 Metaspace       used 79176K, capacity 81670K, committed 81792K, reserved 1122304K
  class space    used 8587K, capacity 9280K, committed 9344K, reserved 1048576K
GC Heap History (10 events):
Event: 20.553 GC heap before
{Heap before GC invocations=59 (full 5):
 PSYoungGen      total 210432K, used 210023K [0x00000000f0000000, 0x0000000100000000, 0x0000000100000000)
  eden space 169984K, 100% used [0x00000000f0000000,0x00000000fa600000,0x00000000fa600000)
  from space 40448K, 98% used [0x00000000fa600000,0x00000000fcd19fc0,0x00000000fcd80000)
  to   space 50688K, 0% used [0x00000000fce80000,0x00000000fce80000,0x0000000100000000)
 ParOldGen       total 116224K, used 101309K [0x00000000d0000000, 0x00000000d7180000, 0x00000000f0000000)
  object space 116224K, 87% used [0x00000000d0000000,0x00000000d62ef748,0x00000000d7180000)
 Metaspace       used 74729K, capacity 77054K, committed 77312K, reserved 1118208K
  class space    used 8037K, capacity 8674K, committed 8704K, reserved 1048576K
Event: 20.608 GC heap after
Heap after GC invocations=59 (full 5):
 PSYoungGen      total 200192K, used 44928K [0x00000000f0000000, 0x0000000100000000, 0x0000000100000000)
  eden space 149504K, 0% used [0x00000000f0000000,0x00000000f0000000,0x00000000f9200000)
  from space 50688K, 88% used [0x00000000fce80000,0x00000000ffa603e8,0x0000000100000000)
  to   space 56320K, 0% used [0x00000000f9200000,0x00000000f9200000,0x00000000fc900000)
 ParOldGen       total 116224K, used 101317K [0x00000000d0000000, 0x00000000d7180000, 0x00000000f0000000)
  object space 116224K, 87% used [0x00000000d0000000,0x00000000d62f1748,0x00000000d7180000)
 Metaspace       used 74729K, capacity 77054K, committed 77312K, reserved 1118208K
  class space    used 8037K, capacity 8674K, committed 8704K, reserved 1048576K
}
Event: 21.001 GC heap before
{Heap before GC invocations=60 (full 5):
 PSYoungGen      total 200192K, used 194432K [0x00000000f0000000, 0x0000000100000000, 0x0000000100000000)
  eden space 149504K, 100% used [0x00000000f0000000,0x00000000f9200000,0x00000000f9200000)
  from space 50688K, 88% used [0x00000000fce80000,0x00000000ffa603e8,0x0000000100000000)
  to   space 56320K, 0% used [0x00000000f9200000,0x00000000f9200000,0x00000000fc900000)
 ParOldGen       total 116224K, used 101317K [0x00000000d0000000, 0x00000000d7180000, 0x00000000f0000000)
  object space 116224K, 87% used [0x00000000d0000000,0x00000000d62f1748,0x00000000d7180000)
 Metaspace       used 76453K, capacity 78978K, committed 79104K, reserved 1120256K
  class space    used 8240K, capacity 8908K, committed 8960K, reserved 1048576K
Event: 21.169 GC heap after
Heap after GC invocations=60 (full 5):
 PSYoungGen      total 196096K, used 46554K [0x00000000f0000000, 0x0000000100000000, 0x0000000100000000)
  eden space 149504K, 0% used [0x00000000f0000000,0x00000000f0000000,0x00000000f9200000)
  from space 46592K, 99% used [0x00000000f9200000,0x00000000fbf76968,0x00000000fbf80000)
  to   space 60928K, 0% used [0x00000000fc480000,0x00000000fc480000,0x0000000100000000)
 ParOldGen       total 116224K, used 101549K [0x00000000d0000000, 0x00000000d7180000, 0x00000000f0000000)
  object space 116224K, 87% used [0x00000000d0000000,0x00000000d632b748,0x00000000d7180000)
 Metaspace       used 76453K, capacity 78978K, committed 79104K, reserved 1120256K
  class space    used 8240K, capacity 8908K, committed 8960K, reserved 1048576K
}
Event: 21.554 GC heap before
{Heap before GC invocations=61 (full 5):
 PSYoungGen      total 196096K, used 193549K [0x00000000f0000000, 0x0000000100000000, 0x0000000100000000)
  eden space 149504K, 98% used [0x00000000f0000000,0x00000000f8f8cb40,0x00000000f9200000)
  from space 46592K, 99% used [0x00000000f9200000,0x00000000fbf76968,0x00000000fbf80000)
  to   space 60928K, 0% used [0x00000000fc480000,0x00000000fc480000,0x0000000100000000)
 ParOldGen       total 116224K, used 101549K [0x00000000d0000000, 0x00000000d7180000, 0x00000000f0000000)
  object space 116224K, 87% used [0x00000000d0000000,0x00000000d632b748,0x00000000d7180000)
 Metaspace       used 77326K, capacity 79836K, committed 80000K, reserved 1120256K
  class space    used 8344K, capacity 9079K, committed 9088K, reserved 1048576K
Event: 21.639 GC heap after
Heap after GC invocations=61 (full 5):
 PSYoungGen      total 192000K, used 47467K [0x00000000f0000000, 0x0000000100000000, 0x0000000100000000)
  eden space 131072K, 0% used [0x00000000f0000000,0x00000000f0000000,0x00000000f8000000)
  from space 60928K, 77% used [0x00000000fc480000,0x00000000ff2daef8,0x0000000100000000)
  to   space 65536K, 0% used [0x00000000f8000000,0x00000000f8000000,0x00000000fc000000)
 ParOldGen       total 116224K, used 101701K [0x00000000d0000000, 0x00000000d7180000, 0x00000000f0000000)
  object space 116224K, 87% used [0x00000000d0000000,0x00000000d6351748,0x00000000d7180000)
 Metaspace       used 77326K, capacity 79836K, committed 80000K, reserved 1120256K
  class space    used 8344K, capacity 9079K, committed 9088K, reserved 1048576K
}
Event: 21.955 GC heap before
{Heap before GC invocations=62 (full 5):
 PSYoungGen      total 192000K, used 173519K [0x00000000f0000000, 0x0000000100000000, 0x0000000100000000)
  eden space 131072K, 96% used [0x00000000f0000000,0x00000000f7b190f0,0x00000000f8000000)
  from space 60928K, 77% used [0x00000000fc480000,0x00000000ff2daef8,0x0000000100000000)
  to   space 65536K, 0% used [0x00000000f8000000,0x00000000f8000000,0x00000000fc000000)
 ParOldGen       total 116224K, used 101701K [0x00000000d0000000, 0x00000000d7180000, 0x00000000f0000000)
  object space 116224K, 87% used [0x00000000d0000000,0x00000000d6351748,0x00000000d7180000)
 Metaspace       used 77818K, capacity 80342K, committed 80640K, reserved 1120256K
  class space    used 8404K, capacity 9124K, committed 9216K, reserved 1048576K
Event: 22.017 GC heap after
Heap after GC invocations=62 (full 5):
 PSYoungGen      total 178688K, used 47196K [0x00000000f0000000, 0x0000000100000000, 0x0000000100000000)
  eden space 131072K, 0% used [0x00000000f0000000,0x00000000f0000000,0x00000000f8000000)
  from space 47616K, 99% used [0x00000000f8000000,0x00000000fae17058,0x00000000fae80000)
  to   space 68608K, 0% used [0x00000000fbd00000,0x00000000fbd00000,0x0000000100000000)
 ParOldGen       total 116224K, used 102381K [0x00000000d0000000, 0x00000000d7180000, 0x00000000f0000000)
  object space 116224K, 88% used [0x00000000d0000000,0x00000000d63fb748,0x00000000d7180000)
 Metaspace       used 77818K, capacity 80342K, committed 80640K, reserved 1120256K
  class space    used 8404K, capacity 9124K, committed 9216K, reserved 1048576K
}
Event: 22.954 GC heap before
{Heap before GC invocations=63 (full 5):
 PSYoungGen      total 178688K, used 176089K [0x00000000f0000000, 0x0000000100000000, 0x0000000100000000)
  eden space 131072K, 98% used [0x00000000f0000000,0x00000000f7ddf720,0x00000000f8000000)
  from space 47616K, 99% used [0x00000000f8000000,0x00000000fae17058,0x00000000fae80000)
  to   space 68608K, 0% used [0x00000000fbd00000,0x00000000fbd00000,0x0000000100000000)
 ParOldGen       total 116224K, used 102381K [0x00000000d0000000, 0x00000000d7180000, 0x00000000f0000000)
  object space 116224K, 88% used [0x00000000d0000000,0x00000000d63fb748,0x00000000d7180000)
 Metaspace       used 78868K, capacity 81446K, committed 81792K, reserved 1122304K
  class space    used 8551K, capacity 9248K, committed 9344K, reserved 1048576K
Event: 23.006 GC heap after
Heap after GC invocations=63 (full 5):
 PSYoungGen      total 189440K, used 46618K [0x00000000f0000000, 0x0000000100000000, 0x0000000100000000)
  eden space 120832K, 0% used [0x00000000f0000000,0x00000000f0000000,0x00000000f7600000)
  from space 68608K, 67% used [0x00000000fbd00000,0x00000000fea86aa0,0x0000000100000000)
  to   space 70656K, 0% used [0x00000000f7600000,0x00000000f7600000,0x00000000fbb00000)
 ParOldGen       total 116224K, used 105613K [0x00000000d0000000, 0x00000000d7180000, 0x00000000f0000000)
  object space 116224K, 90% used [0x00000000d0000000,0x00000000d6723768,0x00000000d7180000)
 Metaspace       used 78868K, capacity 81446K, committed 81792K, reserved 1122304K
  class space    used 8551K, capacity 9248K, committed 9344K, reserved 1048576K
}

