# JRE version: Java(TM) SE Runtime Environment (8.0_05-b13) (build 1.8.0_05-b13)
# Java VM: Java HotSpot(TM) 64-Bit Server VM (25.5-b02 mixed mode windows-amd64 compressed oops)
Heap:
 PSYoungGen      total 212480K, used 141549K [0x00000000f0000000, 0x0000000100000000, 0x0000000100000000)
  eden space 171008K, 61% used [0x00000000f0000000,0x00000000f66a21c8,0x00000000fa700000)
  from space 41472K, 87% used [0x00000000fd780000,0x00000000ffb194b8,0x0000000100000000)
  to   space 45568K, 0% used [0x00000000fa700000,0x00000000fa700000,0x00000000fd380000)
 ParOldGen       total 110080K, used 91508K [0x00000000d0000000, 0x00000000d6b80000, 0x00000000f0000000)
  object space 110080K, 83% used [0x00000000d0000000,0x00000000d595d000,0x00000000d6b80000)
 Metaspace       used 69694K, capacity 71586K, committed 71936K, reserved 1114112K
  class space    used 7325K, capacity 7843K, committed 7936K, reserved 1048576K
GC Heap History (10 events):
Event: 15.425 GC heap before
{Heap before GC invocations=53 (full 5):
 PSYoungGen      total 214528K, used 181970K [0x00000000f0000000, 0x0000000100000000, 0x0000000100000000)
  eden space 171520K, 100% used [0x00000000f0000000,0x00000000fa780000,0x00000000fa780000)
  from space 43008K, 24% used [0x00000000fa780000,0x00000000fb1b48b8,0x00000000fd180000)
  to   space 42496K, 0% used [0x00000000fd680000,0x00000000fd680000,0x0000000100000000)
 ParOldGen       total 110080K, used 91468K [0x00000000d0000000, 0x00000000d6b80000, 0x00000000f0000000)
  object space 110080K, 83% used [0x00000000d0000000,0x00000000d5953000,0x00000000d6b80000)
 Metaspace       used 64481K, capacity 66282K, committed 66688K, reserved 1107968K
  class space    used 6666K, capacity 7180K, committed 7296K, reserved 1048576K
Event: 15.442 GC heap after
Heap after GC invocations=53 (full 5):
 PSYoungGen      total 214528K, used 15064K [0x00000000f0000000, 0x00000000ffb80000, 0x0000000100000000)
  eden space 176640K, 0% used [0x00000000f0000000,0x00000000f0000000,0x00000000fac80000)
  from space 37888K, 39% used [0x00000000fd680000,0x00000000fe536398,0x00000000ffb80000)
  to   space 40448K, 0% used [0x00000000fac80000,0x00000000fac80000,0x00000000fd400000)
 ParOldGen       total 110080K, used 91476K [0x00000000d0000000, 0x00000000d6b80000, 0x00000000f0000000)
  object space 110080K, 83% used [0x00000000d0000000,0x00000000d5955000,0x00000000d6b80000)
 Metaspace       used 64481K, capacity 66282K, committed 66688K, reserved 1107968K
  class space    used 6666K, capacity 7180K, committed 7296K, reserved 1048576K
}
Event: 16.167 GC heap before
{Heap before GC invocations=54 (full 5):
 PSYoungGen      total 214528K, used 191704K [0x00000000f0000000, 0x00000000ffb80000, 0x0000000100000000)
  eden space 176640K, 100% used [0x00000000f0000000,0x00000000fac80000,0x00000000fac80000)
  from space 37888K, 39% used [0x00000000fd680000,0x00000000fe536398,0x00000000ffb80000)
  to   space 40448K, 0% used [0x00000000fac80000,0x00000000fac80000,0x00000000fd400000)
 ParOldGen       total 110080K, used 91476K [0x00000000d0000000, 0x00000000d6b80000, 0x00000000f0000000)
  object space 110080K, 83% used [0x00000000d0000000,0x00000000d5955000,0x00000000d6b80000)
 Metaspace       used 65415K, capacity 67286K, committed 67584K, reserved 1110016K
  class space    used 6795K, capacity 7318K, committed 7424K, reserved 1048576K
Event: 16.193 GC heap after
Heap after GC invocations=54 (full 5):
 PSYoungGen      total 217088K, used 20826K [0x00000000f0000000, 0x0000000100000000, 0x0000000100000000)
  eden space 176640K, 0% used [0x00000000f0000000,0x00000000f0000000,0x00000000fac80000)
  from space 40448K, 51% used [0x00000000fac80000,0x00000000fc0d6ac0,0x00000000fd400000)
  to   space 39424K, 0% used [0x00000000fd980000,0x00000000fd980000,0x0000000100000000)
 ParOldGen       total 110080K, used 91484K [0x00000000d0000000, 0x00000000d6b80000, 0x00000000f0000000)
  object space 110080K, 83% used [0x00000000d0000000,0x00000000d5957000,0x00000000d6b80000)
 Metaspace       used 65415K, capacity 67286K, committed 67584K, reserved 1110016K
  class space    used 6795K, capacity 7318K, committed 7424K, reserved 1048576K
}
Event: 16.629 GC heap before
{Heap before GC invocations=55 (full 5):
 PSYoungGen      total 217088K, used 189836K [0x00000000f0000000, 0x0000000100000000, 0x0000000100000000)
  eden space 176640K, 95% used [0x00000000f0000000,0x00000000fa50c6d0,0x00000000fac80000)
  from space 40448K, 51% used [0x00000000fac80000,0x00000000fc0d6ac0,0x00000000fd400000)
  to   space 39424K, 0% used [0x00000000fd980000,0x00000000fd980000,0x0000000100000000)
 ParOldGen       total 110080K, used 91484K [0x00000000d0000000, 0x00000000d6b80000, 0x00000000f0000000)
  object space 110080K, 83% used [0x00000000d0000000,0x00000000d5957000,0x00000000d6b80000)
 Metaspace       used 66390K, capacity 68200K, committed 68736K, reserved 1110016K
  class space    used 6934K, capacity 7451K, committed 7552K, reserved 1048576K
Event: 16.676 GC heap after
Heap after GC invocations=55 (full 5):
 PSYoungGen      total 220672K, used 23899K [0x00000000f0000000, 0x00000000fff00000, 0x0000000100000000)
  eden space 182272K, 0% used [0x00000000f0000000,0x00000000f0000000,0x00000000fb200000)
  from space 38400K, 62% used [0x00000000fd980000,0x00000000ff0d6fb0,0x00000000fff00000)
  to   space 39424K, 0% used [0x00000000fb200000,0x00000000fb200000,0x00000000fd880000)
 ParOldGen       total 110080K, used 91492K [0x00000000d0000000, 0x00000000d6b80000, 0x00000000f0000000)
  object space 110080K, 83% used [0x00000000d0000000,0x00000000d5959000,0x00000000d6b80000)
 Metaspace       used 66390K, capacity 68200K, committed 68736K, reserved 1110016K
  class space    used 6934K, capacity 7451K, committed 7552K, reserved 1048576K
}
Event: 17.632 GC heap before
{Heap before GC invocations=56 (full 5):
 PSYoungGen      total 220672K, used 206171K [0x00000000f0000000, 0x00000000fff00000, 0x0000000100000000)
  eden space 182272K, 100% used [0x00000000f0000000,0x00000000fb200000,0x00000000fb200000)
  from space 38400K, 62% used [0x00000000fd980000,0x00000000ff0d6fb0,0x00000000fff00000)
  to   space 39424K, 0% used [0x00000000fb200000,0x00000000fb200000,0x00000000fd880000)
 ParOldGen       total 110080K, used 91492K [0x00000000d0000000, 0x00000000d6b80000, 0x00000000f0000000)
  object space 110080K, 83% used [0x00000000d0000000,0x00000000d5959000,0x00000000d6b80000)
 Metaspace       used 67637K, capacity 69422K, committed 69760K, reserved 1112064K
  class space    used 7013K, capacity 7516K, committed 7552K, reserved 1048576K
Event: 17.665 GC heap after
Heap after GC invocations=56 (full 5):
 PSYoungGen      total 212480K, used 29995K [0x00000000f0000000, 0x0000000100000000, 0x0000000100000000)
  eden space 182272K, 0% used [0x00000000f0000000,0x00000000f0000000,0x00000000fb200000)
  from space 30208K, 99% used [0x00000000fb200000,0x00000000fcf4afb0,0x00000000fcf80000)
  to   space 41472K, 0% used [0x00000000fd780000,0x00000000fd780000,0x0000000100000000)
 ParOldGen       total 110080K, used 91500K [0x00000000d0000000, 0x00000000d6b80000, 0x00000000f0000000)
  object space 110080K, 83% used [0x00000000d0000000,0x00000000d595b000,0x00000000d6b80000)
 Metaspace       used 67637K, capacity 69422K, committed 69760K, reserved 1112064K
  class space    used 7013K, capacity 7516K, committed 7552K, reserved 1048576K
}
Event: 18.225 GC heap before
{Heap before GC invocations=57 (full 5):
 PSYoungGen      total 212480K, used 211099K [0x00000000f0000000, 0x0000000100000000, 0x0000000100000000)
  eden space 182272K, 99% used [0x00000000f0000000,0x00000000fb0dbea8,0x00000000fb200000)
  from space 30208K, 99% used [0x00000000fb200000,0x00000000fcf4afb0,0x00000000fcf80000)
  to   space 41472K, 0% used [0x00000000fd780000,0x00000000fd780000,0x0000000100000000)
 ParOldGen       total 110080K, used 91500K [0x00000000d0000000, 0x00000000d6b80000, 0x00000000f0000000)
  object space 110080K, 83% used [0x00000000d0000000,0x00000000d595b000,0x00000000d6b80000)
 Metaspace       used 69276K, capacity 71096K, committed 71552K, reserved 1114112K
  class space    used 7255K, capacity 7747K, committed 7808K, reserved 1048576K
Event: 18.250 GC heap after
Heap after GC invocations=57 (full 5):
 PSYoungGen      total 212480K, used 36453K [0x00000000f0000000, 0x0000000100000000, 0x0000000100000000)
  eden space 171008K, 0% used [0x00000000f0000000,0x00000000f0000000,0x00000000fa700000)
  from space 41472K, 87% used [0x00000000fd780000,0x00000000ffb194b8,0x0000000100000000)
  to   space 45568K, 0% used [0x00000000fa700000,0x00000000fa700000,0x00000000fd380000)
 ParOldGen       total 110080K, used 91508K [0x00000000d0000000, 0x00000000d6b80000, 0x00000000f0000000)
  object space 110080K, 83% used [0x00000000d0000000,0x00000000d595d000,0x00000000d6b80000)
 Metaspace       used 69276K, capacity 71096K, committed 71552K, reserved 1114112K
  class space    used 7255K, capacity 7747K, committed 7808K, reserved 1048576K
}

